[2019-04-01 11:57:51] local.ERROR: ErrorException: Undefined index: name in /var/www/html/S7/S07-E01-lumen-videogame/resources/views/mavuetoto.php:10
Stack trace:
#0 /var/www/html/S7/S07-E01-lumen-videogame/resources/views/mavuetoto.php(10): Laravel\Lumen\Application->Laravel\Lumen\Concerns\{closure}(8, 'Undefined index...', '/var/www/html/S...', 10, Array)
#1 /var/www/html/S7/S07-E01-lumen-videogame/vendor/illuminate/view/Engines/PhpEngine.php(43): include('/var/www/html/S...')
#2 /var/www/html/S7/S07-E01-lumen-videogame/vendor/illuminate/view/Engines/PhpEngine.php(21): Illuminate\View\Engines\PhpEngine->evaluatePath('/var/www/html/S...', Array)
#3 /var/www/html/S7/S07-E01-lumen-videogame/vendor/illuminate/view/View.php(142): Illuminate\View\Engines\PhpEngine->get('/var/www/html/S...', Array)
#4 /var/www/html/S7/S07-E01-lumen-videogame/vendor/illuminate/view/View.php(125): Illuminate\View\View->getContents()
#5 /var/www/html/S7/S07-E01-lumen-videogame/vendor/illuminate/view/View.php(90): Illuminate\View\View->renderContents()
#6 /var/www/html/S7/S07-E01-lumen-videogame/vendor/illuminate/http/Response.php(42): Illuminate\View\View->render()
#7 /var/www/html/S7/S07-E01-lumen-videogame/vendor/symfony/http-foundation/Response.php(202): Illuminate\Http\Response->setContent(Object(Illuminate\View\View))
#8 /var/www/html/S7/S07-E01-lumen-videogame/vendor/laravel/lumen-framework/src/Concerns/RoutesRequests.php(436): Symfony\Component\HttpFoundation\Response->__construct(Object(Illuminate\View\View))
#9 /var/www/html/S7/S07-E01-lumen-videogame/vendor/laravel/lumen-framework/src/Concerns/RoutesRequests.php(289): Laravel\Lumen\Application->prepareResponse(Object(Illuminate\View\View))
#10 /var/www/html/S7/S07-E01-lumen-videogame/vendor/laravel/lumen-framework/src/Concerns/RoutesRequests.php(263): Laravel\Lumen\Application->callActionOnArrayBasedRoute(Array)
#11 /var/www/html/S7/S07-E01-lumen-videogame/vendor/laravel/lumen-framework/src/Concerns/RoutesRequests.php(165): Laravel\Lumen\Application->handleFoundRoute(Array)
#12 /var/www/html/S7/S07-E01-lumen-videogame/vendor/laravel/lumen-framework/src/Concerns/RoutesRequests.php(416): Laravel\Lumen\Application->Laravel\Lumen\Concerns\{closure}(Object(Laravel\Lumen\Http\Request))
#13 /var/www/html/S7/S07-E01-lumen-videogame/vendor/laravel/lumen-framework/src/Concerns/RoutesRequests.php(171): Laravel\Lumen\Application->sendThroughPipeline(Array, Object(Closure))
#14 /var/www/html/S7/S07-E01-lumen-videogame/vendor/laravel/lumen-framework/src/Concerns/RoutesRequests.php(108): Laravel\Lumen\Application->dispatch(NULL)
#15 /var/www/html/S7/S07-E01-lumen-videogame/public/index.php(28): Laravel\Lumen\Application->run()
#16 {main} {"exception":"[object] (ErrorException(code: 0): Undefined index: name at /var/www/html/S7/S07-E01-lumen-videogame/resources/views/mavuetoto.php:10)
[stacktrace]
#0 /var/www/html/S7/S07-E01-lumen-videogame/resources/views/mavuetoto.php(10): Laravel\\Lumen\\Application->Laravel\\Lumen\\Concerns\\{closure}(8, 'Undefined index...', '/var/www/html/S...', 10, Array)
#1 /var/www/html/S7/S07-E01-lumen-videogame/vendor/illuminate/view/Engines/PhpEngine.php(43): include('/var/www/html/S...')
#2 /var/www/html/S7/S07-E01-lumen-videogame/vendor/illuminate/view/Engines/PhpEngine.php(21): Illuminate\\View\\Engines\\PhpEngine->evaluatePath('/var/www/html/S...', Array)
#3 /var/www/html/S7/S07-E01-lumen-videogame/vendor/illuminate/view/View.php(142): Illuminate\\View\\Engines\\PhpEngine->get('/var/www/html/S...', Array)
#4 /var/www/html/S7/S07-E01-lumen-videogame/vendor/illuminate/view/View.php(125): Illuminate\\View\\View->getContents()
#5 /var/www/html/S7/S07-E01-lumen-videogame/vendor/illuminate/view/View.php(90): Illuminate\\View\\View->renderContents()
#6 /var/www/html/S7/S07-E01-lumen-videogame/vendor/illuminate/http/Response.php(42): Illuminate\\View\\View->render()
#7 /var/www/html/S7/S07-E01-lumen-videogame/vendor/symfony/http-foundation/Response.php(202): Illuminate\\Http\\Response->setContent(Object(Illuminate\\View\\View))
#8 /var/www/html/S7/S07-E01-lumen-videogame/vendor/laravel/lumen-framework/src/Concerns/RoutesRequests.php(436): Symfony\\Component\\HttpFoundation\\Response->__construct(Object(Illuminate\\View\\View))
#9 /var/www/html/S7/S07-E01-lumen-videogame/vendor/laravel/lumen-framework/src/Concerns/RoutesRequests.php(289): Laravel\\Lumen\\Application->prepareResponse(Object(Illuminate\\View\\View))
#10 /var/www/html/S7/S07-E01-lumen-videogame/vendor/laravel/lumen-framework/src/Concerns/RoutesRequests.php(263): Laravel\\Lumen\\Application->callActionOnArrayBasedRoute(Array)
#11 /var/www/html/S7/S07-E01-lumen-videogame/vendor/laravel/lumen-framework/src/Concerns/RoutesRequests.php(165): Laravel\\Lumen\\Application->handleFoundRoute(Array)
#12 /var/www/html/S7/S07-E01-lumen-videogame/vendor/laravel/lumen-framework/src/Concerns/RoutesRequests.php(416): Laravel\\Lumen\\Application->Laravel\\Lumen\\Concerns\\{closure}(Object(Laravel\\Lumen\\Http\\Request))
#13 /var/www/html/S7/S07-E01-lumen-videogame/vendor/laravel/lumen-framework/src/Concerns/RoutesRequests.php(171): Laravel\\Lumen\\Application->sendThroughPipeline(Array, Object(Closure))
#14 /var/www/html/S7/S07-E01-lumen-videogame/vendor/laravel/lumen-framework/src/Concerns/RoutesRequests.php(108): Laravel\\Lumen\\Application->dispatch(NULL)
#15 /var/www/html/S7/S07-E01-lumen-videogame/public/index.php(28): Laravel\\Lumen\\Application->run()
#16 {main}
"} 
[2019-04-01 13:40:18] local.ERROR: Symfony\Component\Debug\Exception\FatalThrowableError: Call to undefined function App\Http\Controllers\issest() in /var/www/html/S7/S07-E01-lumen-videogame/app/Http/Controllers/MainController.php:17
Stack trace:
#0 [internal function]: App\Http\Controllers\MainController->totoAction(Object(Laravel\Lumen\Http\Request))
#1 /var/www/html/S7/S07-E01-lumen-videogame/vendor/illuminate/container/BoundMethod.php(32): call_user_func_array(Array, Array)
#2 /var/www/html/S7/S07-E01-lumen-videogame/vendor/illuminate/container/BoundMethod.php(90): Illuminate\Container\BoundMethod::Illuminate\Container\{closure}()
#3 /var/www/html/S7/S07-E01-lumen-videogame/vendor/illuminate/container/BoundMethod.php(34): Illuminate\Container\BoundMethod::callBoundMethod(Object(Laravel\Lumen\Application), Array, Object(Closure))
#4 /var/www/html/S7/S07-E01-lumen-videogame/vendor/illuminate/container/Container.php(580): Illuminate\Container\BoundMethod::call(Object(Laravel\Lumen\Application), Array, Array, NULL)
#5 /var/www/html/S7/S07-E01-lumen-videogame/vendor/laravel/lumen-framework/src/Concerns/RoutesRequests.php(376): Illuminate\Container\Container->call(Array, Array)
#6 /var/www/html/S7/S07-E01-lumen-videogame/vendor/laravel/lumen-framework/src/Concerns/RoutesRequests.php(342): Laravel\Lumen\Application->callControllerCallable(Array, Array)
#7 /var/www/html/S7/S07-E01-lumen-videogame/vendor/laravel/lumen-framework/src/Concerns/RoutesRequests.php(316): Laravel\Lumen\Application->callLumenController(Object(App\Http\Controllers\MainController), 'totoAction', Array)
#8 /var/www/html/S7/S07-E01-lumen-videogame/vendor/laravel/lumen-framework/src/Concerns/RoutesRequests.php(278): Laravel\Lumen\Application->callControllerAction(Array)
#9 /var/www/html/S7/S07-E01-lumen-videogame/vendor/laravel/lumen-framework/src/Concerns/RoutesRequests.php(263): Laravel\Lumen\Application->callActionOnArrayBasedRoute(Array)
#10 /var/www/html/S7/S07-E01-lumen-videogame/vendor/laravel/lumen-framework/src/Concerns/RoutesRequests.php(165): Laravel\Lumen\Application->handleFoundRoute(Array)
#11 /var/www/html/S7/S07-E01-lumen-videogame/vendor/laravel/lumen-framework/src/Concerns/RoutesRequests.php(416): Laravel\Lumen\Application->Laravel\Lumen\Concerns\{closure}(Object(Laravel\Lumen\Http\Request))
#12 /var/www/html/S7/S07-E01-lumen-videogame/vendor/laravel/lumen-framework/src/Concerns/RoutesRequests.php(171): Laravel\Lumen\Application->sendThroughPipeline(Array, Object(Closure))
#13 /var/www/html/S7/S07-E01-lumen-videogame/vendor/laravel/lumen-framework/src/Concerns/RoutesRequests.php(108): Laravel\Lumen\Application->dispatch(NULL)
#14 /var/www/html/S7/S07-E01-lumen-videogame/public/index.php(28): Laravel\Lumen\Application->run()
#15 {main} {"exception":"[object] (Symfony\\Component\\Debug\\Exception\\FatalThrowableError(code: 0): Call to undefined function App\\Http\\Controllers\\issest() at /var/www/html/S7/S07-E01-lumen-videogame/app/Http/Controllers/MainController.php:17)
[stacktrace]
#0 [internal function]: App\\Http\\Controllers\\MainController->totoAction(Object(Laravel\\Lumen\\Http\\Request))
#1 /var/www/html/S7/S07-E01-lumen-videogame/vendor/illuminate/container/BoundMethod.php(32): call_user_func_array(Array, Array)
#2 /var/www/html/S7/S07-E01-lumen-videogame/vendor/illuminate/container/BoundMethod.php(90): Illuminate\\Container\\BoundMethod::Illuminate\\Container\\{closure}()
#3 /var/www/html/S7/S07-E01-lumen-videogame/vendor/illuminate/container/BoundMethod.php(34): Illuminate\\Container\\BoundMethod::callBoundMethod(Object(Laravel\\Lumen\\Application), Array, Object(Closure))
#4 /var/www/html/S7/S07-E01-lumen-videogame/vendor/illuminate/container/Container.php(580): Illuminate\\Container\\BoundMethod::call(Object(Laravel\\Lumen\\Application), Array, Array, NULL)
#5 /var/www/html/S7/S07-E01-lumen-videogame/vendor/laravel/lumen-framework/src/Concerns/RoutesRequests.php(376): Illuminate\\Container\\Container->call(Array, Array)
#6 /var/www/html/S7/S07-E01-lumen-videogame/vendor/laravel/lumen-framework/src/Concerns/RoutesRequests.php(342): Laravel\\Lumen\\Application->callControllerCallable(Array, Array)
#7 /var/www/html/S7/S07-E01-lumen-videogame/vendor/laravel/lumen-framework/src/Concerns/RoutesRequests.php(316): Laravel\\Lumen\\Application->callLumenController(Object(App\\Http\\Controllers\\MainController), 'totoAction', Array)
#8 /var/www/html/S7/S07-E01-lumen-videogame/vendor/laravel/lumen-framework/src/Concerns/RoutesRequests.php(278): Laravel\\Lumen\\Application->callControllerAction(Array)
#9 /var/www/html/S7/S07-E01-lumen-videogame/vendor/laravel/lumen-framework/src/Concerns/RoutesRequests.php(263): Laravel\\Lumen\\Application->callActionOnArrayBasedRoute(Array)
#10 /var/www/html/S7/S07-E01-lumen-videogame/vendor/laravel/lumen-framework/src/Concerns/RoutesRequests.php(165): Laravel\\Lumen\\Application->handleFoundRoute(Array)
#11 /var/www/html/S7/S07-E01-lumen-videogame/vendor/laravel/lumen-framework/src/Concerns/RoutesRequests.php(416): Laravel\\Lumen\\Application->Laravel\\Lumen\\Concerns\\{closure}(Object(Laravel\\Lumen\\Http\\Request))
#12 /var/www/html/S7/S07-E01-lumen-videogame/vendor/laravel/lumen-framework/src/Concerns/RoutesRequests.php(171): Laravel\\Lumen\\Application->sendThroughPipeline(Array, Object(Closure))
#13 /var/www/html/S7/S07-E01-lumen-videogame/vendor/laravel/lumen-framework/src/Concerns/RoutesRequests.php(108): Laravel\\Lumen\\Application->dispatch(NULL)
#14 /var/www/html/S7/S07-E01-lumen-videogame/public/index.php(28): Laravel\\Lumen\\Application->run()
#15 {main}
"} 
[2019-04-01 13:40:36] local.ERROR: Symfony\Component\Debug\Exception\FatalThrowableError: Call to undefined function App\Http\Controllers\reponse() in /var/www/html/S7/S07-E01-lumen-videogame/app/Http/Controllers/MainController.php:18
Stack trace:
#0 [internal function]: App\Http\Controllers\MainController->totoAction(Object(Laravel\Lumen\Http\Request))
#1 /var/www/html/S7/S07-E01-lumen-videogame/vendor/illuminate/container/BoundMethod.php(32): call_user_func_array(Array, Array)
#2 /var/www/html/S7/S07-E01-lumen-videogame/vendor/illuminate/container/BoundMethod.php(90): Illuminate\Container\BoundMethod::Illuminate\Container\{closure}()
#3 /var/www/html/S7/S07-E01-lumen-videogame/vendor/illuminate/container/BoundMethod.php(34): Illuminate\Container\BoundMethod::callBoundMethod(Object(Laravel\Lumen\Application), Array, Object(Closure))
#4 /var/www/html/S7/S07-E01-lumen-videogame/vendor/illuminate/container/Container.php(580): Illuminate\Container\BoundMethod::call(Object(Laravel\Lumen\Application), Array, Array, NULL)
#5 /var/www/html/S7/S07-E01-lumen-videogame/vendor/laravel/lumen-framework/src/Concerns/RoutesRequests.php(376): Illuminate\Container\Container->call(Array, Array)
#6 /var/www/html/S7/S07-E01-lumen-videogame/vendor/laravel/lumen-framework/src/Concerns/RoutesRequests.php(342): Laravel\Lumen\Application->callControllerCallable(Array, Array)
#7 /var/www/html/S7/S07-E01-lumen-videogame/vendor/laravel/lumen-framework/src/Concerns/RoutesRequests.php(316): Laravel\Lumen\Application->callLumenController(Object(App\Http\Controllers\MainController), 'totoAction', Array)
#8 /var/www/html/S7/S07-E01-lumen-videogame/vendor/laravel/lumen-framework/src/Concerns/RoutesRequests.php(278): Laravel\Lumen\Application->callControllerAction(Array)
#9 /var/www/html/S7/S07-E01-lumen-videogame/vendor/laravel/lumen-framework/src/Concerns/RoutesRequests.php(263): Laravel\Lumen\Application->callActionOnArrayBasedRoute(Array)
#10 /var/www/html/S7/S07-E01-lumen-videogame/vendor/laravel/lumen-framework/src/Concerns/RoutesRequests.php(165): Laravel\Lumen\Application->handleFoundRoute(Array)
#11 /var/www/html/S7/S07-E01-lumen-videogame/vendor/laravel/lumen-framework/src/Concerns/RoutesRequests.php(416): Laravel\Lumen\Application->Laravel\Lumen\Concerns\{closure}(Object(Laravel\Lumen\Http\Request))
#12 /var/www/html/S7/S07-E01-lumen-videogame/vendor/laravel/lumen-framework/src/Concerns/RoutesRequests.php(171): Laravel\Lumen\Application->sendThroughPipeline(Array, Object(Closure))
#13 /var/www/html/S7/S07-E01-lumen-videogame/vendor/laravel/lumen-framework/src/Concerns/RoutesRequests.php(108): Laravel\Lumen\Application->dispatch(NULL)
#14 /var/www/html/S7/S07-E01-lumen-videogame/public/index.php(28): Laravel\Lumen\Application->run()
#15 {main} {"exception":"[object] (Symfony\\Component\\Debug\\Exception\\FatalThrowableError(code: 0): Call to undefined function App\\Http\\Controllers\eponse() at /var/www/html/S7/S07-E01-lumen-videogame/app/Http/Controllers/MainController.php:18)
[stacktrace]
#0 [internal function]: App\\Http\\Controllers\\MainController->totoAction(Object(Laravel\\Lumen\\Http\\Request))
#1 /var/www/html/S7/S07-E01-lumen-videogame/vendor/illuminate/container/BoundMethod.php(32): call_user_func_array(Array, Array)
#2 /var/www/html/S7/S07-E01-lumen-videogame/vendor/illuminate/container/BoundMethod.php(90): Illuminate\\Container\\BoundMethod::Illuminate\\Container\\{closure}()
#3 /var/www/html/S7/S07-E01-lumen-videogame/vendor/illuminate/container/BoundMethod.php(34): Illuminate\\Container\\BoundMethod::callBoundMethod(Object(Laravel\\Lumen\\Application), Array, Object(Closure))
#4 /var/www/html/S7/S07-E01-lumen-videogame/vendor/illuminate/container/Container.php(580): Illuminate\\Container\\BoundMethod::call(Object(Laravel\\Lumen\\Application), Array, Array, NULL)
#5 /var/www/html/S7/S07-E01-lumen-videogame/vendor/laravel/lumen-framework/src/Concerns/RoutesRequests.php(376): Illuminate\\Container\\Container->call(Array, Array)
#6 /var/www/html/S7/S07-E01-lumen-videogame/vendor/laravel/lumen-framework/src/Concerns/RoutesRequests.php(342): Laravel\\Lumen\\Application->callControllerCallable(Array, Array)
#7 /var/www/html/S7/S07-E01-lumen-videogame/vendor/laravel/lumen-framework/src/Concerns/RoutesRequests.php(316): Laravel\\Lumen\\Application->callLumenController(Object(App\\Http\\Controllers\\MainController), 'totoAction', Array)
#8 /var/www/html/S7/S07-E01-lumen-videogame/vendor/laravel/lumen-framework/src/Concerns/RoutesRequests.php(278): Laravel\\Lumen\\Application->callControllerAction(Array)
#9 /var/www/html/S7/S07-E01-lumen-videogame/vendor/laravel/lumen-framework/src/Concerns/RoutesRequests.php(263): Laravel\\Lumen\\Application->callActionOnArrayBasedRoute(Array)
#10 /var/www/html/S7/S07-E01-lumen-videogame/vendor/laravel/lumen-framework/src/Concerns/RoutesRequests.php(165): Laravel\\Lumen\\Application->handleFoundRoute(Array)
#11 /var/www/html/S7/S07-E01-lumen-videogame/vendor/laravel/lumen-framework/src/Concerns/RoutesRequests.php(416): Laravel\\Lumen\\Application->Laravel\\Lumen\\Concerns\\{closure}(Object(Laravel\\Lumen\\Http\\Request))
#12 /var/www/html/S7/S07-E01-lumen-videogame/vendor/laravel/lumen-framework/src/Concerns/RoutesRequests.php(171): Laravel\\Lumen\\Application->sendThroughPipeline(Array, Object(Closure))
#13 /var/www/html/S7/S07-E01-lumen-videogame/vendor/laravel/lumen-framework/src/Concerns/RoutesRequests.php(108): Laravel\\Lumen\\Application->dispatch(NULL)
#14 /var/www/html/S7/S07-E01-lumen-videogame/public/index.php(28): Laravel\\Lumen\\Application->run()
#15 {main}
"} 
[2019-04-01 15:17:56] local.ERROR: InvalidArgumentException: View [home.tpl] not found. in /var/www/html/S7/S07-E01-lumen-videogame/vendor/illuminate/view/FileViewFinder.php:137
Stack trace:
#0 /var/www/html/S7/S07-E01-lumen-videogame/vendor/illuminate/view/FileViewFinder.php(79): Illuminate\View\FileViewFinder->findInPaths('home.tpl', Array)
#1 /var/www/html/S7/S07-E01-lumen-videogame/vendor/illuminate/view/Factory.php(130): Illuminate\View\FileViewFinder->find('home.tpl')
#2 /var/www/html/S7/S07-E01-lumen-videogame/vendor/laravel/lumen-framework/src/helpers.php(435): Illuminate\View\Factory->make('home.tpl', Array, Array)
#3 /var/www/html/S7/S07-E01-lumen-videogame/app/Http/Controllers/MainController.php(43): view('home.tpl', Array)
#4 [internal function]: App\Http\Controllers\MainController->home(Object(Laravel\Lumen\Http\Request))
#5 /var/www/html/S7/S07-E01-lumen-videogame/vendor/illuminate/container/BoundMethod.php(32): call_user_func_array(Array, Array)
#6 /var/www/html/S7/S07-E01-lumen-videogame/vendor/illuminate/container/BoundMethod.php(90): Illuminate\Container\BoundMethod::Illuminate\Container\{closure}()
#7 /var/www/html/S7/S07-E01-lumen-videogame/vendor/illuminate/container/BoundMethod.php(34): Illuminate\Container\BoundMethod::callBoundMethod(Object(Laravel\Lumen\Application), Array, Object(Closure))
#8 /var/www/html/S7/S07-E01-lumen-videogame/vendor/illuminate/container/Container.php(580): Illuminate\Container\BoundMethod::call(Object(Laravel\Lumen\Application), Array, Array, NULL)
#9 /var/www/html/S7/S07-E01-lumen-videogame/vendor/laravel/lumen-framework/src/Concerns/RoutesRequests.php(376): Illuminate\Container\Container->call(Array, Array)
#10 /var/www/html/S7/S07-E01-lumen-videogame/vendor/laravel/lumen-framework/src/Concerns/RoutesRequests.php(342): Laravel\Lumen\Application->callControllerCallable(Array, Array)
#11 /var/www/html/S7/S07-E01-lumen-videogame/vendor/laravel/lumen-framework/src/Concerns/RoutesRequests.php(316): Laravel\Lumen\Application->callLumenController(Object(App\Http\Controllers\MainController), 'home', Array)
#12 /var/www/html/S7/S07-E01-lumen-videogame/vendor/laravel/lumen-framework/src/Concerns/RoutesRequests.php(278): Laravel\Lumen\Application->callControllerAction(Array)
#13 /var/www/html/S7/S07-E01-lumen-videogame/vendor/laravel/lumen-framework/src/Concerns/RoutesRequests.php(263): Laravel\Lumen\Application->callActionOnArrayBasedRoute(Array)
#14 /var/www/html/S7/S07-E01-lumen-videogame/vendor/laravel/lumen-framework/src/Concerns/RoutesRequests.php(165): Laravel\Lumen\Application->handleFoundRoute(Array)
#15 /var/www/html/S7/S07-E01-lumen-videogame/vendor/laravel/lumen-framework/src/Concerns/RoutesRequests.php(416): Laravel\Lumen\Application->Laravel\Lumen\Concerns\{closure}(Object(Laravel\Lumen\Http\Request))
#16 /var/www/html/S7/S07-E01-lumen-videogame/vendor/laravel/lumen-framework/src/Concerns/RoutesRequests.php(171): Laravel\Lumen\Application->sendThroughPipeline(Array, Object(Closure))
#17 /var/www/html/S7/S07-E01-lumen-videogame/vendor/laravel/lumen-framework/src/Concerns/RoutesRequests.php(108): Laravel\Lumen\Application->dispatch(NULL)
#18 /var/www/html/S7/S07-E01-lumen-videogame/public/index.php(28): Laravel\Lumen\Application->run()
#19 {main} {"exception":"[object] (InvalidArgumentException(code: 0): View [home.tpl] not found. at /var/www/html/S7/S07-E01-lumen-videogame/vendor/illuminate/view/FileViewFinder.php:137)
[stacktrace]
#0 /var/www/html/S7/S07-E01-lumen-videogame/vendor/illuminate/view/FileViewFinder.php(79): Illuminate\\View\\FileViewFinder->findInPaths('home.tpl', Array)
#1 /var/www/html/S7/S07-E01-lumen-videogame/vendor/illuminate/view/Factory.php(130): Illuminate\\View\\FileViewFinder->find('home.tpl')
#2 /var/www/html/S7/S07-E01-lumen-videogame/vendor/laravel/lumen-framework/src/helpers.php(435): Illuminate\\View\\Factory->make('home.tpl', Array, Array)
#3 /var/www/html/S7/S07-E01-lumen-videogame/app/Http/Controllers/MainController.php(43): view('home.tpl', Array)
#4 [internal function]: App\\Http\\Controllers\\MainController->home(Object(Laravel\\Lumen\\Http\\Request))
#5 /var/www/html/S7/S07-E01-lumen-videogame/vendor/illuminate/container/BoundMethod.php(32): call_user_func_array(Array, Array)
#6 /var/www/html/S7/S07-E01-lumen-videogame/vendor/illuminate/container/BoundMethod.php(90): Illuminate\\Container\\BoundMethod::Illuminate\\Container\\{closure}()
#7 /var/www/html/S7/S07-E01-lumen-videogame/vendor/illuminate/container/BoundMethod.php(34): Illuminate\\Container\\BoundMethod::callBoundMethod(Object(Laravel\\Lumen\\Application), Array, Object(Closure))
#8 /var/www/html/S7/S07-E01-lumen-videogame/vendor/illuminate/container/Container.php(580): Illuminate\\Container\\BoundMethod::call(Object(Laravel\\Lumen\\Application), Array, Array, NULL)
#9 /var/www/html/S7/S07-E01-lumen-videogame/vendor/laravel/lumen-framework/src/Concerns/RoutesRequests.php(376): Illuminate\\Container\\Container->call(Array, Array)
#10 /var/www/html/S7/S07-E01-lumen-videogame/vendor/laravel/lumen-framework/src/Concerns/RoutesRequests.php(342): Laravel\\Lumen\\Application->callControllerCallable(Array, Array)
#11 /var/www/html/S7/S07-E01-lumen-videogame/vendor/laravel/lumen-framework/src/Concerns/RoutesRequests.php(316): Laravel\\Lumen\\Application->callLumenController(Object(App\\Http\\Controllers\\MainController), 'home', Array)
#12 /var/www/html/S7/S07-E01-lumen-videogame/vendor/laravel/lumen-framework/src/Concerns/RoutesRequests.php(278): Laravel\\Lumen\\Application->callControllerAction(Array)
#13 /var/www/html/S7/S07-E01-lumen-videogame/vendor/laravel/lumen-framework/src/Concerns/RoutesRequests.php(263): Laravel\\Lumen\\Application->callActionOnArrayBasedRoute(Array)
#14 /var/www/html/S7/S07-E01-lumen-videogame/vendor/laravel/lumen-framework/src/Concerns/RoutesRequests.php(165): Laravel\\Lumen\\Application->handleFoundRoute(Array)
#15 /var/www/html/S7/S07-E01-lumen-videogame/vendor/laravel/lumen-framework/src/Concerns/RoutesRequests.php(416): Laravel\\Lumen\\Application->Laravel\\Lumen\\Concerns\\{closure}(Object(Laravel\\Lumen\\Http\\Request))
#16 /var/www/html/S7/S07-E01-lumen-videogame/vendor/laravel/lumen-framework/src/Concerns/RoutesRequests.php(171): Laravel\\Lumen\\Application->sendThroughPipeline(Array, Object(Closure))
#17 /var/www/html/S7/S07-E01-lumen-videogame/vendor/laravel/lumen-framework/src/Concerns/RoutesRequests.php(108): Laravel\\Lumen\\Application->dispatch(NULL)
#18 /var/www/html/S7/S07-E01-lumen-videogame/public/index.php(28): Laravel\\Lumen\\Application->run()
#19 {main}
"} 
[2019-04-01 15:18:56] local.ERROR: InvalidArgumentException: View [admin.tpl] not found. in /var/www/html/S7/S07-E01-lumen-videogame/vendor/illuminate/view/FileViewFinder.php:137
Stack trace:
#0 /var/www/html/S7/S07-E01-lumen-videogame/vendor/illuminate/view/FileViewFinder.php(79): Illuminate\View\FileViewFinder->findInPaths('admin.tpl', Array)
#1 /var/www/html/S7/S07-E01-lumen-videogame/vendor/illuminate/view/Factory.php(130): Illuminate\View\FileViewFinder->find('admin.tpl')
#2 /var/www/html/S7/S07-E01-lumen-videogame/vendor/laravel/lumen-framework/src/helpers.php(435): Illuminate\View\Factory->make('admin.tpl', Array, Array)
#3 /var/www/html/S7/S07-E01-lumen-videogame/app/Http/Controllers/MainController.php(39): view('admin.tpl', Array)
#4 [internal function]: App\Http\Controllers\MainController->admin(Object(Laravel\Lumen\Http\Request))
#5 /var/www/html/S7/S07-E01-lumen-videogame/vendor/illuminate/container/BoundMethod.php(32): call_user_func_array(Array, Array)
#6 /var/www/html/S7/S07-E01-lumen-videogame/vendor/illuminate/container/BoundMethod.php(90): Illuminate\Container\BoundMethod::Illuminate\Container\{closure}()
#7 /var/www/html/S7/S07-E01-lumen-videogame/vendor/illuminate/container/BoundMethod.php(34): Illuminate\Container\BoundMethod::callBoundMethod(Object(Laravel\Lumen\Application), Array, Object(Closure))
#8 /var/www/html/S7/S07-E01-lumen-videogame/vendor/illuminate/container/Container.php(580): Illuminate\Container\BoundMethod::call(Object(Laravel\Lumen\Application), Array, Array, NULL)
#9 /var/www/html/S7/S07-E01-lumen-videogame/vendor/laravel/lumen-framework/src/Concerns/RoutesRequests.php(376): Illuminate\Container\Container->call(Array, Array)
#10 /var/www/html/S7/S07-E01-lumen-videogame/vendor/laravel/lumen-framework/src/Concerns/RoutesRequests.php(342): Laravel\Lumen\Application->callControllerCallable(Array, Array)
#11 /var/www/html/S7/S07-E01-lumen-videogame/vendor/laravel/lumen-framework/src/Concerns/RoutesRequests.php(316): Laravel\Lumen\Application->callLumenController(Object(App\Http\Controllers\MainController), 'admin', Array)
#12 /var/www/html/S7/S07-E01-lumen-videogame/vendor/laravel/lumen-framework/src/Concerns/RoutesRequests.php(278): Laravel\Lumen\Application->callControllerAction(Array)
#13 /var/www/html/S7/S07-E01-lumen-videogame/vendor/laravel/lumen-framework/src/Concerns/RoutesRequests.php(263): Laravel\Lumen\Application->callActionOnArrayBasedRoute(Array)
#14 /var/www/html/S7/S07-E01-lumen-videogame/vendor/laravel/lumen-framework/src/Concerns/RoutesRequests.php(165): Laravel\Lumen\Application->handleFoundRoute(Array)
#15 /var/www/html/S7/S07-E01-lumen-videogame/vendor/laravel/lumen-framework/src/Concerns/RoutesRequests.php(416): Laravel\Lumen\Application->Laravel\Lumen\Concerns\{closure}(Object(Laravel\Lumen\Http\Request))
#16 /var/www/html/S7/S07-E01-lumen-videogame/vendor/laravel/lumen-framework/src/Concerns/RoutesRequests.php(171): Laravel\Lumen\Application->sendThroughPipeline(Array, Object(Closure))
#17 /var/www/html/S7/S07-E01-lumen-videogame/vendor/laravel/lumen-framework/src/Concerns/RoutesRequests.php(108): Laravel\Lumen\Application->dispatch(NULL)
#18 /var/www/html/S7/S07-E01-lumen-videogame/public/index.php(28): Laravel\Lumen\Application->run()
#19 {main} {"exception":"[object] (InvalidArgumentException(code: 0): View [admin.tpl] not found. at /var/www/html/S7/S07-E01-lumen-videogame/vendor/illuminate/view/FileViewFinder.php:137)
[stacktrace]
#0 /var/www/html/S7/S07-E01-lumen-videogame/vendor/illuminate/view/FileViewFinder.php(79): Illuminate\\View\\FileViewFinder->findInPaths('admin.tpl', Array)
#1 /var/www/html/S7/S07-E01-lumen-videogame/vendor/illuminate/view/Factory.php(130): Illuminate\\View\\FileViewFinder->find('admin.tpl')
#2 /var/www/html/S7/S07-E01-lumen-videogame/vendor/laravel/lumen-framework/src/helpers.php(435): Illuminate\\View\\Factory->make('admin.tpl', Array, Array)
#3 /var/www/html/S7/S07-E01-lumen-videogame/app/Http/Controllers/MainController.php(39): view('admin.tpl', Array)
#4 [internal function]: App\\Http\\Controllers\\MainController->admin(Object(Laravel\\Lumen\\Http\\Request))
#5 /var/www/html/S7/S07-E01-lumen-videogame/vendor/illuminate/container/BoundMethod.php(32): call_user_func_array(Array, Array)
#6 /var/www/html/S7/S07-E01-lumen-videogame/vendor/illuminate/container/BoundMethod.php(90): Illuminate\\Container\\BoundMethod::Illuminate\\Container\\{closure}()
#7 /var/www/html/S7/S07-E01-lumen-videogame/vendor/illuminate/container/BoundMethod.php(34): Illuminate\\Container\\BoundMethod::callBoundMethod(Object(Laravel\\Lumen\\Application), Array, Object(Closure))
#8 /var/www/html/S7/S07-E01-lumen-videogame/vendor/illuminate/container/Container.php(580): Illuminate\\Container\\BoundMethod::call(Object(Laravel\\Lumen\\Application), Array, Array, NULL)
#9 /var/www/html/S7/S07-E01-lumen-videogame/vendor/laravel/lumen-framework/src/Concerns/RoutesRequests.php(376): Illuminate\\Container\\Container->call(Array, Array)
#10 /var/www/html/S7/S07-E01-lumen-videogame/vendor/laravel/lumen-framework/src/Concerns/RoutesRequests.php(342): Laravel\\Lumen\\Application->callControllerCallable(Array, Array)
#11 /var/www/html/S7/S07-E01-lumen-videogame/vendor/laravel/lumen-framework/src/Concerns/RoutesRequests.php(316): Laravel\\Lumen\\Application->callLumenController(Object(App\\Http\\Controllers\\MainController), 'admin', Array)
#12 /var/www/html/S7/S07-E01-lumen-videogame/vendor/laravel/lumen-framework/src/Concerns/RoutesRequests.php(278): Laravel\\Lumen\\Application->callControllerAction(Array)
#13 /var/www/html/S7/S07-E01-lumen-videogame/vendor/laravel/lumen-framework/src/Concerns/RoutesRequests.php(263): Laravel\\Lumen\\Application->callActionOnArrayBasedRoute(Array)
#14 /var/www/html/S7/S07-E01-lumen-videogame/vendor/laravel/lumen-framework/src/Concerns/RoutesRequests.php(165): Laravel\\Lumen\\Application->handleFoundRoute(Array)
#15 /var/www/html/S7/S07-E01-lumen-videogame/vendor/laravel/lumen-framework/src/Concerns/RoutesRequests.php(416): Laravel\\Lumen\\Application->Laravel\\Lumen\\Concerns\\{closure}(Object(Laravel\\Lumen\\Http\\Request))
#16 /var/www/html/S7/S07-E01-lumen-videogame/vendor/laravel/lumen-framework/src/Concerns/RoutesRequests.php(171): Laravel\\Lumen\\Application->sendThroughPipeline(Array, Object(Closure))
#17 /var/www/html/S7/S07-E01-lumen-videogame/vendor/laravel/lumen-framework/src/Concerns/RoutesRequests.php(108): Laravel\\Lumen\\Application->dispatch(NULL)
#18 /var/www/html/S7/S07-E01-lumen-videogame/public/index.php(28): Laravel\\Lumen\\Application->run()
#19 {main}
"} 
[2019-04-01 15:18:59] local.ERROR: InvalidArgumentException: View [admin.tpl] not found. in /var/www/html/S7/S07-E01-lumen-videogame/vendor/illuminate/view/FileViewFinder.php:137
Stack trace:
#0 /var/www/html/S7/S07-E01-lumen-videogame/vendor/illuminate/view/FileViewFinder.php(79): Illuminate\View\FileViewFinder->findInPaths('admin.tpl', Array)
#1 /var/www/html/S7/S07-E01-lumen-videogame/vendor/illuminate/view/Factory.php(130): Illuminate\View\FileViewFinder->find('admin.tpl')
#2 /var/www/html/S7/S07-E01-lumen-videogame/vendor/laravel/lumen-framework/src/helpers.php(435): Illuminate\View\Factory->make('admin.tpl', Array, Array)
#3 /var/www/html/S7/S07-E01-lumen-videogame/app/Http/Controllers/MainController.php(39): view('admin.tpl', Array)
#4 [internal function]: App\Http\Controllers\MainController->admin(Object(Laravel\Lumen\Http\Request))
#5 /var/www/html/S7/S07-E01-lumen-videogame/vendor/illuminate/container/BoundMethod.php(32): call_user_func_array(Array, Array)
#6 /var/www/html/S7/S07-E01-lumen-videogame/vendor/illuminate/container/BoundMethod.php(90): Illuminate\Container\BoundMethod::Illuminate\Container\{closure}()
#7 /var/www/html/S7/S07-E01-lumen-videogame/vendor/illuminate/container/BoundMethod.php(34): Illuminate\Container\BoundMethod::callBoundMethod(Object(Laravel\Lumen\Application), Array, Object(Closure))
#8 /var/www/html/S7/S07-E01-lumen-videogame/vendor/illuminate/container/Container.php(580): Illuminate\Container\BoundMethod::call(Object(Laravel\Lumen\Application), Array, Array, NULL)
#9 /var/www/html/S7/S07-E01-lumen-videogame/vendor/laravel/lumen-framework/src/Concerns/RoutesRequests.php(376): Illuminate\Container\Container->call(Array, Array)
#10 /var/www/html/S7/S07-E01-lumen-videogame/vendor/laravel/lumen-framework/src/Concerns/RoutesRequests.php(342): Laravel\Lumen\Application->callControllerCallable(Array, Array)
#11 /var/www/html/S7/S07-E01-lumen-videogame/vendor/laravel/lumen-framework/src/Concerns/RoutesRequests.php(316): Laravel\Lumen\Application->callLumenController(Object(App\Http\Controllers\MainController), 'admin', Array)
#12 /var/www/html/S7/S07-E01-lumen-videogame/vendor/laravel/lumen-framework/src/Concerns/RoutesRequests.php(278): Laravel\Lumen\Application->callControllerAction(Array)
#13 /var/www/html/S7/S07-E01-lumen-videogame/vendor/laravel/lumen-framework/src/Concerns/RoutesRequests.php(263): Laravel\Lumen\Application->callActionOnArrayBasedRoute(Array)
#14 /var/www/html/S7/S07-E01-lumen-videogame/vendor/laravel/lumen-framework/src/Concerns/RoutesRequests.php(165): Laravel\Lumen\Application->handleFoundRoute(Array)
#15 /var/www/html/S7/S07-E01-lumen-videogame/vendor/laravel/lumen-framework/src/Concerns/RoutesRequests.php(416): Laravel\Lumen\Application->Laravel\Lumen\Concerns\{closure}(Object(Laravel\Lumen\Http\Request))
#16 /var/www/html/S7/S07-E01-lumen-videogame/vendor/laravel/lumen-framework/src/Concerns/RoutesRequests.php(171): Laravel\Lumen\Application->sendThroughPipeline(Array, Object(Closure))
#17 /var/www/html/S7/S07-E01-lumen-videogame/vendor/laravel/lumen-framework/src/Concerns/RoutesRequests.php(108): Laravel\Lumen\Application->dispatch(NULL)
#18 /var/www/html/S7/S07-E01-lumen-videogame/public/index.php(28): Laravel\Lumen\Application->run()
#19 {main} {"exception":"[object] (InvalidArgumentException(code: 0): View [admin.tpl] not found. at /var/www/html/S7/S07-E01-lumen-videogame/vendor/illuminate/view/FileViewFinder.php:137)
[stacktrace]
#0 /var/www/html/S7/S07-E01-lumen-videogame/vendor/illuminate/view/FileViewFinder.php(79): Illuminate\\View\\FileViewFinder->findInPaths('admin.tpl', Array)
#1 /var/www/html/S7/S07-E01-lumen-videogame/vendor/illuminate/view/Factory.php(130): Illuminate\\View\\FileViewFinder->find('admin.tpl')
#2 /var/www/html/S7/S07-E01-lumen-videogame/vendor/laravel/lumen-framework/src/helpers.php(435): Illuminate\\View\\Factory->make('admin.tpl', Array, Array)
#3 /var/www/html/S7/S07-E01-lumen-videogame/app/Http/Controllers/MainController.php(39): view('admin.tpl', Array)
#4 [internal function]: App\\Http\\Controllers\\MainController->admin(Object(Laravel\\Lumen\\Http\\Request))
#5 /var/www/html/S7/S07-E01-lumen-videogame/vendor/illuminate/container/BoundMethod.php(32): call_user_func_array(Array, Array)
#6 /var/www/html/S7/S07-E01-lumen-videogame/vendor/illuminate/container/BoundMethod.php(90): Illuminate\\Container\\BoundMethod::Illuminate\\Container\\{closure}()
#7 /var/www/html/S7/S07-E01-lumen-videogame/vendor/illuminate/container/BoundMethod.php(34): Illuminate\\Container\\BoundMethod::callBoundMethod(Object(Laravel\\Lumen\\Application), Array, Object(Closure))
#8 /var/www/html/S7/S07-E01-lumen-videogame/vendor/illuminate/container/Container.php(580): Illuminate\\Container\\BoundMethod::call(Object(Laravel\\Lumen\\Application), Array, Array, NULL)
#9 /var/www/html/S7/S07-E01-lumen-videogame/vendor/laravel/lumen-framework/src/Concerns/RoutesRequests.php(376): Illuminate\\Container\\Container->call(Array, Array)
#10 /var/www/html/S7/S07-E01-lumen-videogame/vendor/laravel/lumen-framework/src/Concerns/RoutesRequests.php(342): Laravel\\Lumen\\Application->callControllerCallable(Array, Array)
#11 /var/www/html/S7/S07-E01-lumen-videogame/vendor/laravel/lumen-framework/src/Concerns/RoutesRequests.php(316): Laravel\\Lumen\\Application->callLumenController(Object(App\\Http\\Controllers\\MainController), 'admin', Array)
#12 /var/www/html/S7/S07-E01-lumen-videogame/vendor/laravel/lumen-framework/src/Concerns/RoutesRequests.php(278): Laravel\\Lumen\\Application->callControllerAction(Array)
#13 /var/www/html/S7/S07-E01-lumen-videogame/vendor/laravel/lumen-framework/src/Concerns/RoutesRequests.php(263): Laravel\\Lumen\\Application->callActionOnArrayBasedRoute(Array)
#14 /var/www/html/S7/S07-E01-lumen-videogame/vendor/laravel/lumen-framework/src/Concerns/RoutesRequests.php(165): Laravel\\Lumen\\Application->handleFoundRoute(Array)
#15 /var/www/html/S7/S07-E01-lumen-videogame/vendor/laravel/lumen-framework/src/Concerns/RoutesRequests.php(416): Laravel\\Lumen\\Application->Laravel\\Lumen\\Concerns\\{closure}(Object(Laravel\\Lumen\\Http\\Request))
#16 /var/www/html/S7/S07-E01-lumen-videogame/vendor/laravel/lumen-framework/src/Concerns/RoutesRequests.php(171): Laravel\\Lumen\\Application->sendThroughPipeline(Array, Object(Closure))
#17 /var/www/html/S7/S07-E01-lumen-videogame/vendor/laravel/lumen-framework/src/Concerns/RoutesRequests.php(108): Laravel\\Lumen\\Application->dispatch(NULL)
#18 /var/www/html/S7/S07-E01-lumen-videogame/public/index.php(28): Laravel\\Lumen\\Application->run()
#19 {main}
"} 
