[2019-04-02 07:10:29] local.ERROR: ErrorException: include(/var/www/html/S7/S07-E01-lumen-videogame/resources/viewslayout/footer.php): failed to open stream: No such file or directory in /var/www/html/S7/S07-E01-lumen-videogame/resources/views/home.php:52
Stack trace:
#0 /var/www/html/S7/S07-E01-lumen-videogame/resources/views/home.php(52): Laravel\Lumen\Application->Laravel\Lumen\Concerns\{closure}(2, 'include(/var/ww...', '/var/www/html/S...', 52, Array)
#1 /var/www/html/S7/S07-E01-lumen-videogame/resources/views/home.php(52): include()
#2 /var/www/html/S7/S07-E01-lumen-videogame/vendor/illuminate/view/Engines/PhpEngine.php(43): include('/var/www/html/S...')
#3 /var/www/html/S7/S07-E01-lumen-videogame/vendor/illuminate/view/Engines/PhpEngine.php(21): Illuminate\View\Engines\PhpEngine->evaluatePath('/var/www/html/S...', Array)
#4 /var/www/html/S7/S07-E01-lumen-videogame/vendor/illuminate/view/View.php(142): Illuminate\View\Engines\PhpEngine->get('/var/www/html/S...', Array)
#5 /var/www/html/S7/S07-E01-lumen-videogame/vendor/illuminate/view/View.php(125): Illuminate\View\View->getContents()
#6 /var/www/html/S7/S07-E01-lumen-videogame/vendor/illuminate/view/View.php(90): Illuminate\View\View->renderContents()
#7 /var/www/html/S7/S07-E01-lumen-videogame/vendor/illuminate/http/Response.php(42): Illuminate\View\View->render()
#8 /var/www/html/S7/S07-E01-lumen-videogame/vendor/symfony/http-foundation/Response.php(202): Illuminate\Http\Response->setContent(Object(Illuminate\View\View))
#9 /var/www/html/S7/S07-E01-lumen-videogame/vendor/laravel/lumen-framework/src/Concerns/RoutesRequests.php(436): Symfony\Component\HttpFoundation\Response->__construct(Object(Illuminate\View\View))
#10 /var/www/html/S7/S07-E01-lumen-videogame/vendor/laravel/lumen-framework/src/Concerns/RoutesRequests.php(376): Laravel\Lumen\Application->prepareResponse(Object(Illuminate\View\View))
#11 /var/www/html/S7/S07-E01-lumen-videogame/vendor/laravel/lumen-framework/src/Concerns/RoutesRequests.php(342): Laravel\Lumen\Application->callControllerCallable(Array, Array)
#12 /var/www/html/S7/S07-E01-lumen-videogame/vendor/laravel/lumen-framework/src/Concerns/RoutesRequests.php(316): Laravel\Lumen\Application->callLumenController(Object(App\Http\Controllers\MainController), 'home', Array)
#13 /var/www/html/S7/S07-E01-lumen-videogame/vendor/laravel/lumen-framework/src/Concerns/RoutesRequests.php(278): Laravel\Lumen\Application->callControllerAction(Array)
#14 /var/www/html/S7/S07-E01-lumen-videogame/vendor/laravel/lumen-framework/src/Concerns/RoutesRequests.php(263): Laravel\Lumen\Application->callActionOnArrayBasedRoute(Array)
#15 /var/www/html/S7/S07-E01-lumen-videogame/vendor/laravel/lumen-framework/src/Concerns/RoutesRequests.php(165): Laravel\Lumen\Application->handleFoundRoute(Array)
#16 /var/www/html/S7/S07-E01-lumen-videogame/vendor/laravel/lumen-framework/src/Concerns/RoutesRequests.php(416): Laravel\Lumen\Application->Laravel\Lumen\Concerns\{closure}(Object(Laravel\Lumen\Http\Request))
#17 /var/www/html/S7/S07-E01-lumen-videogame/vendor/laravel/lumen-framework/src/Concerns/RoutesRequests.php(171): Laravel\Lumen\Application->sendThroughPipeline(Array, Object(Closure))
#18 /var/www/html/S7/S07-E01-lumen-videogame/vendor/laravel/lumen-framework/src/Concerns/RoutesRequests.php(108): Laravel\Lumen\Application->dispatch(NULL)
#19 /var/www/html/S7/S07-E01-lumen-videogame/public/index.php(28): Laravel\Lumen\Application->run()
#20 {main} {"exception":"[object] (ErrorException(code: 0): include(/var/www/html/S7/S07-E01-lumen-videogame/resources/viewslayout/footer.php): failed to open stream: No such file or directory at /var/www/html/S7/S07-E01-lumen-videogame/resources/views/home.php:52)
[stacktrace]
#0 /var/www/html/S7/S07-E01-lumen-videogame/resources/views/home.php(52): Laravel\\Lumen\\Application->Laravel\\Lumen\\Concerns\\{closure}(2, 'include(/var/ww...', '/var/www/html/S...', 52, Array)
#1 /var/www/html/S7/S07-E01-lumen-videogame/resources/views/home.php(52): include()
#2 /var/www/html/S7/S07-E01-lumen-videogame/vendor/illuminate/view/Engines/PhpEngine.php(43): include('/var/www/html/S...')
#3 /var/www/html/S7/S07-E01-lumen-videogame/vendor/illuminate/view/Engines/PhpEngine.php(21): Illuminate\\View\\Engines\\PhpEngine->evaluatePath('/var/www/html/S...', Array)
#4 /var/www/html/S7/S07-E01-lumen-videogame/vendor/illuminate/view/View.php(142): Illuminate\\View\\Engines\\PhpEngine->get('/var/www/html/S...', Array)
#5 /var/www/html/S7/S07-E01-lumen-videogame/vendor/illuminate/view/View.php(125): Illuminate\\View\\View->getContents()
#6 /var/www/html/S7/S07-E01-lumen-videogame/vendor/illuminate/view/View.php(90): Illuminate\\View\\View->renderContents()
#7 /var/www/html/S7/S07-E01-lumen-videogame/vendor/illuminate/http/Response.php(42): Illuminate\\View\\View->render()
#8 /var/www/html/S7/S07-E01-lumen-videogame/vendor/symfony/http-foundation/Response.php(202): Illuminate\\Http\\Response->setContent(Object(Illuminate\\View\\View))
#9 /var/www/html/S7/S07-E01-lumen-videogame/vendor/laravel/lumen-framework/src/Concerns/RoutesRequests.php(436): Symfony\\Component\\HttpFoundation\\Response->__construct(Object(Illuminate\\View\\View))
#10 /var/www/html/S7/S07-E01-lumen-videogame/vendor/laravel/lumen-framework/src/Concerns/RoutesRequests.php(376): Laravel\\Lumen\\Application->prepareResponse(Object(Illuminate\\View\\View))
#11 /var/www/html/S7/S07-E01-lumen-videogame/vendor/laravel/lumen-framework/src/Concerns/RoutesRequests.php(342): Laravel\\Lumen\\Application->callControllerCallable(Array, Array)
#12 /var/www/html/S7/S07-E01-lumen-videogame/vendor/laravel/lumen-framework/src/Concerns/RoutesRequests.php(316): Laravel\\Lumen\\Application->callLumenController(Object(App\\Http\\Controllers\\MainController), 'home', Array)
#13 /var/www/html/S7/S07-E01-lumen-videogame/vendor/laravel/lumen-framework/src/Concerns/RoutesRequests.php(278): Laravel\\Lumen\\Application->callControllerAction(Array)
#14 /var/www/html/S7/S07-E01-lumen-videogame/vendor/laravel/lumen-framework/src/Concerns/RoutesRequests.php(263): Laravel\\Lumen\\Application->callActionOnArrayBasedRoute(Array)
#15 /var/www/html/S7/S07-E01-lumen-videogame/vendor/laravel/lumen-framework/src/Concerns/RoutesRequests.php(165): Laravel\\Lumen\\Application->handleFoundRoute(Array)
#16 /var/www/html/S7/S07-E01-lumen-videogame/vendor/laravel/lumen-framework/src/Concerns/RoutesRequests.php(416): Laravel\\Lumen\\Application->Laravel\\Lumen\\Concerns\\{closure}(Object(Laravel\\Lumen\\Http\\Request))
#17 /var/www/html/S7/S07-E01-lumen-videogame/vendor/laravel/lumen-framework/src/Concerns/RoutesRequests.php(171): Laravel\\Lumen\\Application->sendThroughPipeline(Array, Object(Closure))
#18 /var/www/html/S7/S07-E01-lumen-videogame/vendor/laravel/lumen-framework/src/Concerns/RoutesRequests.php(108): Laravel\\Lumen\\Application->dispatch(NULL)
#19 /var/www/html/S7/S07-E01-lumen-videogame/public/index.php(28): Laravel\\Lumen\\Application->run()
#20 {main}
"} 
[2019-04-02 07:50:28] local.ERROR: Symfony\Component\Debug\Exception\FatalThrowableError: Too few arguments to function App\Http\Controllers\MainController::home(), 0 passed and exactly 1 expected in /var/www/html/S7/S07-E01-lumen-videogame/app/Http/Controllers/MainController.php:59
Stack trace:
#0 [internal function]: App\Http\Controllers\MainController->home()
#1 /var/www/html/S7/S07-E01-lumen-videogame/vendor/illuminate/container/BoundMethod.php(32): call_user_func_array(Array, Array)
#2 /var/www/html/S7/S07-E01-lumen-videogame/vendor/illuminate/container/BoundMethod.php(90): Illuminate\Container\BoundMethod::Illuminate\Container\{closure}()
#3 /var/www/html/S7/S07-E01-lumen-videogame/vendor/illuminate/container/BoundMethod.php(34): Illuminate\Container\BoundMethod::callBoundMethod(Object(Laravel\Lumen\Application), Array, Object(Closure))
#4 /var/www/html/S7/S07-E01-lumen-videogame/vendor/illuminate/container/Container.php(580): Illuminate\Container\BoundMethod::call(Object(Laravel\Lumen\Application), Array, Array, NULL)
#5 /var/www/html/S7/S07-E01-lumen-videogame/vendor/laravel/lumen-framework/src/Concerns/RoutesRequests.php(376): Illuminate\Container\Container->call(Array, Array)
#6 /var/www/html/S7/S07-E01-lumen-videogame/vendor/laravel/lumen-framework/src/Concerns/RoutesRequests.php(342): Laravel\Lumen\Application->callControllerCallable(Array, Array)
#7 /var/www/html/S7/S07-E01-lumen-videogame/vendor/laravel/lumen-framework/src/Concerns/RoutesRequests.php(316): Laravel\Lumen\Application->callLumenController(Object(App\Http\Controllers\MainController), 'home', Array)
#8 /var/www/html/S7/S07-E01-lumen-videogame/vendor/laravel/lumen-framework/src/Concerns/RoutesRequests.php(278): Laravel\Lumen\Application->callControllerAction(Array)
#9 /var/www/html/S7/S07-E01-lumen-videogame/vendor/laravel/lumen-framework/src/Concerns/RoutesRequests.php(263): Laravel\Lumen\Application->callActionOnArrayBasedRoute(Array)
#10 /var/www/html/S7/S07-E01-lumen-videogame/vendor/laravel/lumen-framework/src/Concerns/RoutesRequests.php(165): Laravel\Lumen\Application->handleFoundRoute(Array)
#11 /var/www/html/S7/S07-E01-lumen-videogame/vendor/laravel/lumen-framework/src/Concerns/RoutesRequests.php(416): Laravel\Lumen\Application->Laravel\Lumen\Concerns\{closure}(Object(Laravel\Lumen\Http\Request))
#12 /var/www/html/S7/S07-E01-lumen-videogame/vendor/laravel/lumen-framework/src/Concerns/RoutesRequests.php(171): Laravel\Lumen\Application->sendThroughPipeline(Array, Object(Closure))
#13 /var/www/html/S7/S07-E01-lumen-videogame/vendor/laravel/lumen-framework/src/Concerns/RoutesRequests.php(108): Laravel\Lumen\Application->dispatch(NULL)
#14 /var/www/html/S7/S07-E01-lumen-videogame/public/index.php(28): Laravel\Lumen\Application->run()
#15 {main} {"exception":"[object] (Symfony\\Component\\Debug\\Exception\\FatalThrowableError(code: 0): Too few arguments to function App\\Http\\Controllers\\MainController::home(), 0 passed and exactly 1 expected at /var/www/html/S7/S07-E01-lumen-videogame/app/Http/Controllers/MainController.php:59)
[stacktrace]
#0 [internal function]: App\\Http\\Controllers\\MainController->home()
#1 /var/www/html/S7/S07-E01-lumen-videogame/vendor/illuminate/container/BoundMethod.php(32): call_user_func_array(Array, Array)
#2 /var/www/html/S7/S07-E01-lumen-videogame/vendor/illuminate/container/BoundMethod.php(90): Illuminate\\Container\\BoundMethod::Illuminate\\Container\\{closure}()
#3 /var/www/html/S7/S07-E01-lumen-videogame/vendor/illuminate/container/BoundMethod.php(34): Illuminate\\Container\\BoundMethod::callBoundMethod(Object(Laravel\\Lumen\\Application), Array, Object(Closure))
#4 /var/www/html/S7/S07-E01-lumen-videogame/vendor/illuminate/container/Container.php(580): Illuminate\\Container\\BoundMethod::call(Object(Laravel\\Lumen\\Application), Array, Array, NULL)
#5 /var/www/html/S7/S07-E01-lumen-videogame/vendor/laravel/lumen-framework/src/Concerns/RoutesRequests.php(376): Illuminate\\Container\\Container->call(Array, Array)
#6 /var/www/html/S7/S07-E01-lumen-videogame/vendor/laravel/lumen-framework/src/Concerns/RoutesRequests.php(342): Laravel\\Lumen\\Application->callControllerCallable(Array, Array)
#7 /var/www/html/S7/S07-E01-lumen-videogame/vendor/laravel/lumen-framework/src/Concerns/RoutesRequests.php(316): Laravel\\Lumen\\Application->callLumenController(Object(App\\Http\\Controllers\\MainController), 'home', Array)
#8 /var/www/html/S7/S07-E01-lumen-videogame/vendor/laravel/lumen-framework/src/Concerns/RoutesRequests.php(278): Laravel\\Lumen\\Application->callControllerAction(Array)
#9 /var/www/html/S7/S07-E01-lumen-videogame/vendor/laravel/lumen-framework/src/Concerns/RoutesRequests.php(263): Laravel\\Lumen\\Application->callActionOnArrayBasedRoute(Array)
#10 /var/www/html/S7/S07-E01-lumen-videogame/vendor/laravel/lumen-framework/src/Concerns/RoutesRequests.php(165): Laravel\\Lumen\\Application->handleFoundRoute(Array)
#11 /var/www/html/S7/S07-E01-lumen-videogame/vendor/laravel/lumen-framework/src/Concerns/RoutesRequests.php(416): Laravel\\Lumen\\Application->Laravel\\Lumen\\Concerns\\{closure}(Object(Laravel\\Lumen\\Http\\Request))
#12 /var/www/html/S7/S07-E01-lumen-videogame/vendor/laravel/lumen-framework/src/Concerns/RoutesRequests.php(171): Laravel\\Lumen\\Application->sendThroughPipeline(Array, Object(Closure))
#13 /var/www/html/S7/S07-E01-lumen-videogame/vendor/laravel/lumen-framework/src/Concerns/RoutesRequests.php(108): Laravel\\Lumen\\Application->dispatch(NULL)
#14 /var/www/html/S7/S07-E01-lumen-videogame/public/index.php(28): Laravel\\Lumen\\Application->run()
#15 {main}
"} 
[2019-04-02 08:08:38] local.ERROR: ErrorException: date() expects at least 1 parameter, 0 given in /var/www/html/S7/S07-E01-lumen-videogame/app/Http/Controllers/MainController.php:50
Stack trace:
#0 [internal function]: Laravel\Lumen\Application->Laravel\Lumen\Concerns\{closure}(2, 'date() expects ...', '/var/www/html/S...', 50, Array)
#1 /var/www/html/S7/S07-E01-lumen-videogame/app/Http/Controllers/MainController.php(50): date()
#2 [internal function]: App\Http\Controllers\MainController->adminPost(Object(Laravel\Lumen\Http\Request))
#3 /var/www/html/S7/S07-E01-lumen-videogame/vendor/illuminate/container/BoundMethod.php(32): call_user_func_array(Array, Array)
#4 /var/www/html/S7/S07-E01-lumen-videogame/vendor/illuminate/container/BoundMethod.php(90): Illuminate\Container\BoundMethod::Illuminate\Container\{closure}()
#5 /var/www/html/S7/S07-E01-lumen-videogame/vendor/illuminate/container/BoundMethod.php(34): Illuminate\Container\BoundMethod::callBoundMethod(Object(Laravel\Lumen\Application), Array, Object(Closure))
#6 /var/www/html/S7/S07-E01-lumen-videogame/vendor/illuminate/container/Container.php(580): Illuminate\Container\BoundMethod::call(Object(Laravel\Lumen\Application), Array, Array, NULL)
#7 /var/www/html/S7/S07-E01-lumen-videogame/vendor/laravel/lumen-framework/src/Concerns/RoutesRequests.php(376): Illuminate\Container\Container->call(Array, Array)
#8 /var/www/html/S7/S07-E01-lumen-videogame/vendor/laravel/lumen-framework/src/Concerns/RoutesRequests.php(342): Laravel\Lumen\Application->callControllerCallable(Array, Array)
#9 /var/www/html/S7/S07-E01-lumen-videogame/vendor/laravel/lumen-framework/src/Concerns/RoutesRequests.php(316): Laravel\Lumen\Application->callLumenController(Object(App\Http\Controllers\MainController), 'adminPost', Array)
#10 /var/www/html/S7/S07-E01-lumen-videogame/vendor/laravel/lumen-framework/src/Concerns/RoutesRequests.php(278): Laravel\Lumen\Application->callControllerAction(Array)
#11 /var/www/html/S7/S07-E01-lumen-videogame/vendor/laravel/lumen-framework/src/Concerns/RoutesRequests.php(263): Laravel\Lumen\Application->callActionOnArrayBasedRoute(Array)
#12 /var/www/html/S7/S07-E01-lumen-videogame/vendor/laravel/lumen-framework/src/Concerns/RoutesRequests.php(165): Laravel\Lumen\Application->handleFoundRoute(Array)
#13 /var/www/html/S7/S07-E01-lumen-videogame/vendor/laravel/lumen-framework/src/Concerns/RoutesRequests.php(416): Laravel\Lumen\Application->Laravel\Lumen\Concerns\{closure}(Object(Laravel\Lumen\Http\Request))
#14 /var/www/html/S7/S07-E01-lumen-videogame/vendor/laravel/lumen-framework/src/Concerns/RoutesRequests.php(171): Laravel\Lumen\Application->sendThroughPipeline(Array, Object(Closure))
#15 /var/www/html/S7/S07-E01-lumen-videogame/vendor/laravel/lumen-framework/src/Concerns/RoutesRequests.php(108): Laravel\Lumen\Application->dispatch(NULL)
#16 /var/www/html/S7/S07-E01-lumen-videogame/public/index.php(28): Laravel\Lumen\Application->run()
#17 {main} {"exception":"[object] (ErrorException(code: 0): date() expects at least 1 parameter, 0 given at /var/www/html/S7/S07-E01-lumen-videogame/app/Http/Controllers/MainController.php:50)
[stacktrace]
#0 [internal function]: Laravel\\Lumen\\Application->Laravel\\Lumen\\Concerns\\{closure}(2, 'date() expects ...', '/var/www/html/S...', 50, Array)
#1 /var/www/html/S7/S07-E01-lumen-videogame/app/Http/Controllers/MainController.php(50): date()
#2 [internal function]: App\\Http\\Controllers\\MainController->adminPost(Object(Laravel\\Lumen\\Http\\Request))
#3 /var/www/html/S7/S07-E01-lumen-videogame/vendor/illuminate/container/BoundMethod.php(32): call_user_func_array(Array, Array)
#4 /var/www/html/S7/S07-E01-lumen-videogame/vendor/illuminate/container/BoundMethod.php(90): Illuminate\\Container\\BoundMethod::Illuminate\\Container\\{closure}()
#5 /var/www/html/S7/S07-E01-lumen-videogame/vendor/illuminate/container/BoundMethod.php(34): Illuminate\\Container\\BoundMethod::callBoundMethod(Object(Laravel\\Lumen\\Application), Array, Object(Closure))
#6 /var/www/html/S7/S07-E01-lumen-videogame/vendor/illuminate/container/Container.php(580): Illuminate\\Container\\BoundMethod::call(Object(Laravel\\Lumen\\Application), Array, Array, NULL)
#7 /var/www/html/S7/S07-E01-lumen-videogame/vendor/laravel/lumen-framework/src/Concerns/RoutesRequests.php(376): Illuminate\\Container\\Container->call(Array, Array)
#8 /var/www/html/S7/S07-E01-lumen-videogame/vendor/laravel/lumen-framework/src/Concerns/RoutesRequests.php(342): Laravel\\Lumen\\Application->callControllerCallable(Array, Array)
#9 /var/www/html/S7/S07-E01-lumen-videogame/vendor/laravel/lumen-framework/src/Concerns/RoutesRequests.php(316): Laravel\\Lumen\\Application->callLumenController(Object(App\\Http\\Controllers\\MainController), 'adminPost', Array)
#10 /var/www/html/S7/S07-E01-lumen-videogame/vendor/laravel/lumen-framework/src/Concerns/RoutesRequests.php(278): Laravel\\Lumen\\Application->callControllerAction(Array)
#11 /var/www/html/S7/S07-E01-lumen-videogame/vendor/laravel/lumen-framework/src/Concerns/RoutesRequests.php(263): Laravel\\Lumen\\Application->callActionOnArrayBasedRoute(Array)
#12 /var/www/html/S7/S07-E01-lumen-videogame/vendor/laravel/lumen-framework/src/Concerns/RoutesRequests.php(165): Laravel\\Lumen\\Application->handleFoundRoute(Array)
#13 /var/www/html/S7/S07-E01-lumen-videogame/vendor/laravel/lumen-framework/src/Concerns/RoutesRequests.php(416): Laravel\\Lumen\\Application->Laravel\\Lumen\\Concerns\\{closure}(Object(Laravel\\Lumen\\Http\\Request))
#14 /var/www/html/S7/S07-E01-lumen-videogame/vendor/laravel/lumen-framework/src/Concerns/RoutesRequests.php(171): Laravel\\Lumen\\Application->sendThroughPipeline(Array, Object(Closure))
#15 /var/www/html/S7/S07-E01-lumen-videogame/vendor/laravel/lumen-framework/src/Concerns/RoutesRequests.php(108): Laravel\\Lumen\\Application->dispatch(NULL)
#16 /var/www/html/S7/S07-E01-lumen-videogame/public/index.php(28): Laravel\\Lumen\\Application->run()
#17 {main}
"} 
[2019-04-02 08:09:05] local.ERROR: ErrorException: Use of undefined constant yy - assumed 'yy' (this will throw an Error in a future version of PHP) in /var/www/html/S7/S07-E01-lumen-videogame/app/Http/Controllers/MainController.php:50
Stack trace:
#0 /var/www/html/S7/S07-E01-lumen-videogame/app/Http/Controllers/MainController.php(50): Laravel\Lumen\Application->Laravel\Lumen\Concerns\{closure}(2, 'Use of undefine...', '/var/www/html/S...', 50, Array)
#1 [internal function]: App\Http\Controllers\MainController->adminPost(Object(Laravel\Lumen\Http\Request))
#2 /var/www/html/S7/S07-E01-lumen-videogame/vendor/illuminate/container/BoundMethod.php(32): call_user_func_array(Array, Array)
#3 /var/www/html/S7/S07-E01-lumen-videogame/vendor/illuminate/container/BoundMethod.php(90): Illuminate\Container\BoundMethod::Illuminate\Container\{closure}()
#4 /var/www/html/S7/S07-E01-lumen-videogame/vendor/illuminate/container/BoundMethod.php(34): Illuminate\Container\BoundMethod::callBoundMethod(Object(Laravel\Lumen\Application), Array, Object(Closure))
#5 /var/www/html/S7/S07-E01-lumen-videogame/vendor/illuminate/container/Container.php(580): Illuminate\Container\BoundMethod::call(Object(Laravel\Lumen\Application), Array, Array, NULL)
#6 /var/www/html/S7/S07-E01-lumen-videogame/vendor/laravel/lumen-framework/src/Concerns/RoutesRequests.php(376): Illuminate\Container\Container->call(Array, Array)
#7 /var/www/html/S7/S07-E01-lumen-videogame/vendor/laravel/lumen-framework/src/Concerns/RoutesRequests.php(342): Laravel\Lumen\Application->callControllerCallable(Array, Array)
#8 /var/www/html/S7/S07-E01-lumen-videogame/vendor/laravel/lumen-framework/src/Concerns/RoutesRequests.php(316): Laravel\Lumen\Application->callLumenController(Object(App\Http\Controllers\MainController), 'adminPost', Array)
#9 /var/www/html/S7/S07-E01-lumen-videogame/vendor/laravel/lumen-framework/src/Concerns/RoutesRequests.php(278): Laravel\Lumen\Application->callControllerAction(Array)
#10 /var/www/html/S7/S07-E01-lumen-videogame/vendor/laravel/lumen-framework/src/Concerns/RoutesRequests.php(263): Laravel\Lumen\Application->callActionOnArrayBasedRoute(Array)
#11 /var/www/html/S7/S07-E01-lumen-videogame/vendor/laravel/lumen-framework/src/Concerns/RoutesRequests.php(165): Laravel\Lumen\Application->handleFoundRoute(Array)
#12 /var/www/html/S7/S07-E01-lumen-videogame/vendor/laravel/lumen-framework/src/Concerns/RoutesRequests.php(416): Laravel\Lumen\Application->Laravel\Lumen\Concerns\{closure}(Object(Laravel\Lumen\Http\Request))
#13 /var/www/html/S7/S07-E01-lumen-videogame/vendor/laravel/lumen-framework/src/Concerns/RoutesRequests.php(171): Laravel\Lumen\Application->sendThroughPipeline(Array, Object(Closure))
#14 /var/www/html/S7/S07-E01-lumen-videogame/vendor/laravel/lumen-framework/src/Concerns/RoutesRequests.php(108): Laravel\Lumen\Application->dispatch(NULL)
#15 /var/www/html/S7/S07-E01-lumen-videogame/public/index.php(28): Laravel\Lumen\Application->run()
#16 {main} {"exception":"[object] (ErrorException(code: 0): Use of undefined constant yy - assumed 'yy' (this will throw an Error in a future version of PHP) at /var/www/html/S7/S07-E01-lumen-videogame/app/Http/Controllers/MainController.php:50)
[stacktrace]
#0 /var/www/html/S7/S07-E01-lumen-videogame/app/Http/Controllers/MainController.php(50): Laravel\\Lumen\\Application->Laravel\\Lumen\\Concerns\\{closure}(2, 'Use of undefine...', '/var/www/html/S...', 50, Array)
#1 [internal function]: App\\Http\\Controllers\\MainController->adminPost(Object(Laravel\\Lumen\\Http\\Request))
#2 /var/www/html/S7/S07-E01-lumen-videogame/vendor/illuminate/container/BoundMethod.php(32): call_user_func_array(Array, Array)
#3 /var/www/html/S7/S07-E01-lumen-videogame/vendor/illuminate/container/BoundMethod.php(90): Illuminate\\Container\\BoundMethod::Illuminate\\Container\\{closure}()
#4 /var/www/html/S7/S07-E01-lumen-videogame/vendor/illuminate/container/BoundMethod.php(34): Illuminate\\Container\\BoundMethod::callBoundMethod(Object(Laravel\\Lumen\\Application), Array, Object(Closure))
#5 /var/www/html/S7/S07-E01-lumen-videogame/vendor/illuminate/container/Container.php(580): Illuminate\\Container\\BoundMethod::call(Object(Laravel\\Lumen\\Application), Array, Array, NULL)
#6 /var/www/html/S7/S07-E01-lumen-videogame/vendor/laravel/lumen-framework/src/Concerns/RoutesRequests.php(376): Illuminate\\Container\\Container->call(Array, Array)
#7 /var/www/html/S7/S07-E01-lumen-videogame/vendor/laravel/lumen-framework/src/Concerns/RoutesRequests.php(342): Laravel\\Lumen\\Application->callControllerCallable(Array, Array)
#8 /var/www/html/S7/S07-E01-lumen-videogame/vendor/laravel/lumen-framework/src/Concerns/RoutesRequests.php(316): Laravel\\Lumen\\Application->callLumenController(Object(App\\Http\\Controllers\\MainController), 'adminPost', Array)
#9 /var/www/html/S7/S07-E01-lumen-videogame/vendor/laravel/lumen-framework/src/Concerns/RoutesRequests.php(278): Laravel\\Lumen\\Application->callControllerAction(Array)
#10 /var/www/html/S7/S07-E01-lumen-videogame/vendor/laravel/lumen-framework/src/Concerns/RoutesRequests.php(263): Laravel\\Lumen\\Application->callActionOnArrayBasedRoute(Array)
#11 /var/www/html/S7/S07-E01-lumen-videogame/vendor/laravel/lumen-framework/src/Concerns/RoutesRequests.php(165): Laravel\\Lumen\\Application->handleFoundRoute(Array)
#12 /var/www/html/S7/S07-E01-lumen-videogame/vendor/laravel/lumen-framework/src/Concerns/RoutesRequests.php(416): Laravel\\Lumen\\Application->Laravel\\Lumen\\Concerns\\{closure}(Object(Laravel\\Lumen\\Http\\Request))
#13 /var/www/html/S7/S07-E01-lumen-videogame/vendor/laravel/lumen-framework/src/Concerns/RoutesRequests.php(171): Laravel\\Lumen\\Application->sendThroughPipeline(Array, Object(Closure))
#14 /var/www/html/S7/S07-E01-lumen-videogame/vendor/laravel/lumen-framework/src/Concerns/RoutesRequests.php(108): Laravel\\Lumen\\Application->dispatch(NULL)
#15 /var/www/html/S7/S07-E01-lumen-videogame/public/index.php(28): Laravel\\Lumen\\Application->run()
#16 {main}
"} 
[2019-04-02 08:44:00] local.ERROR: Symfony\Component\Debug\Exception\FatalThrowableError: Class 'App\Http\Controllers\DB' not found in /var/www/html/S7/S07-E01-lumen-videogame/app/Http/Controllers/MainController.php:64
Stack trace:
#0 [internal function]: App\Http\Controllers\MainController->home(Object(Laravel\Lumen\Http\Request))
#1 /var/www/html/S7/S07-E01-lumen-videogame/vendor/illuminate/container/BoundMethod.php(32): call_user_func_array(Array, Array)
#2 /var/www/html/S7/S07-E01-lumen-videogame/vendor/illuminate/container/BoundMethod.php(90): Illuminate\Container\BoundMethod::Illuminate\Container\{closure}()
#3 /var/www/html/S7/S07-E01-lumen-videogame/vendor/illuminate/container/BoundMethod.php(34): Illuminate\Container\BoundMethod::callBoundMethod(Object(Laravel\Lumen\Application), Array, Object(Closure))
#4 /var/www/html/S7/S07-E01-lumen-videogame/vendor/illuminate/container/Container.php(580): Illuminate\Container\BoundMethod::call(Object(Laravel\Lumen\Application), Array, Array, NULL)
#5 /var/www/html/S7/S07-E01-lumen-videogame/vendor/laravel/lumen-framework/src/Concerns/RoutesRequests.php(376): Illuminate\Container\Container->call(Array, Array)
#6 /var/www/html/S7/S07-E01-lumen-videogame/vendor/laravel/lumen-framework/src/Concerns/RoutesRequests.php(342): Laravel\Lumen\Application->callControllerCallable(Array, Array)
#7 /var/www/html/S7/S07-E01-lumen-videogame/vendor/laravel/lumen-framework/src/Concerns/RoutesRequests.php(316): Laravel\Lumen\Application->callLumenController(Object(App\Http\Controllers\MainController), 'home', Array)
#8 /var/www/html/S7/S07-E01-lumen-videogame/vendor/laravel/lumen-framework/src/Concerns/RoutesRequests.php(278): Laravel\Lumen\Application->callControllerAction(Array)
#9 /var/www/html/S7/S07-E01-lumen-videogame/vendor/laravel/lumen-framework/src/Concerns/RoutesRequests.php(263): Laravel\Lumen\Application->callActionOnArrayBasedRoute(Array)
#10 /var/www/html/S7/S07-E01-lumen-videogame/vendor/laravel/lumen-framework/src/Concerns/RoutesRequests.php(165): Laravel\Lumen\Application->handleFoundRoute(Array)
#11 /var/www/html/S7/S07-E01-lumen-videogame/vendor/laravel/lumen-framework/src/Concerns/RoutesRequests.php(416): Laravel\Lumen\Application->Laravel\Lumen\Concerns\{closure}(Object(Laravel\Lumen\Http\Request))
#12 /var/www/html/S7/S07-E01-lumen-videogame/vendor/laravel/lumen-framework/src/Concerns/RoutesRequests.php(171): Laravel\Lumen\Application->sendThroughPipeline(Array, Object(Closure))
#13 /var/www/html/S7/S07-E01-lumen-videogame/vendor/laravel/lumen-framework/src/Concerns/RoutesRequests.php(108): Laravel\Lumen\Application->dispatch(NULL)
#14 /var/www/html/S7/S07-E01-lumen-videogame/public/index.php(28): Laravel\Lumen\Application->run()
#15 {main} {"exception":"[object] (Symfony\\Component\\Debug\\Exception\\FatalThrowableError(code: 0): Class 'App\\Http\\Controllers\\DB' not found at /var/www/html/S7/S07-E01-lumen-videogame/app/Http/Controllers/MainController.php:64)
[stacktrace]
#0 [internal function]: App\\Http\\Controllers\\MainController->home(Object(Laravel\\Lumen\\Http\\Request))
#1 /var/www/html/S7/S07-E01-lumen-videogame/vendor/illuminate/container/BoundMethod.php(32): call_user_func_array(Array, Array)
#2 /var/www/html/S7/S07-E01-lumen-videogame/vendor/illuminate/container/BoundMethod.php(90): Illuminate\\Container\\BoundMethod::Illuminate\\Container\\{closure}()
#3 /var/www/html/S7/S07-E01-lumen-videogame/vendor/illuminate/container/BoundMethod.php(34): Illuminate\\Container\\BoundMethod::callBoundMethod(Object(Laravel\\Lumen\\Application), Array, Object(Closure))
#4 /var/www/html/S7/S07-E01-lumen-videogame/vendor/illuminate/container/Container.php(580): Illuminate\\Container\\BoundMethod::call(Object(Laravel\\Lumen\\Application), Array, Array, NULL)
#5 /var/www/html/S7/S07-E01-lumen-videogame/vendor/laravel/lumen-framework/src/Concerns/RoutesRequests.php(376): Illuminate\\Container\\Container->call(Array, Array)
#6 /var/www/html/S7/S07-E01-lumen-videogame/vendor/laravel/lumen-framework/src/Concerns/RoutesRequests.php(342): Laravel\\Lumen\\Application->callControllerCallable(Array, Array)
#7 /var/www/html/S7/S07-E01-lumen-videogame/vendor/laravel/lumen-framework/src/Concerns/RoutesRequests.php(316): Laravel\\Lumen\\Application->callLumenController(Object(App\\Http\\Controllers\\MainController), 'home', Array)
#8 /var/www/html/S7/S07-E01-lumen-videogame/vendor/laravel/lumen-framework/src/Concerns/RoutesRequests.php(278): Laravel\\Lumen\\Application->callControllerAction(Array)
#9 /var/www/html/S7/S07-E01-lumen-videogame/vendor/laravel/lumen-framework/src/Concerns/RoutesRequests.php(263): Laravel\\Lumen\\Application->callActionOnArrayBasedRoute(Array)
#10 /var/www/html/S7/S07-E01-lumen-videogame/vendor/laravel/lumen-framework/src/Concerns/RoutesRequests.php(165): Laravel\\Lumen\\Application->handleFoundRoute(Array)
#11 /var/www/html/S7/S07-E01-lumen-videogame/vendor/laravel/lumen-framework/src/Concerns/RoutesRequests.php(416): Laravel\\Lumen\\Application->Laravel\\Lumen\\Concerns\\{closure}(Object(Laravel\\Lumen\\Http\\Request))
#12 /var/www/html/S7/S07-E01-lumen-videogame/vendor/laravel/lumen-framework/src/Concerns/RoutesRequests.php(171): Laravel\\Lumen\\Application->sendThroughPipeline(Array, Object(Closure))
#13 /var/www/html/S7/S07-E01-lumen-videogame/vendor/laravel/lumen-framework/src/Concerns/RoutesRequests.php(108): Laravel\\Lumen\\Application->dispatch(NULL)
#14 /var/www/html/S7/S07-E01-lumen-videogame/public/index.php(28): Laravel\\Lumen\\Application->run()
#15 {main}
"} 
[2019-04-02 09:01:02] local.ERROR: Symfony\Component\Console\Exception\CommandNotFoundException: Command "make:model" is not defined.

Did you mean one of these?
    make:migration
    make:seeder in /var/www/html/S7/S07-E01-lumen-videogame/vendor/symfony/console/Application.php:639
Stack trace:
#0 /var/www/html/S7/S07-E01-lumen-videogame/vendor/symfony/console/Application.php(233): Symfony\Component\Console\Application->find('make:model')
#1 /var/www/html/S7/S07-E01-lumen-videogame/vendor/symfony/console/Application.php(145): Symfony\Component\Console\Application->doRun(Object(Symfony\Component\Console\Input\ArgvInput), Object(Symfony\Component\Console\Output\ConsoleOutput))
#2 /var/www/html/S7/S07-E01-lumen-videogame/vendor/illuminate/console/Application.php(90): Symfony\Component\Console\Application->run(Object(Symfony\Component\Console\Input\ArgvInput), Object(Symfony\Component\Console\Output\ConsoleOutput))
#3 /var/www/html/S7/S07-E01-lumen-videogame/vendor/laravel/lumen-framework/src/Console/Kernel.php(115): Illuminate\Console\Application->run(Object(Symfony\Component\Console\Input\ArgvInput), Object(Symfony\Component\Console\Output\ConsoleOutput))
#4 /var/www/html/S7/S07-E01-lumen-videogame/artisan(35): Laravel\Lumen\Console\Kernel->handle(Object(Symfony\Component\Console\Input\ArgvInput), Object(Symfony\Component\Console\Output\ConsoleOutput))
#5 {main} {"exception":"[object] (Symfony\\Component\\Console\\Exception\\CommandNotFoundException(code: 0): Command \"make:model\" is not defined.

Did you mean one of these?
    make:migration
    make:seeder at /var/www/html/S7/S07-E01-lumen-videogame/vendor/symfony/console/Application.php:639)
[stacktrace]
#0 /var/www/html/S7/S07-E01-lumen-videogame/vendor/symfony/console/Application.php(233): Symfony\\Component\\Console\\Application->find('make:model')
#1 /var/www/html/S7/S07-E01-lumen-videogame/vendor/symfony/console/Application.php(145): Symfony\\Component\\Console\\Application->doRun(Object(Symfony\\Component\\Console\\Input\\ArgvInput), Object(Symfony\\Component\\Console\\Output\\ConsoleOutput))
#2 /var/www/html/S7/S07-E01-lumen-videogame/vendor/illuminate/console/Application.php(90): Symfony\\Component\\Console\\Application->run(Object(Symfony\\Component\\Console\\Input\\ArgvInput), Object(Symfony\\Component\\Console\\Output\\ConsoleOutput))
#3 /var/www/html/S7/S07-E01-lumen-videogame/vendor/laravel/lumen-framework/src/Console/Kernel.php(115): Illuminate\\Console\\Application->run(Object(Symfony\\Component\\Console\\Input\\ArgvInput), Object(Symfony\\Component\\Console\\Output\\ConsoleOutput))
#4 /var/www/html/S7/S07-E01-lumen-videogame/artisan(35): Laravel\\Lumen\\Console\\Kernel->handle(Object(Symfony\\Component\\Console\\Input\\ArgvInput), Object(Symfony\\Component\\Console\\Output\\ConsoleOutput))
#5 {main}
"} 
[2019-04-02 09:19:35] local.ERROR: BadMethodCallException: Call to undefined method App\Models\Videogame::getName() in /var/www/html/S7/S07-E01-lumen-videogame/vendor/illuminate/support/Traits/ForwardsCalls.php:50
Stack trace:
#0 /var/www/html/S7/S07-E01-lumen-videogame/vendor/illuminate/support/Traits/ForwardsCalls.php(36): Illuminate\Database\Eloquent\Model::throwBadMethodCallException('getName')
#1 /var/www/html/S7/S07-E01-lumen-videogame/vendor/illuminate/database/Eloquent/Model.php(1614): Illuminate\Database\Eloquent\Model->forwardCallTo(Object(Illuminate\Database\Eloquent\Builder), 'getName', Array)
#2 /var/www/html/S7/S07-E01-lumen-videogame/resources/views/home.php(25): Illuminate\Database\Eloquent\Model->__call('getName', Array)
#3 /var/www/html/S7/S07-E01-lumen-videogame/vendor/illuminate/view/Engines/PhpEngine.php(43): include('/var/www/html/S...')
#4 /var/www/html/S7/S07-E01-lumen-videogame/vendor/illuminate/view/Engines/PhpEngine.php(21): Illuminate\View\Engines\PhpEngine->evaluatePath('/var/www/html/S...', Array)
#5 /var/www/html/S7/S07-E01-lumen-videogame/vendor/illuminate/view/View.php(142): Illuminate\View\Engines\PhpEngine->get('/var/www/html/S...', Array)
#6 /var/www/html/S7/S07-E01-lumen-videogame/vendor/illuminate/view/View.php(125): Illuminate\View\View->getContents()
#7 /var/www/html/S7/S07-E01-lumen-videogame/vendor/illuminate/view/View.php(90): Illuminate\View\View->renderContents()
#8 /var/www/html/S7/S07-E01-lumen-videogame/vendor/illuminate/http/Response.php(42): Illuminate\View\View->render()
#9 /var/www/html/S7/S07-E01-lumen-videogame/vendor/symfony/http-foundation/Response.php(202): Illuminate\Http\Response->setContent(Object(Illuminate\View\View))
#10 /var/www/html/S7/S07-E01-lumen-videogame/vendor/laravel/lumen-framework/src/Concerns/RoutesRequests.php(436): Symfony\Component\HttpFoundation\Response->__construct(Object(Illuminate\View\View))
#11 /var/www/html/S7/S07-E01-lumen-videogame/vendor/laravel/lumen-framework/src/Concerns/RoutesRequests.php(376): Laravel\Lumen\Application->prepareResponse(Object(Illuminate\View\View))
#12 /var/www/html/S7/S07-E01-lumen-videogame/vendor/laravel/lumen-framework/src/Concerns/RoutesRequests.php(342): Laravel\Lumen\Application->callControllerCallable(Array, Array)
#13 /var/www/html/S7/S07-E01-lumen-videogame/vendor/laravel/lumen-framework/src/Concerns/RoutesRequests.php(316): Laravel\Lumen\Application->callLumenController(Object(App\Http\Controllers\MainController), 'home', Array)
#14 /var/www/html/S7/S07-E01-lumen-videogame/vendor/laravel/lumen-framework/src/Concerns/RoutesRequests.php(278): Laravel\Lumen\Application->callControllerAction(Array)
#15 /var/www/html/S7/S07-E01-lumen-videogame/vendor/laravel/lumen-framework/src/Concerns/RoutesRequests.php(263): Laravel\Lumen\Application->callActionOnArrayBasedRoute(Array)
#16 /var/www/html/S7/S07-E01-lumen-videogame/vendor/laravel/lumen-framework/src/Concerns/RoutesRequests.php(165): Laravel\Lumen\Application->handleFoundRoute(Array)
#17 /var/www/html/S7/S07-E01-lumen-videogame/vendor/laravel/lumen-framework/src/Concerns/RoutesRequests.php(416): Laravel\Lumen\Application->Laravel\Lumen\Concerns\{closure}(Object(Laravel\Lumen\Http\Request))
#18 /var/www/html/S7/S07-E01-lumen-videogame/vendor/laravel/lumen-framework/src/Concerns/RoutesRequests.php(171): Laravel\Lumen\Application->sendThroughPipeline(Array, Object(Closure))
#19 /var/www/html/S7/S07-E01-lumen-videogame/vendor/laravel/lumen-framework/src/Concerns/RoutesRequests.php(108): Laravel\Lumen\Application->dispatch(NULL)
#20 /var/www/html/S7/S07-E01-lumen-videogame/public/index.php(28): Laravel\Lumen\Application->run()
#21 {main} {"exception":"[object] (BadMethodCallException(code: 0): Call to undefined method App\\Models\\Videogame::getName() at /var/www/html/S7/S07-E01-lumen-videogame/vendor/illuminate/support/Traits/ForwardsCalls.php:50)
[stacktrace]
#0 /var/www/html/S7/S07-E01-lumen-videogame/vendor/illuminate/support/Traits/ForwardsCalls.php(36): Illuminate\\Database\\Eloquent\\Model::throwBadMethodCallException('getName')
#1 /var/www/html/S7/S07-E01-lumen-videogame/vendor/illuminate/database/Eloquent/Model.php(1614): Illuminate\\Database\\Eloquent\\Model->forwardCallTo(Object(Illuminate\\Database\\Eloquent\\Builder), 'getName', Array)
#2 /var/www/html/S7/S07-E01-lumen-videogame/resources/views/home.php(25): Illuminate\\Database\\Eloquent\\Model->__call('getName', Array)
#3 /var/www/html/S7/S07-E01-lumen-videogame/vendor/illuminate/view/Engines/PhpEngine.php(43): include('/var/www/html/S...')
#4 /var/www/html/S7/S07-E01-lumen-videogame/vendor/illuminate/view/Engines/PhpEngine.php(21): Illuminate\\View\\Engines\\PhpEngine->evaluatePath('/var/www/html/S...', Array)
#5 /var/www/html/S7/S07-E01-lumen-videogame/vendor/illuminate/view/View.php(142): Illuminate\\View\\Engines\\PhpEngine->get('/var/www/html/S...', Array)
#6 /var/www/html/S7/S07-E01-lumen-videogame/vendor/illuminate/view/View.php(125): Illuminate\\View\\View->getContents()
#7 /var/www/html/S7/S07-E01-lumen-videogame/vendor/illuminate/view/View.php(90): Illuminate\\View\\View->renderContents()
#8 /var/www/html/S7/S07-E01-lumen-videogame/vendor/illuminate/http/Response.php(42): Illuminate\\View\\View->render()
#9 /var/www/html/S7/S07-E01-lumen-videogame/vendor/symfony/http-foundation/Response.php(202): Illuminate\\Http\\Response->setContent(Object(Illuminate\\View\\View))
#10 /var/www/html/S7/S07-E01-lumen-videogame/vendor/laravel/lumen-framework/src/Concerns/RoutesRequests.php(436): Symfony\\Component\\HttpFoundation\\Response->__construct(Object(Illuminate\\View\\View))
#11 /var/www/html/S7/S07-E01-lumen-videogame/vendor/laravel/lumen-framework/src/Concerns/RoutesRequests.php(376): Laravel\\Lumen\\Application->prepareResponse(Object(Illuminate\\View\\View))
#12 /var/www/html/S7/S07-E01-lumen-videogame/vendor/laravel/lumen-framework/src/Concerns/RoutesRequests.php(342): Laravel\\Lumen\\Application->callControllerCallable(Array, Array)
#13 /var/www/html/S7/S07-E01-lumen-videogame/vendor/laravel/lumen-framework/src/Concerns/RoutesRequests.php(316): Laravel\\Lumen\\Application->callLumenController(Object(App\\Http\\Controllers\\MainController), 'home', Array)
#14 /var/www/html/S7/S07-E01-lumen-videogame/vendor/laravel/lumen-framework/src/Concerns/RoutesRequests.php(278): Laravel\\Lumen\\Application->callControllerAction(Array)
#15 /var/www/html/S7/S07-E01-lumen-videogame/vendor/laravel/lumen-framework/src/Concerns/RoutesRequests.php(263): Laravel\\Lumen\\Application->callActionOnArrayBasedRoute(Array)
#16 /var/www/html/S7/S07-E01-lumen-videogame/vendor/laravel/lumen-framework/src/Concerns/RoutesRequests.php(165): Laravel\\Lumen\\Application->handleFoundRoute(Array)
#17 /var/www/html/S7/S07-E01-lumen-videogame/vendor/laravel/lumen-framework/src/Concerns/RoutesRequests.php(416): Laravel\\Lumen\\Application->Laravel\\Lumen\\Concerns\\{closure}(Object(Laravel\\Lumen\\Http\\Request))
#18 /var/www/html/S7/S07-E01-lumen-videogame/vendor/laravel/lumen-framework/src/Concerns/RoutesRequests.php(171): Laravel\\Lumen\\Application->sendThroughPipeline(Array, Object(Closure))
#19 /var/www/html/S7/S07-E01-lumen-videogame/vendor/laravel/lumen-framework/src/Concerns/RoutesRequests.php(108): Laravel\\Lumen\\Application->dispatch(NULL)
#20 /var/www/html/S7/S07-E01-lumen-videogame/public/index.php(28): Laravel\\Lumen\\Application->run()
#21 {main}
"} 
[2019-04-02 09:19:45] local.ERROR: BadMethodCallException: Call to undefined method App\Models\Videogame::name() in /var/www/html/S7/S07-E01-lumen-videogame/vendor/illuminate/support/Traits/ForwardsCalls.php:50
Stack trace:
#0 /var/www/html/S7/S07-E01-lumen-videogame/vendor/illuminate/support/Traits/ForwardsCalls.php(36): Illuminate\Database\Eloquent\Model::throwBadMethodCallException('name')
#1 /var/www/html/S7/S07-E01-lumen-videogame/vendor/illuminate/database/Eloquent/Model.php(1614): Illuminate\Database\Eloquent\Model->forwardCallTo(Object(Illuminate\Database\Eloquent\Builder), 'name', Array)
#2 /var/www/html/S7/S07-E01-lumen-videogame/resources/views/home.php(25): Illuminate\Database\Eloquent\Model->__call('name', Array)
#3 /var/www/html/S7/S07-E01-lumen-videogame/vendor/illuminate/view/Engines/PhpEngine.php(43): include('/var/www/html/S...')
#4 /var/www/html/S7/S07-E01-lumen-videogame/vendor/illuminate/view/Engines/PhpEngine.php(21): Illuminate\View\Engines\PhpEngine->evaluatePath('/var/www/html/S...', Array)
#5 /var/www/html/S7/S07-E01-lumen-videogame/vendor/illuminate/view/View.php(142): Illuminate\View\Engines\PhpEngine->get('/var/www/html/S...', Array)
#6 /var/www/html/S7/S07-E01-lumen-videogame/vendor/illuminate/view/View.php(125): Illuminate\View\View->getContents()
#7 /var/www/html/S7/S07-E01-lumen-videogame/vendor/illuminate/view/View.php(90): Illuminate\View\View->renderContents()
#8 /var/www/html/S7/S07-E01-lumen-videogame/vendor/illuminate/http/Response.php(42): Illuminate\View\View->render()
#9 /var/www/html/S7/S07-E01-lumen-videogame/vendor/symfony/http-foundation/Response.php(202): Illuminate\Http\Response->setContent(Object(Illuminate\View\View))
#10 /var/www/html/S7/S07-E01-lumen-videogame/vendor/laravel/lumen-framework/src/Concerns/RoutesRequests.php(436): Symfony\Component\HttpFoundation\Response->__construct(Object(Illuminate\View\View))
#11 /var/www/html/S7/S07-E01-lumen-videogame/vendor/laravel/lumen-framework/src/Concerns/RoutesRequests.php(376): Laravel\Lumen\Application->prepareResponse(Object(Illuminate\View\View))
#12 /var/www/html/S7/S07-E01-lumen-videogame/vendor/laravel/lumen-framework/src/Concerns/RoutesRequests.php(342): Laravel\Lumen\Application->callControllerCallable(Array, Array)
#13 /var/www/html/S7/S07-E01-lumen-videogame/vendor/laravel/lumen-framework/src/Concerns/RoutesRequests.php(316): Laravel\Lumen\Application->callLumenController(Object(App\Http\Controllers\MainController), 'home', Array)
#14 /var/www/html/S7/S07-E01-lumen-videogame/vendor/laravel/lumen-framework/src/Concerns/RoutesRequests.php(278): Laravel\Lumen\Application->callControllerAction(Array)
#15 /var/www/html/S7/S07-E01-lumen-videogame/vendor/laravel/lumen-framework/src/Concerns/RoutesRequests.php(263): Laravel\Lumen\Application->callActionOnArrayBasedRoute(Array)
#16 /var/www/html/S7/S07-E01-lumen-videogame/vendor/laravel/lumen-framework/src/Concerns/RoutesRequests.php(165): Laravel\Lumen\Application->handleFoundRoute(Array)
#17 /var/www/html/S7/S07-E01-lumen-videogame/vendor/laravel/lumen-framework/src/Concerns/RoutesRequests.php(416): Laravel\Lumen\Application->Laravel\Lumen\Concerns\{closure}(Object(Laravel\Lumen\Http\Request))
#18 /var/www/html/S7/S07-E01-lumen-videogame/vendor/laravel/lumen-framework/src/Concerns/RoutesRequests.php(171): Laravel\Lumen\Application->sendThroughPipeline(Array, Object(Closure))
#19 /var/www/html/S7/S07-E01-lumen-videogame/vendor/laravel/lumen-framework/src/Concerns/RoutesRequests.php(108): Laravel\Lumen\Application->dispatch(NULL)
#20 /var/www/html/S7/S07-E01-lumen-videogame/public/index.php(28): Laravel\Lumen\Application->run()
#21 {main} {"exception":"[object] (BadMethodCallException(code: 0): Call to undefined method App\\Models\\Videogame::name() at /var/www/html/S7/S07-E01-lumen-videogame/vendor/illuminate/support/Traits/ForwardsCalls.php:50)
[stacktrace]
#0 /var/www/html/S7/S07-E01-lumen-videogame/vendor/illuminate/support/Traits/ForwardsCalls.php(36): Illuminate\\Database\\Eloquent\\Model::throwBadMethodCallException('name')
#1 /var/www/html/S7/S07-E01-lumen-videogame/vendor/illuminate/database/Eloquent/Model.php(1614): Illuminate\\Database\\Eloquent\\Model->forwardCallTo(Object(Illuminate\\Database\\Eloquent\\Builder), 'name', Array)
#2 /var/www/html/S7/S07-E01-lumen-videogame/resources/views/home.php(25): Illuminate\\Database\\Eloquent\\Model->__call('name', Array)
#3 /var/www/html/S7/S07-E01-lumen-videogame/vendor/illuminate/view/Engines/PhpEngine.php(43): include('/var/www/html/S...')
#4 /var/www/html/S7/S07-E01-lumen-videogame/vendor/illuminate/view/Engines/PhpEngine.php(21): Illuminate\\View\\Engines\\PhpEngine->evaluatePath('/var/www/html/S...', Array)
#5 /var/www/html/S7/S07-E01-lumen-videogame/vendor/illuminate/view/View.php(142): Illuminate\\View\\Engines\\PhpEngine->get('/var/www/html/S...', Array)
#6 /var/www/html/S7/S07-E01-lumen-videogame/vendor/illuminate/view/View.php(125): Illuminate\\View\\View->getContents()
#7 /var/www/html/S7/S07-E01-lumen-videogame/vendor/illuminate/view/View.php(90): Illuminate\\View\\View->renderContents()
#8 /var/www/html/S7/S07-E01-lumen-videogame/vendor/illuminate/http/Response.php(42): Illuminate\\View\\View->render()
#9 /var/www/html/S7/S07-E01-lumen-videogame/vendor/symfony/http-foundation/Response.php(202): Illuminate\\Http\\Response->setContent(Object(Illuminate\\View\\View))
#10 /var/www/html/S7/S07-E01-lumen-videogame/vendor/laravel/lumen-framework/src/Concerns/RoutesRequests.php(436): Symfony\\Component\\HttpFoundation\\Response->__construct(Object(Illuminate\\View\\View))
#11 /var/www/html/S7/S07-E01-lumen-videogame/vendor/laravel/lumen-framework/src/Concerns/RoutesRequests.php(376): Laravel\\Lumen\\Application->prepareResponse(Object(Illuminate\\View\\View))
#12 /var/www/html/S7/S07-E01-lumen-videogame/vendor/laravel/lumen-framework/src/Concerns/RoutesRequests.php(342): Laravel\\Lumen\\Application->callControllerCallable(Array, Array)
#13 /var/www/html/S7/S07-E01-lumen-videogame/vendor/laravel/lumen-framework/src/Concerns/RoutesRequests.php(316): Laravel\\Lumen\\Application->callLumenController(Object(App\\Http\\Controllers\\MainController), 'home', Array)
#14 /var/www/html/S7/S07-E01-lumen-videogame/vendor/laravel/lumen-framework/src/Concerns/RoutesRequests.php(278): Laravel\\Lumen\\Application->callControllerAction(Array)
#15 /var/www/html/S7/S07-E01-lumen-videogame/vendor/laravel/lumen-framework/src/Concerns/RoutesRequests.php(263): Laravel\\Lumen\\Application->callActionOnArrayBasedRoute(Array)
#16 /var/www/html/S7/S07-E01-lumen-videogame/vendor/laravel/lumen-framework/src/Concerns/RoutesRequests.php(165): Laravel\\Lumen\\Application->handleFoundRoute(Array)
#17 /var/www/html/S7/S07-E01-lumen-videogame/vendor/laravel/lumen-framework/src/Concerns/RoutesRequests.php(416): Laravel\\Lumen\\Application->Laravel\\Lumen\\Concerns\\{closure}(Object(Laravel\\Lumen\\Http\\Request))
#18 /var/www/html/S7/S07-E01-lumen-videogame/vendor/laravel/lumen-framework/src/Concerns/RoutesRequests.php(171): Laravel\\Lumen\\Application->sendThroughPipeline(Array, Object(Closure))
#19 /var/www/html/S7/S07-E01-lumen-videogame/vendor/laravel/lumen-framework/src/Concerns/RoutesRequests.php(108): Laravel\\Lumen\\Application->dispatch(NULL)
#20 /var/www/html/S7/S07-E01-lumen-videogame/public/index.php(28): Laravel\\Lumen\\Application->run()
#21 {main}
"} 
[2019-04-02 09:22:42] local.ERROR: Symfony\Component\Debug\Exception\FatalThrowableError: Call to a member function name() on null in /var/www/html/S7/S07-E01-lumen-videogame/resources/views/home.php:25
Stack trace:
#0 /var/www/html/S7/S07-E01-lumen-videogame/vendor/illuminate/view/Engines/PhpEngine.php(43): include()
#1 /var/www/html/S7/S07-E01-lumen-videogame/vendor/illuminate/view/Engines/PhpEngine.php(21): Illuminate\View\Engines\PhpEngine->evaluatePath('/var/www/html/S...', Array)
#2 /var/www/html/S7/S07-E01-lumen-videogame/vendor/illuminate/view/View.php(142): Illuminate\View\Engines\PhpEngine->get('/var/www/html/S...', Array)
#3 /var/www/html/S7/S07-E01-lumen-videogame/vendor/illuminate/view/View.php(125): Illuminate\View\View->getContents()
#4 /var/www/html/S7/S07-E01-lumen-videogame/vendor/illuminate/view/View.php(90): Illuminate\View\View->renderContents()
#5 /var/www/html/S7/S07-E01-lumen-videogame/vendor/illuminate/http/Response.php(42): Illuminate\View\View->render()
#6 /var/www/html/S7/S07-E01-lumen-videogame/vendor/symfony/http-foundation/Response.php(202): Illuminate\Http\Response->setContent(Object(Illuminate\View\View))
#7 /var/www/html/S7/S07-E01-lumen-videogame/vendor/laravel/lumen-framework/src/Concerns/RoutesRequests.php(436): Symfony\Component\HttpFoundation\Response->__construct(Object(Illuminate\View\View))
#8 /var/www/html/S7/S07-E01-lumen-videogame/vendor/laravel/lumen-framework/src/Concerns/RoutesRequests.php(376): Laravel\Lumen\Application->prepareResponse(Object(Illuminate\View\View))
#9 /var/www/html/S7/S07-E01-lumen-videogame/vendor/laravel/lumen-framework/src/Concerns/RoutesRequests.php(342): Laravel\Lumen\Application->callControllerCallable(Array, Array)
#10 /var/www/html/S7/S07-E01-lumen-videogame/vendor/laravel/lumen-framework/src/Concerns/RoutesRequests.php(316): Laravel\Lumen\Application->callLumenController(Object(App\Http\Controllers\MainController), 'home', Array)
#11 /var/www/html/S7/S07-E01-lumen-videogame/vendor/laravel/lumen-framework/src/Concerns/RoutesRequests.php(278): Laravel\Lumen\Application->callControllerAction(Array)
#12 /var/www/html/S7/S07-E01-lumen-videogame/vendor/laravel/lumen-framework/src/Concerns/RoutesRequests.php(263): Laravel\Lumen\Application->callActionOnArrayBasedRoute(Array)
#13 /var/www/html/S7/S07-E01-lumen-videogame/vendor/laravel/lumen-framework/src/Concerns/RoutesRequests.php(165): Laravel\Lumen\Application->handleFoundRoute(Array)
#14 /var/www/html/S7/S07-E01-lumen-videogame/vendor/laravel/lumen-framework/src/Concerns/RoutesRequests.php(416): Laravel\Lumen\Application->Laravel\Lumen\Concerns\{closure}(Object(Laravel\Lumen\Http\Request))
#15 /var/www/html/S7/S07-E01-lumen-videogame/vendor/laravel/lumen-framework/src/Concerns/RoutesRequests.php(171): Laravel\Lumen\Application->sendThroughPipeline(Array, Object(Closure))
#16 /var/www/html/S7/S07-E01-lumen-videogame/vendor/laravel/lumen-framework/src/Concerns/RoutesRequests.php(108): Laravel\Lumen\Application->dispatch(NULL)
#17 /var/www/html/S7/S07-E01-lumen-videogame/public/index.php(28): Laravel\Lumen\Application->run()
#18 {main} {"exception":"[object] (Symfony\\Component\\Debug\\Exception\\FatalThrowableError(code: 0): Call to a member function name() on null at /var/www/html/S7/S07-E01-lumen-videogame/resources/views/home.php:25)
[stacktrace]
#0 /var/www/html/S7/S07-E01-lumen-videogame/vendor/illuminate/view/Engines/PhpEngine.php(43): include()
#1 /var/www/html/S7/S07-E01-lumen-videogame/vendor/illuminate/view/Engines/PhpEngine.php(21): Illuminate\\View\\Engines\\PhpEngine->evaluatePath('/var/www/html/S...', Array)
#2 /var/www/html/S7/S07-E01-lumen-videogame/vendor/illuminate/view/View.php(142): Illuminate\\View\\Engines\\PhpEngine->get('/var/www/html/S...', Array)
#3 /var/www/html/S7/S07-E01-lumen-videogame/vendor/illuminate/view/View.php(125): Illuminate\\View\\View->getContents()
#4 /var/www/html/S7/S07-E01-lumen-videogame/vendor/illuminate/view/View.php(90): Illuminate\\View\\View->renderContents()
#5 /var/www/html/S7/S07-E01-lumen-videogame/vendor/illuminate/http/Response.php(42): Illuminate\\View\\View->render()
#6 /var/www/html/S7/S07-E01-lumen-videogame/vendor/symfony/http-foundation/Response.php(202): Illuminate\\Http\\Response->setContent(Object(Illuminate\\View\\View))
#7 /var/www/html/S7/S07-E01-lumen-videogame/vendor/laravel/lumen-framework/src/Concerns/RoutesRequests.php(436): Symfony\\Component\\HttpFoundation\\Response->__construct(Object(Illuminate\\View\\View))
#8 /var/www/html/S7/S07-E01-lumen-videogame/vendor/laravel/lumen-framework/src/Concerns/RoutesRequests.php(376): Laravel\\Lumen\\Application->prepareResponse(Object(Illuminate\\View\\View))
#9 /var/www/html/S7/S07-E01-lumen-videogame/vendor/laravel/lumen-framework/src/Concerns/RoutesRequests.php(342): Laravel\\Lumen\\Application->callControllerCallable(Array, Array)
#10 /var/www/html/S7/S07-E01-lumen-videogame/vendor/laravel/lumen-framework/src/Concerns/RoutesRequests.php(316): Laravel\\Lumen\\Application->callLumenController(Object(App\\Http\\Controllers\\MainController), 'home', Array)
#11 /var/www/html/S7/S07-E01-lumen-videogame/vendor/laravel/lumen-framework/src/Concerns/RoutesRequests.php(278): Laravel\\Lumen\\Application->callControllerAction(Array)
#12 /var/www/html/S7/S07-E01-lumen-videogame/vendor/laravel/lumen-framework/src/Concerns/RoutesRequests.php(263): Laravel\\Lumen\\Application->callActionOnArrayBasedRoute(Array)
#13 /var/www/html/S7/S07-E01-lumen-videogame/vendor/laravel/lumen-framework/src/Concerns/RoutesRequests.php(165): Laravel\\Lumen\\Application->handleFoundRoute(Array)
#14 /var/www/html/S7/S07-E01-lumen-videogame/vendor/laravel/lumen-framework/src/Concerns/RoutesRequests.php(416): Laravel\\Lumen\\Application->Laravel\\Lumen\\Concerns\\{closure}(Object(Laravel\\Lumen\\Http\\Request))
#15 /var/www/html/S7/S07-E01-lumen-videogame/vendor/laravel/lumen-framework/src/Concerns/RoutesRequests.php(171): Laravel\\Lumen\\Application->sendThroughPipeline(Array, Object(Closure))
#16 /var/www/html/S7/S07-E01-lumen-videogame/vendor/laravel/lumen-framework/src/Concerns/RoutesRequests.php(108): Laravel\\Lumen\\Application->dispatch(NULL)
#17 /var/www/html/S7/S07-E01-lumen-videogame/public/index.php(28): Laravel\\Lumen\\Application->run()
#18 {main}
"} 
[2019-04-02 09:36:04] local.ERROR: BadMethodCallException: Call to undefined method App\Models\Videogame::getId() in /var/www/html/S7/S07-E01-lumen-videogame/vendor/illuminate/support/Traits/ForwardsCalls.php:50
Stack trace:
#0 /var/www/html/S7/S07-E01-lumen-videogame/vendor/illuminate/support/Traits/ForwardsCalls.php(36): Illuminate\Database\Eloquent\Model::throwBadMethodCallException('getId')
#1 /var/www/html/S7/S07-E01-lumen-videogame/vendor/illuminate/database/Eloquent/Model.php(1614): Illuminate\Database\Eloquent\Model->forwardCallTo(Object(Illuminate\Database\Eloquent\Builder), 'getId', Array)
#2 /var/www/html/S7/S07-E01-lumen-videogame/resources/views/home.php(24): Illuminate\Database\Eloquent\Model->__call('getId', Array)
#3 /var/www/html/S7/S07-E01-lumen-videogame/vendor/illuminate/view/Engines/PhpEngine.php(43): include('/var/www/html/S...')
#4 /var/www/html/S7/S07-E01-lumen-videogame/vendor/illuminate/view/Engines/PhpEngine.php(21): Illuminate\View\Engines\PhpEngine->evaluatePath('/var/www/html/S...', Array)
#5 /var/www/html/S7/S07-E01-lumen-videogame/vendor/illuminate/view/View.php(142): Illuminate\View\Engines\PhpEngine->get('/var/www/html/S...', Array)
#6 /var/www/html/S7/S07-E01-lumen-videogame/vendor/illuminate/view/View.php(125): Illuminate\View\View->getContents()
#7 /var/www/html/S7/S07-E01-lumen-videogame/vendor/illuminate/view/View.php(90): Illuminate\View\View->renderContents()
#8 /var/www/html/S7/S07-E01-lumen-videogame/vendor/illuminate/http/Response.php(42): Illuminate\View\View->render()
#9 /var/www/html/S7/S07-E01-lumen-videogame/vendor/symfony/http-foundation/Response.php(202): Illuminate\Http\Response->setContent(Object(Illuminate\View\View))
#10 /var/www/html/S7/S07-E01-lumen-videogame/vendor/laravel/lumen-framework/src/Concerns/RoutesRequests.php(436): Symfony\Component\HttpFoundation\Response->__construct(Object(Illuminate\View\View))
#11 /var/www/html/S7/S07-E01-lumen-videogame/vendor/laravel/lumen-framework/src/Concerns/RoutesRequests.php(376): Laravel\Lumen\Application->prepareResponse(Object(Illuminate\View\View))
#12 /var/www/html/S7/S07-E01-lumen-videogame/vendor/laravel/lumen-framework/src/Concerns/RoutesRequests.php(342): Laravel\Lumen\Application->callControllerCallable(Array, Array)
#13 /var/www/html/S7/S07-E01-lumen-videogame/vendor/laravel/lumen-framework/src/Concerns/RoutesRequests.php(316): Laravel\Lumen\Application->callLumenController(Object(App\Http\Controllers\MainController), 'home', Array)
#14 /var/www/html/S7/S07-E01-lumen-videogame/vendor/laravel/lumen-framework/src/Concerns/RoutesRequests.php(278): Laravel\Lumen\Application->callControllerAction(Array)
#15 /var/www/html/S7/S07-E01-lumen-videogame/vendor/laravel/lumen-framework/src/Concerns/RoutesRequests.php(263): Laravel\Lumen\Application->callActionOnArrayBasedRoute(Array)
#16 /var/www/html/S7/S07-E01-lumen-videogame/vendor/laravel/lumen-framework/src/Concerns/RoutesRequests.php(165): Laravel\Lumen\Application->handleFoundRoute(Array)
#17 /var/www/html/S7/S07-E01-lumen-videogame/vendor/laravel/lumen-framework/src/Concerns/RoutesRequests.php(416): Laravel\Lumen\Application->Laravel\Lumen\Concerns\{closure}(Object(Laravel\Lumen\Http\Request))
#18 /var/www/html/S7/S07-E01-lumen-videogame/vendor/laravel/lumen-framework/src/Concerns/RoutesRequests.php(171): Laravel\Lumen\Application->sendThroughPipeline(Array, Object(Closure))
#19 /var/www/html/S7/S07-E01-lumen-videogame/vendor/laravel/lumen-framework/src/Concerns/RoutesRequests.php(108): Laravel\Lumen\Application->dispatch(NULL)
#20 /var/www/html/S7/S07-E01-lumen-videogame/public/index.php(28): Laravel\Lumen\Application->run()
#21 {main} {"exception":"[object] (BadMethodCallException(code: 0): Call to undefined method App\\Models\\Videogame::getId() at /var/www/html/S7/S07-E01-lumen-videogame/vendor/illuminate/support/Traits/ForwardsCalls.php:50)
[stacktrace]
#0 /var/www/html/S7/S07-E01-lumen-videogame/vendor/illuminate/support/Traits/ForwardsCalls.php(36): Illuminate\\Database\\Eloquent\\Model::throwBadMethodCallException('getId')
#1 /var/www/html/S7/S07-E01-lumen-videogame/vendor/illuminate/database/Eloquent/Model.php(1614): Illuminate\\Database\\Eloquent\\Model->forwardCallTo(Object(Illuminate\\Database\\Eloquent\\Builder), 'getId', Array)
#2 /var/www/html/S7/S07-E01-lumen-videogame/resources/views/home.php(24): Illuminate\\Database\\Eloquent\\Model->__call('getId', Array)
#3 /var/www/html/S7/S07-E01-lumen-videogame/vendor/illuminate/view/Engines/PhpEngine.php(43): include('/var/www/html/S...')
#4 /var/www/html/S7/S07-E01-lumen-videogame/vendor/illuminate/view/Engines/PhpEngine.php(21): Illuminate\\View\\Engines\\PhpEngine->evaluatePath('/var/www/html/S...', Array)
#5 /var/www/html/S7/S07-E01-lumen-videogame/vendor/illuminate/view/View.php(142): Illuminate\\View\\Engines\\PhpEngine->get('/var/www/html/S...', Array)
#6 /var/www/html/S7/S07-E01-lumen-videogame/vendor/illuminate/view/View.php(125): Illuminate\\View\\View->getContents()
#7 /var/www/html/S7/S07-E01-lumen-videogame/vendor/illuminate/view/View.php(90): Illuminate\\View\\View->renderContents()
#8 /var/www/html/S7/S07-E01-lumen-videogame/vendor/illuminate/http/Response.php(42): Illuminate\\View\\View->render()
#9 /var/www/html/S7/S07-E01-lumen-videogame/vendor/symfony/http-foundation/Response.php(202): Illuminate\\Http\\Response->setContent(Object(Illuminate\\View\\View))
#10 /var/www/html/S7/S07-E01-lumen-videogame/vendor/laravel/lumen-framework/src/Concerns/RoutesRequests.php(436): Symfony\\Component\\HttpFoundation\\Response->__construct(Object(Illuminate\\View\\View))
#11 /var/www/html/S7/S07-E01-lumen-videogame/vendor/laravel/lumen-framework/src/Concerns/RoutesRequests.php(376): Laravel\\Lumen\\Application->prepareResponse(Object(Illuminate\\View\\View))
#12 /var/www/html/S7/S07-E01-lumen-videogame/vendor/laravel/lumen-framework/src/Concerns/RoutesRequests.php(342): Laravel\\Lumen\\Application->callControllerCallable(Array, Array)
#13 /var/www/html/S7/S07-E01-lumen-videogame/vendor/laravel/lumen-framework/src/Concerns/RoutesRequests.php(316): Laravel\\Lumen\\Application->callLumenController(Object(App\\Http\\Controllers\\MainController), 'home', Array)
#14 /var/www/html/S7/S07-E01-lumen-videogame/vendor/laravel/lumen-framework/src/Concerns/RoutesRequests.php(278): Laravel\\Lumen\\Application->callControllerAction(Array)
#15 /var/www/html/S7/S07-E01-lumen-videogame/vendor/laravel/lumen-framework/src/Concerns/RoutesRequests.php(263): Laravel\\Lumen\\Application->callActionOnArrayBasedRoute(Array)
#16 /var/www/html/S7/S07-E01-lumen-videogame/vendor/laravel/lumen-framework/src/Concerns/RoutesRequests.php(165): Laravel\\Lumen\\Application->handleFoundRoute(Array)
#17 /var/www/html/S7/S07-E01-lumen-videogame/vendor/laravel/lumen-framework/src/Concerns/RoutesRequests.php(416): Laravel\\Lumen\\Application->Laravel\\Lumen\\Concerns\\{closure}(Object(Laravel\\Lumen\\Http\\Request))
#18 /var/www/html/S7/S07-E01-lumen-videogame/vendor/laravel/lumen-framework/src/Concerns/RoutesRequests.php(171): Laravel\\Lumen\\Application->sendThroughPipeline(Array, Object(Closure))
#19 /var/www/html/S7/S07-E01-lumen-videogame/vendor/laravel/lumen-framework/src/Concerns/RoutesRequests.php(108): Laravel\\Lumen\\Application->dispatch(NULL)
#20 /var/www/html/S7/S07-E01-lumen-videogame/public/index.php(28): Laravel\\Lumen\\Application->run()
#21 {main}
"} 
[2019-04-02 09:41:51] local.ERROR: Symfony\Component\Debug\Exception\FatalThrowableError: Class 'App\Http\Controllers\Platform' not found in /var/www/html/S7/S07-E01-lumen-videogame/app/Http/Controllers/MainController.php:44
Stack trace:
#0 [internal function]: App\Http\Controllers\MainController->admin()
#1 /var/www/html/S7/S07-E01-lumen-videogame/vendor/illuminate/container/BoundMethod.php(32): call_user_func_array(Array, Array)
#2 /var/www/html/S7/S07-E01-lumen-videogame/vendor/illuminate/container/BoundMethod.php(90): Illuminate\Container\BoundMethod::Illuminate\Container\{closure}()
#3 /var/www/html/S7/S07-E01-lumen-videogame/vendor/illuminate/container/BoundMethod.php(34): Illuminate\Container\BoundMethod::callBoundMethod(Object(Laravel\Lumen\Application), Array, Object(Closure))
#4 /var/www/html/S7/S07-E01-lumen-videogame/vendor/illuminate/container/Container.php(580): Illuminate\Container\BoundMethod::call(Object(Laravel\Lumen\Application), Array, Array, NULL)
#5 /var/www/html/S7/S07-E01-lumen-videogame/vendor/laravel/lumen-framework/src/Concerns/RoutesRequests.php(376): Illuminate\Container\Container->call(Array, Array)
#6 /var/www/html/S7/S07-E01-lumen-videogame/vendor/laravel/lumen-framework/src/Concerns/RoutesRequests.php(342): Laravel\Lumen\Application->callControllerCallable(Array, Array)
#7 /var/www/html/S7/S07-E01-lumen-videogame/vendor/laravel/lumen-framework/src/Concerns/RoutesRequests.php(316): Laravel\Lumen\Application->callLumenController(Object(App\Http\Controllers\MainController), 'admin', Array)
#8 /var/www/html/S7/S07-E01-lumen-videogame/vendor/laravel/lumen-framework/src/Concerns/RoutesRequests.php(278): Laravel\Lumen\Application->callControllerAction(Array)
#9 /var/www/html/S7/S07-E01-lumen-videogame/vendor/laravel/lumen-framework/src/Concerns/RoutesRequests.php(263): Laravel\Lumen\Application->callActionOnArrayBasedRoute(Array)
#10 /var/www/html/S7/S07-E01-lumen-videogame/vendor/laravel/lumen-framework/src/Concerns/RoutesRequests.php(165): Laravel\Lumen\Application->handleFoundRoute(Array)
#11 /var/www/html/S7/S07-E01-lumen-videogame/vendor/laravel/lumen-framework/src/Concerns/RoutesRequests.php(416): Laravel\Lumen\Application->Laravel\Lumen\Concerns\{closure}(Object(Laravel\Lumen\Http\Request))
#12 /var/www/html/S7/S07-E01-lumen-videogame/vendor/laravel/lumen-framework/src/Concerns/RoutesRequests.php(171): Laravel\Lumen\Application->sendThroughPipeline(Array, Object(Closure))
#13 /var/www/html/S7/S07-E01-lumen-videogame/vendor/laravel/lumen-framework/src/Concerns/RoutesRequests.php(108): Laravel\Lumen\Application->dispatch(NULL)
#14 /var/www/html/S7/S07-E01-lumen-videogame/public/index.php(28): Laravel\Lumen\Application->run()
#15 {main} {"exception":"[object] (Symfony\\Component\\Debug\\Exception\\FatalThrowableError(code: 0): Class 'App\\Http\\Controllers\\Platform' not found at /var/www/html/S7/S07-E01-lumen-videogame/app/Http/Controllers/MainController.php:44)
[stacktrace]
#0 [internal function]: App\\Http\\Controllers\\MainController->admin()
#1 /var/www/html/S7/S07-E01-lumen-videogame/vendor/illuminate/container/BoundMethod.php(32): call_user_func_array(Array, Array)
#2 /var/www/html/S7/S07-E01-lumen-videogame/vendor/illuminate/container/BoundMethod.php(90): Illuminate\\Container\\BoundMethod::Illuminate\\Container\\{closure}()
#3 /var/www/html/S7/S07-E01-lumen-videogame/vendor/illuminate/container/BoundMethod.php(34): Illuminate\\Container\\BoundMethod::callBoundMethod(Object(Laravel\\Lumen\\Application), Array, Object(Closure))
#4 /var/www/html/S7/S07-E01-lumen-videogame/vendor/illuminate/container/Container.php(580): Illuminate\\Container\\BoundMethod::call(Object(Laravel\\Lumen\\Application), Array, Array, NULL)
#5 /var/www/html/S7/S07-E01-lumen-videogame/vendor/laravel/lumen-framework/src/Concerns/RoutesRequests.php(376): Illuminate\\Container\\Container->call(Array, Array)
#6 /var/www/html/S7/S07-E01-lumen-videogame/vendor/laravel/lumen-framework/src/Concerns/RoutesRequests.php(342): Laravel\\Lumen\\Application->callControllerCallable(Array, Array)
#7 /var/www/html/S7/S07-E01-lumen-videogame/vendor/laravel/lumen-framework/src/Concerns/RoutesRequests.php(316): Laravel\\Lumen\\Application->callLumenController(Object(App\\Http\\Controllers\\MainController), 'admin', Array)
#8 /var/www/html/S7/S07-E01-lumen-videogame/vendor/laravel/lumen-framework/src/Concerns/RoutesRequests.php(278): Laravel\\Lumen\\Application->callControllerAction(Array)
#9 /var/www/html/S7/S07-E01-lumen-videogame/vendor/laravel/lumen-framework/src/Concerns/RoutesRequests.php(263): Laravel\\Lumen\\Application->callActionOnArrayBasedRoute(Array)
#10 /var/www/html/S7/S07-E01-lumen-videogame/vendor/laravel/lumen-framework/src/Concerns/RoutesRequests.php(165): Laravel\\Lumen\\Application->handleFoundRoute(Array)
#11 /var/www/html/S7/S07-E01-lumen-videogame/vendor/laravel/lumen-framework/src/Concerns/RoutesRequests.php(416): Laravel\\Lumen\\Application->Laravel\\Lumen\\Concerns\\{closure}(Object(Laravel\\Lumen\\Http\\Request))
#12 /var/www/html/S7/S07-E01-lumen-videogame/vendor/laravel/lumen-framework/src/Concerns/RoutesRequests.php(171): Laravel\\Lumen\\Application->sendThroughPipeline(Array, Object(Closure))
#13 /var/www/html/S7/S07-E01-lumen-videogame/vendor/laravel/lumen-framework/src/Concerns/RoutesRequests.php(108): Laravel\\Lumen\\Application->dispatch(NULL)
#14 /var/www/html/S7/S07-E01-lumen-videogame/public/index.php(28): Laravel\\Lumen\\Application->run()
#15 {main}
"} 
[2019-04-02 09:43:20] local.ERROR: Symfony\Component\Debug\Exception\FatalThrowableError: Class 'App\Models\Platform' not found in /var/www/html/S7/S07-E01-lumen-videogame/app/Http/Controllers/MainController.php:46
Stack trace:
#0 [internal function]: App\Http\Controllers\MainController->admin()
#1 /var/www/html/S7/S07-E01-lumen-videogame/vendor/illuminate/container/BoundMethod.php(32): call_user_func_array(Array, Array)
#2 /var/www/html/S7/S07-E01-lumen-videogame/vendor/illuminate/container/BoundMethod.php(90): Illuminate\Container\BoundMethod::Illuminate\Container\{closure}()
#3 /var/www/html/S7/S07-E01-lumen-videogame/vendor/illuminate/container/BoundMethod.php(34): Illuminate\Container\BoundMethod::callBoundMethod(Object(Laravel\Lumen\Application), Array, Object(Closure))
#4 /var/www/html/S7/S07-E01-lumen-videogame/vendor/illuminate/container/Container.php(580): Illuminate\Container\BoundMethod::call(Object(Laravel\Lumen\Application), Array, Array, NULL)
#5 /var/www/html/S7/S07-E01-lumen-videogame/vendor/laravel/lumen-framework/src/Concerns/RoutesRequests.php(376): Illuminate\Container\Container->call(Array, Array)
#6 /var/www/html/S7/S07-E01-lumen-videogame/vendor/laravel/lumen-framework/src/Concerns/RoutesRequests.php(342): Laravel\Lumen\Application->callControllerCallable(Array, Array)
#7 /var/www/html/S7/S07-E01-lumen-videogame/vendor/laravel/lumen-framework/src/Concerns/RoutesRequests.php(316): Laravel\Lumen\Application->callLumenController(Object(App\Http\Controllers\MainController), 'admin', Array)
#8 /var/www/html/S7/S07-E01-lumen-videogame/vendor/laravel/lumen-framework/src/Concerns/RoutesRequests.php(278): Laravel\Lumen\Application->callControllerAction(Array)
#9 /var/www/html/S7/S07-E01-lumen-videogame/vendor/laravel/lumen-framework/src/Concerns/RoutesRequests.php(263): Laravel\Lumen\Application->callActionOnArrayBasedRoute(Array)
#10 /var/www/html/S7/S07-E01-lumen-videogame/vendor/laravel/lumen-framework/src/Concerns/RoutesRequests.php(165): Laravel\Lumen\Application->handleFoundRoute(Array)
#11 /var/www/html/S7/S07-E01-lumen-videogame/vendor/laravel/lumen-framework/src/Concerns/RoutesRequests.php(416): Laravel\Lumen\Application->Laravel\Lumen\Concerns\{closure}(Object(Laravel\Lumen\Http\Request))
#12 /var/www/html/S7/S07-E01-lumen-videogame/vendor/laravel/lumen-framework/src/Concerns/RoutesRequests.php(171): Laravel\Lumen\Application->sendThroughPipeline(Array, Object(Closure))
#13 /var/www/html/S7/S07-E01-lumen-videogame/vendor/laravel/lumen-framework/src/Concerns/RoutesRequests.php(108): Laravel\Lumen\Application->dispatch(NULL)
#14 /var/www/html/S7/S07-E01-lumen-videogame/public/index.php(28): Laravel\Lumen\Application->run()
#15 {main} {"exception":"[object] (Symfony\\Component\\Debug\\Exception\\FatalThrowableError(code: 0): Class 'App\\Models\\Platform' not found at /var/www/html/S7/S07-E01-lumen-videogame/app/Http/Controllers/MainController.php:46)
[stacktrace]
#0 [internal function]: App\\Http\\Controllers\\MainController->admin()
#1 /var/www/html/S7/S07-E01-lumen-videogame/vendor/illuminate/container/BoundMethod.php(32): call_user_func_array(Array, Array)
#2 /var/www/html/S7/S07-E01-lumen-videogame/vendor/illuminate/container/BoundMethod.php(90): Illuminate\\Container\\BoundMethod::Illuminate\\Container\\{closure}()
#3 /var/www/html/S7/S07-E01-lumen-videogame/vendor/illuminate/container/BoundMethod.php(34): Illuminate\\Container\\BoundMethod::callBoundMethod(Object(Laravel\\Lumen\\Application), Array, Object(Closure))
#4 /var/www/html/S7/S07-E01-lumen-videogame/vendor/illuminate/container/Container.php(580): Illuminate\\Container\\BoundMethod::call(Object(Laravel\\Lumen\\Application), Array, Array, NULL)
#5 /var/www/html/S7/S07-E01-lumen-videogame/vendor/laravel/lumen-framework/src/Concerns/RoutesRequests.php(376): Illuminate\\Container\\Container->call(Array, Array)
#6 /var/www/html/S7/S07-E01-lumen-videogame/vendor/laravel/lumen-framework/src/Concerns/RoutesRequests.php(342): Laravel\\Lumen\\Application->callControllerCallable(Array, Array)
#7 /var/www/html/S7/S07-E01-lumen-videogame/vendor/laravel/lumen-framework/src/Concerns/RoutesRequests.php(316): Laravel\\Lumen\\Application->callLumenController(Object(App\\Http\\Controllers\\MainController), 'admin', Array)
#8 /var/www/html/S7/S07-E01-lumen-videogame/vendor/laravel/lumen-framework/src/Concerns/RoutesRequests.php(278): Laravel\\Lumen\\Application->callControllerAction(Array)
#9 /var/www/html/S7/S07-E01-lumen-videogame/vendor/laravel/lumen-framework/src/Concerns/RoutesRequests.php(263): Laravel\\Lumen\\Application->callActionOnArrayBasedRoute(Array)
#10 /var/www/html/S7/S07-E01-lumen-videogame/vendor/laravel/lumen-framework/src/Concerns/RoutesRequests.php(165): Laravel\\Lumen\\Application->handleFoundRoute(Array)
#11 /var/www/html/S7/S07-E01-lumen-videogame/vendor/laravel/lumen-framework/src/Concerns/RoutesRequests.php(416): Laravel\\Lumen\\Application->Laravel\\Lumen\\Concerns\\{closure}(Object(Laravel\\Lumen\\Http\\Request))
#12 /var/www/html/S7/S07-E01-lumen-videogame/vendor/laravel/lumen-framework/src/Concerns/RoutesRequests.php(171): Laravel\\Lumen\\Application->sendThroughPipeline(Array, Object(Closure))
#13 /var/www/html/S7/S07-E01-lumen-videogame/vendor/laravel/lumen-framework/src/Concerns/RoutesRequests.php(108): Laravel\\Lumen\\Application->dispatch(NULL)
#14 /var/www/html/S7/S07-E01-lumen-videogame/public/index.php(28): Laravel\\Lumen\\Application->run()
#15 {main}
"} 
[2019-04-02 09:43:20] local.ERROR: Symfony\Component\Debug\Exception\FatalThrowableError: Class 'App\Models\Platform' not found in /var/www/html/S7/S07-E01-lumen-videogame/app/Http/Controllers/MainController.php:46
Stack trace:
#0 [internal function]: App\Http\Controllers\MainController->admin()
#1 /var/www/html/S7/S07-E01-lumen-videogame/vendor/illuminate/container/BoundMethod.php(32): call_user_func_array(Array, Array)
#2 /var/www/html/S7/S07-E01-lumen-videogame/vendor/illuminate/container/BoundMethod.php(90): Illuminate\Container\BoundMethod::Illuminate\Container\{closure}()
#3 /var/www/html/S7/S07-E01-lumen-videogame/vendor/illuminate/container/BoundMethod.php(34): Illuminate\Container\BoundMethod::callBoundMethod(Object(Laravel\Lumen\Application), Array, Object(Closure))
#4 /var/www/html/S7/S07-E01-lumen-videogame/vendor/illuminate/container/Container.php(580): Illuminate\Container\BoundMethod::call(Object(Laravel\Lumen\Application), Array, Array, NULL)
#5 /var/www/html/S7/S07-E01-lumen-videogame/vendor/laravel/lumen-framework/src/Concerns/RoutesRequests.php(376): Illuminate\Container\Container->call(Array, Array)
#6 /var/www/html/S7/S07-E01-lumen-videogame/vendor/laravel/lumen-framework/src/Concerns/RoutesRequests.php(342): Laravel\Lumen\Application->callControllerCallable(Array, Array)
#7 /var/www/html/S7/S07-E01-lumen-videogame/vendor/laravel/lumen-framework/src/Concerns/RoutesRequests.php(316): Laravel\Lumen\Application->callLumenController(Object(App\Http\Controllers\MainController), 'admin', Array)
#8 /var/www/html/S7/S07-E01-lumen-videogame/vendor/laravel/lumen-framework/src/Concerns/RoutesRequests.php(278): Laravel\Lumen\Application->callControllerAction(Array)
#9 /var/www/html/S7/S07-E01-lumen-videogame/vendor/laravel/lumen-framework/src/Concerns/RoutesRequests.php(263): Laravel\Lumen\Application->callActionOnArrayBasedRoute(Array)
#10 /var/www/html/S7/S07-E01-lumen-videogame/vendor/laravel/lumen-framework/src/Concerns/RoutesRequests.php(165): Laravel\Lumen\Application->handleFoundRoute(Array)
#11 /var/www/html/S7/S07-E01-lumen-videogame/vendor/laravel/lumen-framework/src/Concerns/RoutesRequests.php(416): Laravel\Lumen\Application->Laravel\Lumen\Concerns\{closure}(Object(Laravel\Lumen\Http\Request))
#12 /var/www/html/S7/S07-E01-lumen-videogame/vendor/laravel/lumen-framework/src/Concerns/RoutesRequests.php(171): Laravel\Lumen\Application->sendThroughPipeline(Array, Object(Closure))
#13 /var/www/html/S7/S07-E01-lumen-videogame/vendor/laravel/lumen-framework/src/Concerns/RoutesRequests.php(108): Laravel\Lumen\Application->dispatch(NULL)
#14 /var/www/html/S7/S07-E01-lumen-videogame/public/index.php(28): Laravel\Lumen\Application->run()
#15 {main} {"exception":"[object] (Symfony\\Component\\Debug\\Exception\\FatalThrowableError(code: 0): Class 'App\\Models\\Platform' not found at /var/www/html/S7/S07-E01-lumen-videogame/app/Http/Controllers/MainController.php:46)
[stacktrace]
#0 [internal function]: App\\Http\\Controllers\\MainController->admin()
#1 /var/www/html/S7/S07-E01-lumen-videogame/vendor/illuminate/container/BoundMethod.php(32): call_user_func_array(Array, Array)
#2 /var/www/html/S7/S07-E01-lumen-videogame/vendor/illuminate/container/BoundMethod.php(90): Illuminate\\Container\\BoundMethod::Illuminate\\Container\\{closure}()
#3 /var/www/html/S7/S07-E01-lumen-videogame/vendor/illuminate/container/BoundMethod.php(34): Illuminate\\Container\\BoundMethod::callBoundMethod(Object(Laravel\\Lumen\\Application), Array, Object(Closure))
#4 /var/www/html/S7/S07-E01-lumen-videogame/vendor/illuminate/container/Container.php(580): Illuminate\\Container\\BoundMethod::call(Object(Laravel\\Lumen\\Application), Array, Array, NULL)
#5 /var/www/html/S7/S07-E01-lumen-videogame/vendor/laravel/lumen-framework/src/Concerns/RoutesRequests.php(376): Illuminate\\Container\\Container->call(Array, Array)
#6 /var/www/html/S7/S07-E01-lumen-videogame/vendor/laravel/lumen-framework/src/Concerns/RoutesRequests.php(342): Laravel\\Lumen\\Application->callControllerCallable(Array, Array)
#7 /var/www/html/S7/S07-E01-lumen-videogame/vendor/laravel/lumen-framework/src/Concerns/RoutesRequests.php(316): Laravel\\Lumen\\Application->callLumenController(Object(App\\Http\\Controllers\\MainController), 'admin', Array)
#8 /var/www/html/S7/S07-E01-lumen-videogame/vendor/laravel/lumen-framework/src/Concerns/RoutesRequests.php(278): Laravel\\Lumen\\Application->callControllerAction(Array)
#9 /var/www/html/S7/S07-E01-lumen-videogame/vendor/laravel/lumen-framework/src/Concerns/RoutesRequests.php(263): Laravel\\Lumen\\Application->callActionOnArrayBasedRoute(Array)
#10 /var/www/html/S7/S07-E01-lumen-videogame/vendor/laravel/lumen-framework/src/Concerns/RoutesRequests.php(165): Laravel\\Lumen\\Application->handleFoundRoute(Array)
#11 /var/www/html/S7/S07-E01-lumen-videogame/vendor/laravel/lumen-framework/src/Concerns/RoutesRequests.php(416): Laravel\\Lumen\\Application->Laravel\\Lumen\\Concerns\\{closure}(Object(Laravel\\Lumen\\Http\\Request))
#12 /var/www/html/S7/S07-E01-lumen-videogame/vendor/laravel/lumen-framework/src/Concerns/RoutesRequests.php(171): Laravel\\Lumen\\Application->sendThroughPipeline(Array, Object(Closure))
#13 /var/www/html/S7/S07-E01-lumen-videogame/vendor/laravel/lumen-framework/src/Concerns/RoutesRequests.php(108): Laravel\\Lumen\\Application->dispatch(NULL)
#14 /var/www/html/S7/S07-E01-lumen-videogame/public/index.php(28): Laravel\\Lumen\\Application->run()
#15 {main}
"} 
[2019-04-02 09:46:54] local.ERROR: PDOException: SQLSTATE[42S22]: Column not found: 1054 Unknown column 'ORDER BY name ASC' in 'field list' in /var/www/html/S7/S07-E01-lumen-videogame/vendor/illuminate/database/Connection.php:326
Stack trace:
#0 /var/www/html/S7/S07-E01-lumen-videogame/vendor/illuminate/database/Connection.php(326): PDO->prepare('select `ORDER B...')
#1 /var/www/html/S7/S07-E01-lumen-videogame/vendor/illuminate/database/Connection.php(657): Illuminate\Database\Connection->Illuminate\Database\{closure}('select `ORDER B...', Array)
#2 /var/www/html/S7/S07-E01-lumen-videogame/vendor/illuminate/database/Connection.php(624): Illuminate\Database\Connection->runQueryCallback('select `ORDER B...', Array, Object(Closure))
#3 /var/www/html/S7/S07-E01-lumen-videogame/vendor/illuminate/database/Connection.php(333): Illuminate\Database\Connection->run('select `ORDER B...', Array, Object(Closure))
#4 /var/www/html/S7/S07-E01-lumen-videogame/vendor/illuminate/database/Query/Builder.php(2120): Illuminate\Database\Connection->select('select `ORDER B...', Array, true)
#5 /var/www/html/S7/S07-E01-lumen-videogame/vendor/illuminate/database/Query/Builder.php(2108): Illuminate\Database\Query\Builder->runSelect()
#6 /var/www/html/S7/S07-E01-lumen-videogame/vendor/illuminate/database/Query/Builder.php(2594): Illuminate\Database\Query\Builder->Illuminate\Database\Query\{closure}()
#7 /var/www/html/S7/S07-E01-lumen-videogame/vendor/illuminate/database/Query/Builder.php(2109): Illuminate\Database\Query\Builder->onceWithColumns(Array, Object(Closure))
#8 /var/www/html/S7/S07-E01-lumen-videogame/vendor/illuminate/database/Eloquent/Builder.php(519): Illuminate\Database\Query\Builder->get(Array)
#9 /var/www/html/S7/S07-E01-lumen-videogame/vendor/illuminate/database/Eloquent/Builder.php(503): Illuminate\Database\Eloquent\Builder->getModels(Array)
#10 /var/www/html/S7/S07-E01-lumen-videogame/vendor/illuminate/database/Eloquent/Model.php(458): Illuminate\Database\Eloquent\Builder->get(Array)
#11 /var/www/html/S7/S07-E01-lumen-videogame/app/Http/Controllers/MainController.php(70): Illuminate\Database\Eloquent\Model::all('ORDER BY name A...')
#12 [internal function]: App\Http\Controllers\MainController->home(Object(Laravel\Lumen\Http\Request))
#13 /var/www/html/S7/S07-E01-lumen-videogame/vendor/illuminate/container/BoundMethod.php(32): call_user_func_array(Array, Array)
#14 /var/www/html/S7/S07-E01-lumen-videogame/vendor/illuminate/container/BoundMethod.php(90): Illuminate\Container\BoundMethod::Illuminate\Container\{closure}()
#15 /var/www/html/S7/S07-E01-lumen-videogame/vendor/illuminate/container/BoundMethod.php(34): Illuminate\Container\BoundMethod::callBoundMethod(Object(Laravel\Lumen\Application), Array, Object(Closure))
#16 /var/www/html/S7/S07-E01-lumen-videogame/vendor/illuminate/container/Container.php(580): Illuminate\Container\BoundMethod::call(Object(Laravel\Lumen\Application), Array, Array, NULL)
#17 /var/www/html/S7/S07-E01-lumen-videogame/vendor/laravel/lumen-framework/src/Concerns/RoutesRequests.php(376): Illuminate\Container\Container->call(Array, Array)
#18 /var/www/html/S7/S07-E01-lumen-videogame/vendor/laravel/lumen-framework/src/Concerns/RoutesRequests.php(342): Laravel\Lumen\Application->callControllerCallable(Array, Array)
#19 /var/www/html/S7/S07-E01-lumen-videogame/vendor/laravel/lumen-framework/src/Concerns/RoutesRequests.php(316): Laravel\Lumen\Application->callLumenController(Object(App\Http\Controllers\MainController), 'home', Array)
#20 /var/www/html/S7/S07-E01-lumen-videogame/vendor/laravel/lumen-framework/src/Concerns/RoutesRequests.php(278): Laravel\Lumen\Application->callControllerAction(Array)
#21 /var/www/html/S7/S07-E01-lumen-videogame/vendor/laravel/lumen-framework/src/Concerns/RoutesRequests.php(263): Laravel\Lumen\Application->callActionOnArrayBasedRoute(Array)
#22 /var/www/html/S7/S07-E01-lumen-videogame/vendor/laravel/lumen-framework/src/Concerns/RoutesRequests.php(165): Laravel\Lumen\Application->handleFoundRoute(Array)
#23 /var/www/html/S7/S07-E01-lumen-videogame/vendor/laravel/lumen-framework/src/Concerns/RoutesRequests.php(416): Laravel\Lumen\Application->Laravel\Lumen\Concerns\{closure}(Object(Laravel\Lumen\Http\Request))
#24 /var/www/html/S7/S07-E01-lumen-videogame/vendor/laravel/lumen-framework/src/Concerns/RoutesRequests.php(171): Laravel\Lumen\Application->sendThroughPipeline(Array, Object(Closure))
#25 /var/www/html/S7/S07-E01-lumen-videogame/vendor/laravel/lumen-framework/src/Concerns/RoutesRequests.php(108): Laravel\Lumen\Application->dispatch(NULL)
#26 /var/www/html/S7/S07-E01-lumen-videogame/public/index.php(28): Laravel\Lumen\Application->run()
#27 {main}

Next Illuminate\Database\QueryException: SQLSTATE[42S22]: Column not found: 1054 Unknown column 'ORDER BY name ASC' in 'field list' (SQL: select `ORDER BY name ASC` from `videogame`) in /var/www/html/S7/S07-E01-lumen-videogame/vendor/illuminate/database/Connection.php:664
Stack trace:
#0 /var/www/html/S7/S07-E01-lumen-videogame/vendor/illuminate/database/Connection.php(624): Illuminate\Database\Connection->runQueryCallback('select `ORDER B...', Array, Object(Closure))
#1 /var/www/html/S7/S07-E01-lumen-videogame/vendor/illuminate/database/Connection.php(333): Illuminate\Database\Connection->run('select `ORDER B...', Array, Object(Closure))
#2 /var/www/html/S7/S07-E01-lumen-videogame/vendor/illuminate/database/Query/Builder.php(2120): Illuminate\Database\Connection->select('select `ORDER B...', Array, true)
#3 /var/www/html/S7/S07-E01-lumen-videogame/vendor/illuminate/database/Query/Builder.php(2108): Illuminate\Database\Query\Builder->runSelect()
#4 /var/www/html/S7/S07-E01-lumen-videogame/vendor/illuminate/database/Query/Builder.php(2594): Illuminate\Database\Query\Builder->Illuminate\Database\Query\{closure}()
#5 /var/www/html/S7/S07-E01-lumen-videogame/vendor/illuminate/database/Query/Builder.php(2109): Illuminate\Database\Query\Builder->onceWithColumns(Array, Object(Closure))
#6 /var/www/html/S7/S07-E01-lumen-videogame/vendor/illuminate/database/Eloquent/Builder.php(519): Illuminate\Database\Query\Builder->get(Array)
#7 /var/www/html/S7/S07-E01-lumen-videogame/vendor/illuminate/database/Eloquent/Builder.php(503): Illuminate\Database\Eloquent\Builder->getModels(Array)
#8 /var/www/html/S7/S07-E01-lumen-videogame/vendor/illuminate/database/Eloquent/Model.php(458): Illuminate\Database\Eloquent\Builder->get(Array)
#9 /var/www/html/S7/S07-E01-lumen-videogame/app/Http/Controllers/MainController.php(70): Illuminate\Database\Eloquent\Model::all('ORDER BY name A...')
#10 [internal function]: App\Http\Controllers\MainController->home(Object(Laravel\Lumen\Http\Request))
#11 /var/www/html/S7/S07-E01-lumen-videogame/vendor/illuminate/container/BoundMethod.php(32): call_user_func_array(Array, Array)
#12 /var/www/html/S7/S07-E01-lumen-videogame/vendor/illuminate/container/BoundMethod.php(90): Illuminate\Container\BoundMethod::Illuminate\Container\{closure}()
#13 /var/www/html/S7/S07-E01-lumen-videogame/vendor/illuminate/container/BoundMethod.php(34): Illuminate\Container\BoundMethod::callBoundMethod(Object(Laravel\Lumen\Application), Array, Object(Closure))
#14 /var/www/html/S7/S07-E01-lumen-videogame/vendor/illuminate/container/Container.php(580): Illuminate\Container\BoundMethod::call(Object(Laravel\Lumen\Application), Array, Array, NULL)
#15 /var/www/html/S7/S07-E01-lumen-videogame/vendor/laravel/lumen-framework/src/Concerns/RoutesRequests.php(376): Illuminate\Container\Container->call(Array, Array)
#16 /var/www/html/S7/S07-E01-lumen-videogame/vendor/laravel/lumen-framework/src/Concerns/RoutesRequests.php(342): Laravel\Lumen\Application->callControllerCallable(Array, Array)
#17 /var/www/html/S7/S07-E01-lumen-videogame/vendor/laravel/lumen-framework/src/Concerns/RoutesRequests.php(316): Laravel\Lumen\Application->callLumenController(Object(App\Http\Controllers\MainController), 'home', Array)
#18 /var/www/html/S7/S07-E01-lumen-videogame/vendor/laravel/lumen-framework/src/Concerns/RoutesRequests.php(278): Laravel\Lumen\Application->callControllerAction(Array)
#19 /var/www/html/S7/S07-E01-lumen-videogame/vendor/laravel/lumen-framework/src/Concerns/RoutesRequests.php(263): Laravel\Lumen\Application->callActionOnArrayBasedRoute(Array)
#20 /var/www/html/S7/S07-E01-lumen-videogame/vendor/laravel/lumen-framework/src/Concerns/RoutesRequests.php(165): Laravel\Lumen\Application->handleFoundRoute(Array)
#21 /var/www/html/S7/S07-E01-lumen-videogame/vendor/laravel/lumen-framework/src/Concerns/RoutesRequests.php(416): Laravel\Lumen\Application->Laravel\Lumen\Concerns\{closure}(Object(Laravel\Lumen\Http\Request))
#22 /var/www/html/S7/S07-E01-lumen-videogame/vendor/laravel/lumen-framework/src/Concerns/RoutesRequests.php(171): Laravel\Lumen\Application->sendThroughPipeline(Array, Object(Closure))
#23 /var/www/html/S7/S07-E01-lumen-videogame/vendor/laravel/lumen-framework/src/Concerns/RoutesRequests.php(108): Laravel\Lumen\Application->dispatch(NULL)
#24 /var/www/html/S7/S07-E01-lumen-videogame/public/index.php(28): Laravel\Lumen\Application->run()
#25 {main} {"exception":"[object] (Illuminate\\Database\\QueryException(code: 42S22): SQLSTATE[42S22]: Column not found: 1054 Unknown column 'ORDER BY name ASC' in 'field list' (SQL: select `ORDER BY name ASC` from `videogame`) at /var/www/html/S7/S07-E01-lumen-videogame/vendor/illuminate/database/Connection.php:664, PDOException(code: 42S22): SQLSTATE[42S22]: Column not found: 1054 Unknown column 'ORDER BY name ASC' in 'field list' at /var/www/html/S7/S07-E01-lumen-videogame/vendor/illuminate/database/Connection.php:326)
[stacktrace]
#0 /var/www/html/S7/S07-E01-lumen-videogame/vendor/illuminate/database/Connection.php(624): Illuminate\\Database\\Connection->runQueryCallback('select `ORDER B...', Array, Object(Closure))
#1 /var/www/html/S7/S07-E01-lumen-videogame/vendor/illuminate/database/Connection.php(333): Illuminate\\Database\\Connection->run('select `ORDER B...', Array, Object(Closure))
#2 /var/www/html/S7/S07-E01-lumen-videogame/vendor/illuminate/database/Query/Builder.php(2120): Illuminate\\Database\\Connection->select('select `ORDER B...', Array, true)
#3 /var/www/html/S7/S07-E01-lumen-videogame/vendor/illuminate/database/Query/Builder.php(2108): Illuminate\\Database\\Query\\Builder->runSelect()
#4 /var/www/html/S7/S07-E01-lumen-videogame/vendor/illuminate/database/Query/Builder.php(2594): Illuminate\\Database\\Query\\Builder->Illuminate\\Database\\Query\\{closure}()
#5 /var/www/html/S7/S07-E01-lumen-videogame/vendor/illuminate/database/Query/Builder.php(2109): Illuminate\\Database\\Query\\Builder->onceWithColumns(Array, Object(Closure))
#6 /var/www/html/S7/S07-E01-lumen-videogame/vendor/illuminate/database/Eloquent/Builder.php(519): Illuminate\\Database\\Query\\Builder->get(Array)
#7 /var/www/html/S7/S07-E01-lumen-videogame/vendor/illuminate/database/Eloquent/Builder.php(503): Illuminate\\Database\\Eloquent\\Builder->getModels(Array)
#8 /var/www/html/S7/S07-E01-lumen-videogame/vendor/illuminate/database/Eloquent/Model.php(458): Illuminate\\Database\\Eloquent\\Builder->get(Array)
#9 /var/www/html/S7/S07-E01-lumen-videogame/app/Http/Controllers/MainController.php(70): Illuminate\\Database\\Eloquent\\Model::all('ORDER BY name A...')
#10 [internal function]: App\\Http\\Controllers\\MainController->home(Object(Laravel\\Lumen\\Http\\Request))
#11 /var/www/html/S7/S07-E01-lumen-videogame/vendor/illuminate/container/BoundMethod.php(32): call_user_func_array(Array, Array)
#12 /var/www/html/S7/S07-E01-lumen-videogame/vendor/illuminate/container/BoundMethod.php(90): Illuminate\\Container\\BoundMethod::Illuminate\\Container\\{closure}()
#13 /var/www/html/S7/S07-E01-lumen-videogame/vendor/illuminate/container/BoundMethod.php(34): Illuminate\\Container\\BoundMethod::callBoundMethod(Object(Laravel\\Lumen\\Application), Array, Object(Closure))
#14 /var/www/html/S7/S07-E01-lumen-videogame/vendor/illuminate/container/Container.php(580): Illuminate\\Container\\BoundMethod::call(Object(Laravel\\Lumen\\Application), Array, Array, NULL)
#15 /var/www/html/S7/S07-E01-lumen-videogame/vendor/laravel/lumen-framework/src/Concerns/RoutesRequests.php(376): Illuminate\\Container\\Container->call(Array, Array)
#16 /var/www/html/S7/S07-E01-lumen-videogame/vendor/laravel/lumen-framework/src/Concerns/RoutesRequests.php(342): Laravel\\Lumen\\Application->callControllerCallable(Array, Array)
#17 /var/www/html/S7/S07-E01-lumen-videogame/vendor/laravel/lumen-framework/src/Concerns/RoutesRequests.php(316): Laravel\\Lumen\\Application->callLumenController(Object(App\\Http\\Controllers\\MainController), 'home', Array)
#18 /var/www/html/S7/S07-E01-lumen-videogame/vendor/laravel/lumen-framework/src/Concerns/RoutesRequests.php(278): Laravel\\Lumen\\Application->callControllerAction(Array)
#19 /var/www/html/S7/S07-E01-lumen-videogame/vendor/laravel/lumen-framework/src/Concerns/RoutesRequests.php(263): Laravel\\Lumen\\Application->callActionOnArrayBasedRoute(Array)
#20 /var/www/html/S7/S07-E01-lumen-videogame/vendor/laravel/lumen-framework/src/Concerns/RoutesRequests.php(165): Laravel\\Lumen\\Application->handleFoundRoute(Array)
#21 /var/www/html/S7/S07-E01-lumen-videogame/vendor/laravel/lumen-framework/src/Concerns/RoutesRequests.php(416): Laravel\\Lumen\\Application->Laravel\\Lumen\\Concerns\\{closure}(Object(Laravel\\Lumen\\Http\\Request))
#22 /var/www/html/S7/S07-E01-lumen-videogame/vendor/laravel/lumen-framework/src/Concerns/RoutesRequests.php(171): Laravel\\Lumen\\Application->sendThroughPipeline(Array, Object(Closure))
#23 /var/www/html/S7/S07-E01-lumen-videogame/vendor/laravel/lumen-framework/src/Concerns/RoutesRequests.php(108): Laravel\\Lumen\\Application->dispatch(NULL)
#24 /var/www/html/S7/S07-E01-lumen-videogame/public/index.php(28): Laravel\\Lumen\\Application->run()
#25 {main}
"} 
