[2019-04-03 09:29:24] local.ERROR: Symfony\Component\Debug\Exception\FatalThrowableError: syntax error, unexpected 'endforeach' (T_ENDFOREACH), expecting elseif (T_ELSEIF) or else (T_ELSE) or endif (T_ENDIF) in /var/www/html/S7/S07-E01-lumen-videogame/resources/views/admin.php:8
Stack trace:
#0 /var/www/html/S7/S07-E01-lumen-videogame/vendor/illuminate/view/Engines/PhpEngine.php(21): Illuminate\View\Engines\PhpEngine->evaluatePath('/var/www/html/S...', Array)
#1 /var/www/html/S7/S07-E01-lumen-videogame/vendor/illuminate/view/View.php(142): Illuminate\View\Engines\PhpEngine->get('/var/www/html/S...', Array)
#2 /var/www/html/S7/S07-E01-lumen-videogame/vendor/illuminate/view/View.php(125): Illuminate\View\View->getContents()
#3 /var/www/html/S7/S07-E01-lumen-videogame/vendor/illuminate/view/View.php(90): Illuminate\View\View->renderContents()
#4 /var/www/html/S7/S07-E01-lumen-videogame/vendor/illuminate/http/Response.php(42): Illuminate\View\View->render()
#5 /var/www/html/S7/S07-E01-lumen-videogame/vendor/symfony/http-foundation/Response.php(202): Illuminate\Http\Response->setContent(Object(Illuminate\View\View))
#6 /var/www/html/S7/S07-E01-lumen-videogame/vendor/laravel/lumen-framework/src/Concerns/RoutesRequests.php(436): Symfony\Component\HttpFoundation\Response->__construct(Object(Illuminate\View\View))
#7 /var/www/html/S7/S07-E01-lumen-videogame/vendor/laravel/lumen-framework/src/Concerns/RoutesRequests.php(376): Laravel\Lumen\Application->prepareResponse(Object(Illuminate\View\View))
#8 /var/www/html/S7/S07-E01-lumen-videogame/vendor/laravel/lumen-framework/src/Concerns/RoutesRequests.php(342): Laravel\Lumen\Application->callControllerCallable(Array, Array)
#9 /var/www/html/S7/S07-E01-lumen-videogame/vendor/laravel/lumen-framework/src/Concerns/RoutesRequests.php(316): Laravel\Lumen\Application->callLumenController(Object(App\Http\Controllers\MainController), 'admin', Array)
#10 /var/www/html/S7/S07-E01-lumen-videogame/vendor/laravel/lumen-framework/src/Concerns/RoutesRequests.php(278): Laravel\Lumen\Application->callControllerAction(Array)
#11 /var/www/html/S7/S07-E01-lumen-videogame/vendor/laravel/lumen-framework/src/Concerns/RoutesRequests.php(263): Laravel\Lumen\Application->callActionOnArrayBasedRoute(Array)
#12 /var/www/html/S7/S07-E01-lumen-videogame/vendor/laravel/lumen-framework/src/Concerns/RoutesRequests.php(165): Laravel\Lumen\Application->handleFoundRoute(Array)
#13 /var/www/html/S7/S07-E01-lumen-videogame/vendor/laravel/lumen-framework/src/Concerns/RoutesRequests.php(416): Laravel\Lumen\Application->Laravel\Lumen\Concerns\{closure}(Object(Laravel\Lumen\Http\Request))
#14 /var/www/html/S7/S07-E01-lumen-videogame/vendor/laravel/lumen-framework/src/Concerns/RoutesRequests.php(171): Laravel\Lumen\Application->sendThroughPipeline(Array, Object(Closure))
#15 /var/www/html/S7/S07-E01-lumen-videogame/vendor/laravel/lumen-framework/src/Concerns/RoutesRequests.php(108): Laravel\Lumen\Application->dispatch(NULL)
#16 /var/www/html/S7/S07-E01-lumen-videogame/public/index.php(28): Laravel\Lumen\Application->run()
#17 {main} {"exception":"[object] (Symfony\\Component\\Debug\\Exception\\FatalThrowableError(code: 0): syntax error, unexpected 'endforeach' (T_ENDFOREACH), expecting elseif (T_ELSEIF) or else (T_ELSE) or endif (T_ENDIF) at /var/www/html/S7/S07-E01-lumen-videogame/resources/views/admin.php:8)
[stacktrace]
#0 /var/www/html/S7/S07-E01-lumen-videogame/vendor/illuminate/view/Engines/PhpEngine.php(21): Illuminate\\View\\Engines\\PhpEngine->evaluatePath('/var/www/html/S...', Array)
#1 /var/www/html/S7/S07-E01-lumen-videogame/vendor/illuminate/view/View.php(142): Illuminate\\View\\Engines\\PhpEngine->get('/var/www/html/S...', Array)
#2 /var/www/html/S7/S07-E01-lumen-videogame/vendor/illuminate/view/View.php(125): Illuminate\\View\\View->getContents()
#3 /var/www/html/S7/S07-E01-lumen-videogame/vendor/illuminate/view/View.php(90): Illuminate\\View\\View->renderContents()
#4 /var/www/html/S7/S07-E01-lumen-videogame/vendor/illuminate/http/Response.php(42): Illuminate\\View\\View->render()
#5 /var/www/html/S7/S07-E01-lumen-videogame/vendor/symfony/http-foundation/Response.php(202): Illuminate\\Http\\Response->setContent(Object(Illuminate\\View\\View))
#6 /var/www/html/S7/S07-E01-lumen-videogame/vendor/laravel/lumen-framework/src/Concerns/RoutesRequests.php(436): Symfony\\Component\\HttpFoundation\\Response->__construct(Object(Illuminate\\View\\View))
#7 /var/www/html/S7/S07-E01-lumen-videogame/vendor/laravel/lumen-framework/src/Concerns/RoutesRequests.php(376): Laravel\\Lumen\\Application->prepareResponse(Object(Illuminate\\View\\View))
#8 /var/www/html/S7/S07-E01-lumen-videogame/vendor/laravel/lumen-framework/src/Concerns/RoutesRequests.php(342): Laravel\\Lumen\\Application->callControllerCallable(Array, Array)
#9 /var/www/html/S7/S07-E01-lumen-videogame/vendor/laravel/lumen-framework/src/Concerns/RoutesRequests.php(316): Laravel\\Lumen\\Application->callLumenController(Object(App\\Http\\Controllers\\MainController), 'admin', Array)
#10 /var/www/html/S7/S07-E01-lumen-videogame/vendor/laravel/lumen-framework/src/Concerns/RoutesRequests.php(278): Laravel\\Lumen\\Application->callControllerAction(Array)
#11 /var/www/html/S7/S07-E01-lumen-videogame/vendor/laravel/lumen-framework/src/Concerns/RoutesRequests.php(263): Laravel\\Lumen\\Application->callActionOnArrayBasedRoute(Array)
#12 /var/www/html/S7/S07-E01-lumen-videogame/vendor/laravel/lumen-framework/src/Concerns/RoutesRequests.php(165): Laravel\\Lumen\\Application->handleFoundRoute(Array)
#13 /var/www/html/S7/S07-E01-lumen-videogame/vendor/laravel/lumen-framework/src/Concerns/RoutesRequests.php(416): Laravel\\Lumen\\Application->Laravel\\Lumen\\Concerns\\{closure}(Object(Laravel\\Lumen\\Http\\Request))
#14 /var/www/html/S7/S07-E01-lumen-videogame/vendor/laravel/lumen-framework/src/Concerns/RoutesRequests.php(171): Laravel\\Lumen\\Application->sendThroughPipeline(Array, Object(Closure))
#15 /var/www/html/S7/S07-E01-lumen-videogame/vendor/laravel/lumen-framework/src/Concerns/RoutesRequests.php(108): Laravel\\Lumen\\Application->dispatch(NULL)
#16 /var/www/html/S7/S07-E01-lumen-videogame/public/index.php(28): Laravel\\Lumen\\Application->run()
#17 {main}
"} 
