[2019-04-08 07:42:22] local.ERROR: ErrorException: Undefined variable: route in /var/www/html/S7/S07-E01-lumen-videogame/routes/web.php:41
Stack trace:
#0 /var/www/html/S7/S07-E01-lumen-videogame/routes/web.php(41): Laravel\Lumen\Application->Laravel\Lumen\Concerns\{closure}(8, 'Undefined varia...', '/var/www/html/S...', 41, Array)
#1 /var/www/html/S7/S07-E01-lumen-videogame/bootstrap/app.php(97): require('/var/www/html/S...')
#2 [internal function]: {closure}(Object(Laravel\Lumen\Routing\Router))
#3 /var/www/html/S7/S07-E01-lumen-videogame/vendor/laravel/lumen-framework/src/Routing/Router.php(62): call_user_func(Object(Closure), Object(Laravel\Lumen\Routing\Router))
#4 /var/www/html/S7/S07-E01-lumen-videogame/bootstrap/app.php(98): Laravel\Lumen\Routing\Router->group(Array, Object(Closure))
#5 /var/www/html/S7/S07-E01-lumen-videogame/public/index.php(14): require('/var/www/html/S...')
#6 {main} {"exception":"[object] (ErrorException(code: 0): Undefined variable: route at /var/www/html/S7/S07-E01-lumen-videogame/routes/web.php:41)
[stacktrace]
#0 /var/www/html/S7/S07-E01-lumen-videogame/routes/web.php(41): Laravel\\Lumen\\Application->Laravel\\Lumen\\Concerns\\{closure}(8, 'Undefined varia...', '/var/www/html/S...', 41, Array)
#1 /var/www/html/S7/S07-E01-lumen-videogame/bootstrap/app.php(97): require('/var/www/html/S...')
#2 [internal function]: {closure}(Object(Laravel\\Lumen\\Routing\\Router))
#3 /var/www/html/S7/S07-E01-lumen-videogame/vendor/laravel/lumen-framework/src/Routing/Router.php(62): call_user_func(Object(Closure), Object(Laravel\\Lumen\\Routing\\Router))
#4 /var/www/html/S7/S07-E01-lumen-videogame/bootstrap/app.php(98): Laravel\\Lumen\\Routing\\Router->group(Array, Object(Closure))
#5 /var/www/html/S7/S07-E01-lumen-videogame/public/index.php(14): require('/var/www/html/S...')
#6 {main}
"} 
[2019-04-08 07:43:19] local.ERROR: ErrorException: Undefined variable: route in /var/www/html/S7/S07-E01-lumen-videogame/routes/web.php:41
Stack trace:
#0 /var/www/html/S7/S07-E01-lumen-videogame/routes/web.php(41): Laravel\Lumen\Application->Laravel\Lumen\Concerns\{closure}(8, 'Undefined varia...', '/var/www/html/S...', 41, Array)
#1 /var/www/html/S7/S07-E01-lumen-videogame/bootstrap/app.php(97): require('/var/www/html/S...')
#2 [internal function]: {closure}(Object(Laravel\Lumen\Routing\Router))
#3 /var/www/html/S7/S07-E01-lumen-videogame/vendor/laravel/lumen-framework/src/Routing/Router.php(62): call_user_func(Object(Closure), Object(Laravel\Lumen\Routing\Router))
#4 /var/www/html/S7/S07-E01-lumen-videogame/bootstrap/app.php(98): Laravel\Lumen\Routing\Router->group(Array, Object(Closure))
#5 /var/www/html/S7/S07-E01-lumen-videogame/public/index.php(14): require('/var/www/html/S...')
#6 {main} {"exception":"[object] (ErrorException(code: 0): Undefined variable: route at /var/www/html/S7/S07-E01-lumen-videogame/routes/web.php:41)
[stacktrace]
#0 /var/www/html/S7/S07-E01-lumen-videogame/routes/web.php(41): Laravel\\Lumen\\Application->Laravel\\Lumen\\Concerns\\{closure}(8, 'Undefined varia...', '/var/www/html/S...', 41, Array)
#1 /var/www/html/S7/S07-E01-lumen-videogame/bootstrap/app.php(97): require('/var/www/html/S...')
#2 [internal function]: {closure}(Object(Laravel\\Lumen\\Routing\\Router))
#3 /var/www/html/S7/S07-E01-lumen-videogame/vendor/laravel/lumen-framework/src/Routing/Router.php(62): call_user_func(Object(Closure), Object(Laravel\\Lumen\\Routing\\Router))
#4 /var/www/html/S7/S07-E01-lumen-videogame/bootstrap/app.php(98): Laravel\\Lumen\\Routing\\Router->group(Array, Object(Closure))
#5 /var/www/html/S7/S07-E01-lumen-videogame/public/index.php(14): require('/var/www/html/S...')
#6 {main}
"} 
[2019-04-08 07:43:51] local.ERROR: ErrorException: Undefined variable: route in /var/www/html/S7/S07-E01-lumen-videogame/routes/web.php:41
Stack trace:
#0 /var/www/html/S7/S07-E01-lumen-videogame/routes/web.php(41): Laravel\Lumen\Application->Laravel\Lumen\Concerns\{closure}(8, 'Undefined varia...', '/var/www/html/S...', 41, Array)
#1 /var/www/html/S7/S07-E01-lumen-videogame/bootstrap/app.php(97): require('/var/www/html/S...')
#2 [internal function]: {closure}(Object(Laravel\Lumen\Routing\Router))
#3 /var/www/html/S7/S07-E01-lumen-videogame/vendor/laravel/lumen-framework/src/Routing/Router.php(62): call_user_func(Object(Closure), Object(Laravel\Lumen\Routing\Router))
#4 /var/www/html/S7/S07-E01-lumen-videogame/bootstrap/app.php(98): Laravel\Lumen\Routing\Router->group(Array, Object(Closure))
#5 /var/www/html/S7/S07-E01-lumen-videogame/public/index.php(14): require('/var/www/html/S...')
#6 {main} {"exception":"[object] (ErrorException(code: 0): Undefined variable: route at /var/www/html/S7/S07-E01-lumen-videogame/routes/web.php:41)
[stacktrace]
#0 /var/www/html/S7/S07-E01-lumen-videogame/routes/web.php(41): Laravel\\Lumen\\Application->Laravel\\Lumen\\Concerns\\{closure}(8, 'Undefined varia...', '/var/www/html/S...', 41, Array)
#1 /var/www/html/S7/S07-E01-lumen-videogame/bootstrap/app.php(97): require('/var/www/html/S...')
#2 [internal function]: {closure}(Object(Laravel\\Lumen\\Routing\\Router))
#3 /var/www/html/S7/S07-E01-lumen-videogame/vendor/laravel/lumen-framework/src/Routing/Router.php(62): call_user_func(Object(Closure), Object(Laravel\\Lumen\\Routing\\Router))
#4 /var/www/html/S7/S07-E01-lumen-videogame/bootstrap/app.php(98): Laravel\\Lumen\\Routing\\Router->group(Array, Object(Closure))
#5 /var/www/html/S7/S07-E01-lumen-videogame/public/index.php(14): require('/var/www/html/S...')
#6 {main}
"} 
[2019-04-08 07:44:43] local.ERROR: ErrorException: Undefined variable: route in /var/www/html/S7/S07-E01-lumen-videogame/routes/web.php:41
Stack trace:
#0 /var/www/html/S7/S07-E01-lumen-videogame/routes/web.php(41): Laravel\Lumen\Application->Laravel\Lumen\Concerns\{closure}(8, 'Undefined varia...', '/var/www/html/S...', 41, Array)
#1 /var/www/html/S7/S07-E01-lumen-videogame/bootstrap/app.php(97): require('/var/www/html/S...')
#2 [internal function]: {closure}(Object(Laravel\Lumen\Routing\Router))
#3 /var/www/html/S7/S07-E01-lumen-videogame/vendor/laravel/lumen-framework/src/Routing/Router.php(62): call_user_func(Object(Closure), Object(Laravel\Lumen\Routing\Router))
#4 /var/www/html/S7/S07-E01-lumen-videogame/bootstrap/app.php(98): Laravel\Lumen\Routing\Router->group(Array, Object(Closure))
#5 /var/www/html/S7/S07-E01-lumen-videogame/public/index.php(14): require('/var/www/html/S...')
#6 {main} {"exception":"[object] (ErrorException(code: 0): Undefined variable: route at /var/www/html/S7/S07-E01-lumen-videogame/routes/web.php:41)
[stacktrace]
#0 /var/www/html/S7/S07-E01-lumen-videogame/routes/web.php(41): Laravel\\Lumen\\Application->Laravel\\Lumen\\Concerns\\{closure}(8, 'Undefined varia...', '/var/www/html/S...', 41, Array)
#1 /var/www/html/S7/S07-E01-lumen-videogame/bootstrap/app.php(97): require('/var/www/html/S...')
#2 [internal function]: {closure}(Object(Laravel\\Lumen\\Routing\\Router))
#3 /var/www/html/S7/S07-E01-lumen-videogame/vendor/laravel/lumen-framework/src/Routing/Router.php(62): call_user_func(Object(Closure), Object(Laravel\\Lumen\\Routing\\Router))
#4 /var/www/html/S7/S07-E01-lumen-videogame/bootstrap/app.php(98): Laravel\\Lumen\\Routing\\Router->group(Array, Object(Closure))
#5 /var/www/html/S7/S07-E01-lumen-videogame/public/index.php(14): require('/var/www/html/S...')
#6 {main}
"} 
[2019-04-08 07:44:44] local.ERROR: ErrorException: Undefined variable: route in /var/www/html/S7/S07-E01-lumen-videogame/routes/web.php:41
Stack trace:
#0 /var/www/html/S7/S07-E01-lumen-videogame/routes/web.php(41): Laravel\Lumen\Application->Laravel\Lumen\Concerns\{closure}(8, 'Undefined varia...', '/var/www/html/S...', 41, Array)
#1 /var/www/html/S7/S07-E01-lumen-videogame/bootstrap/app.php(97): require('/var/www/html/S...')
#2 [internal function]: {closure}(Object(Laravel\Lumen\Routing\Router))
#3 /var/www/html/S7/S07-E01-lumen-videogame/vendor/laravel/lumen-framework/src/Routing/Router.php(62): call_user_func(Object(Closure), Object(Laravel\Lumen\Routing\Router))
#4 /var/www/html/S7/S07-E01-lumen-videogame/bootstrap/app.php(98): Laravel\Lumen\Routing\Router->group(Array, Object(Closure))
#5 /var/www/html/S7/S07-E01-lumen-videogame/public/index.php(14): require('/var/www/html/S...')
#6 {main} {"exception":"[object] (ErrorException(code: 0): Undefined variable: route at /var/www/html/S7/S07-E01-lumen-videogame/routes/web.php:41)
[stacktrace]
#0 /var/www/html/S7/S07-E01-lumen-videogame/routes/web.php(41): Laravel\\Lumen\\Application->Laravel\\Lumen\\Concerns\\{closure}(8, 'Undefined varia...', '/var/www/html/S...', 41, Array)
#1 /var/www/html/S7/S07-E01-lumen-videogame/bootstrap/app.php(97): require('/var/www/html/S...')
#2 [internal function]: {closure}(Object(Laravel\\Lumen\\Routing\\Router))
#3 /var/www/html/S7/S07-E01-lumen-videogame/vendor/laravel/lumen-framework/src/Routing/Router.php(62): call_user_func(Object(Closure), Object(Laravel\\Lumen\\Routing\\Router))
#4 /var/www/html/S7/S07-E01-lumen-videogame/bootstrap/app.php(98): Laravel\\Lumen\\Routing\\Router->group(Array, Object(Closure))
#5 /var/www/html/S7/S07-E01-lumen-videogame/public/index.php(14): require('/var/www/html/S...')
#6 {main}
"} 
[2019-04-08 07:44:44] local.ERROR: ErrorException: Undefined variable: route in /var/www/html/S7/S07-E01-lumen-videogame/routes/web.php:41
Stack trace:
#0 /var/www/html/S7/S07-E01-lumen-videogame/routes/web.php(41): Laravel\Lumen\Application->Laravel\Lumen\Concerns\{closure}(8, 'Undefined varia...', '/var/www/html/S...', 41, Array)
#1 /var/www/html/S7/S07-E01-lumen-videogame/bootstrap/app.php(97): require('/var/www/html/S...')
#2 [internal function]: {closure}(Object(Laravel\Lumen\Routing\Router))
#3 /var/www/html/S7/S07-E01-lumen-videogame/vendor/laravel/lumen-framework/src/Routing/Router.php(62): call_user_func(Object(Closure), Object(Laravel\Lumen\Routing\Router))
#4 /var/www/html/S7/S07-E01-lumen-videogame/bootstrap/app.php(98): Laravel\Lumen\Routing\Router->group(Array, Object(Closure))
#5 /var/www/html/S7/S07-E01-lumen-videogame/public/index.php(14): require('/var/www/html/S...')
#6 {main} {"exception":"[object] (ErrorException(code: 0): Undefined variable: route at /var/www/html/S7/S07-E01-lumen-videogame/routes/web.php:41)
[stacktrace]
#0 /var/www/html/S7/S07-E01-lumen-videogame/routes/web.php(41): Laravel\\Lumen\\Application->Laravel\\Lumen\\Concerns\\{closure}(8, 'Undefined varia...', '/var/www/html/S...', 41, Array)
#1 /var/www/html/S7/S07-E01-lumen-videogame/bootstrap/app.php(97): require('/var/www/html/S...')
#2 [internal function]: {closure}(Object(Laravel\\Lumen\\Routing\\Router))
#3 /var/www/html/S7/S07-E01-lumen-videogame/vendor/laravel/lumen-framework/src/Routing/Router.php(62): call_user_func(Object(Closure), Object(Laravel\\Lumen\\Routing\\Router))
#4 /var/www/html/S7/S07-E01-lumen-videogame/bootstrap/app.php(98): Laravel\\Lumen\\Routing\\Router->group(Array, Object(Closure))
#5 /var/www/html/S7/S07-E01-lumen-videogame/public/index.php(14): require('/var/www/html/S...')
#6 {main}
"} 
[2019-04-08 07:44:44] local.ERROR: ErrorException: Undefined variable: route in /var/www/html/S7/S07-E01-lumen-videogame/routes/web.php:41
Stack trace:
#0 /var/www/html/S7/S07-E01-lumen-videogame/routes/web.php(41): Laravel\Lumen\Application->Laravel\Lumen\Concerns\{closure}(8, 'Undefined varia...', '/var/www/html/S...', 41, Array)
#1 /var/www/html/S7/S07-E01-lumen-videogame/bootstrap/app.php(97): require('/var/www/html/S...')
#2 [internal function]: {closure}(Object(Laravel\Lumen\Routing\Router))
#3 /var/www/html/S7/S07-E01-lumen-videogame/vendor/laravel/lumen-framework/src/Routing/Router.php(62): call_user_func(Object(Closure), Object(Laravel\Lumen\Routing\Router))
#4 /var/www/html/S7/S07-E01-lumen-videogame/bootstrap/app.php(98): Laravel\Lumen\Routing\Router->group(Array, Object(Closure))
#5 /var/www/html/S7/S07-E01-lumen-videogame/public/index.php(14): require('/var/www/html/S...')
#6 {main} {"exception":"[object] (ErrorException(code: 0): Undefined variable: route at /var/www/html/S7/S07-E01-lumen-videogame/routes/web.php:41)
[stacktrace]
#0 /var/www/html/S7/S07-E01-lumen-videogame/routes/web.php(41): Laravel\\Lumen\\Application->Laravel\\Lumen\\Concerns\\{closure}(8, 'Undefined varia...', '/var/www/html/S...', 41, Array)
#1 /var/www/html/S7/S07-E01-lumen-videogame/bootstrap/app.php(97): require('/var/www/html/S...')
#2 [internal function]: {closure}(Object(Laravel\\Lumen\\Routing\\Router))
#3 /var/www/html/S7/S07-E01-lumen-videogame/vendor/laravel/lumen-framework/src/Routing/Router.php(62): call_user_func(Object(Closure), Object(Laravel\\Lumen\\Routing\\Router))
#4 /var/www/html/S7/S07-E01-lumen-videogame/bootstrap/app.php(98): Laravel\\Lumen\\Routing\\Router->group(Array, Object(Closure))
#5 /var/www/html/S7/S07-E01-lumen-videogame/public/index.php(14): require('/var/www/html/S...')
#6 {main}
"} 
[2019-04-08 07:44:44] local.ERROR: ErrorException: Undefined variable: route in /var/www/html/S7/S07-E01-lumen-videogame/routes/web.php:41
Stack trace:
#0 /var/www/html/S7/S07-E01-lumen-videogame/routes/web.php(41): Laravel\Lumen\Application->Laravel\Lumen\Concerns\{closure}(8, 'Undefined varia...', '/var/www/html/S...', 41, Array)
#1 /var/www/html/S7/S07-E01-lumen-videogame/bootstrap/app.php(97): require('/var/www/html/S...')
#2 [internal function]: {closure}(Object(Laravel\Lumen\Routing\Router))
#3 /var/www/html/S7/S07-E01-lumen-videogame/vendor/laravel/lumen-framework/src/Routing/Router.php(62): call_user_func(Object(Closure), Object(Laravel\Lumen\Routing\Router))
#4 /var/www/html/S7/S07-E01-lumen-videogame/bootstrap/app.php(98): Laravel\Lumen\Routing\Router->group(Array, Object(Closure))
#5 /var/www/html/S7/S07-E01-lumen-videogame/public/index.php(14): require('/var/www/html/S...')
#6 {main} {"exception":"[object] (ErrorException(code: 0): Undefined variable: route at /var/www/html/S7/S07-E01-lumen-videogame/routes/web.php:41)
[stacktrace]
#0 /var/www/html/S7/S07-E01-lumen-videogame/routes/web.php(41): Laravel\\Lumen\\Application->Laravel\\Lumen\\Concerns\\{closure}(8, 'Undefined varia...', '/var/www/html/S...', 41, Array)
#1 /var/www/html/S7/S07-E01-lumen-videogame/bootstrap/app.php(97): require('/var/www/html/S...')
#2 [internal function]: {closure}(Object(Laravel\\Lumen\\Routing\\Router))
#3 /var/www/html/S7/S07-E01-lumen-videogame/vendor/laravel/lumen-framework/src/Routing/Router.php(62): call_user_func(Object(Closure), Object(Laravel\\Lumen\\Routing\\Router))
#4 /var/www/html/S7/S07-E01-lumen-videogame/bootstrap/app.php(98): Laravel\\Lumen\\Routing\\Router->group(Array, Object(Closure))
#5 /var/www/html/S7/S07-E01-lumen-videogame/public/index.php(14): require('/var/www/html/S...')
#6 {main}
"} 
[2019-04-08 07:45:25] local.ERROR: InvalidArgumentException: View [login-form] not found. in /var/www/html/S7/S07-E01-lumen-videogame/vendor/illuminate/view/FileViewFinder.php:137
Stack trace:
#0 /var/www/html/S7/S07-E01-lumen-videogame/vendor/illuminate/view/FileViewFinder.php(79): Illuminate\View\FileViewFinder->findInPaths('login-form', Array)
#1 /var/www/html/S7/S07-E01-lumen-videogame/vendor/illuminate/view/Factory.php(130): Illuminate\View\FileViewFinder->find('login-form')
#2 /var/www/html/S7/S07-E01-lumen-videogame/vendor/laravel/lumen-framework/src/helpers.php(435): Illuminate\View\Factory->make('login-form', Array, Array)
#3 /var/www/html/S7/S07-E01-lumen-videogame/app/Http/Controllers/MainController.php(149): view('login-form')
#4 [internal function]: App\Http\Controllers\MainController->login()
#5 /var/www/html/S7/S07-E01-lumen-videogame/vendor/illuminate/container/BoundMethod.php(32): call_user_func_array(Array, Array)
#6 /var/www/html/S7/S07-E01-lumen-videogame/vendor/illuminate/container/BoundMethod.php(90): Illuminate\Container\BoundMethod::Illuminate\Container\{closure}()
#7 /var/www/html/S7/S07-E01-lumen-videogame/vendor/illuminate/container/BoundMethod.php(34): Illuminate\Container\BoundMethod::callBoundMethod(Object(Laravel\Lumen\Application), Array, Object(Closure))
#8 /var/www/html/S7/S07-E01-lumen-videogame/vendor/illuminate/container/Container.php(580): Illuminate\Container\BoundMethod::call(Object(Laravel\Lumen\Application), Array, Array, NULL)
#9 /var/www/html/S7/S07-E01-lumen-videogame/vendor/laravel/lumen-framework/src/Concerns/RoutesRequests.php(376): Illuminate\Container\Container->call(Array, Array)
#10 /var/www/html/S7/S07-E01-lumen-videogame/vendor/laravel/lumen-framework/src/Concerns/RoutesRequests.php(342): Laravel\Lumen\Application->callControllerCallable(Array, Array)
#11 /var/www/html/S7/S07-E01-lumen-videogame/vendor/laravel/lumen-framework/src/Concerns/RoutesRequests.php(316): Laravel\Lumen\Application->callLumenController(Object(App\Http\Controllers\MainController), 'login', Array)
#12 /var/www/html/S7/S07-E01-lumen-videogame/vendor/laravel/lumen-framework/src/Concerns/RoutesRequests.php(278): Laravel\Lumen\Application->callControllerAction(Array)
#13 /var/www/html/S7/S07-E01-lumen-videogame/vendor/laravel/lumen-framework/src/Concerns/RoutesRequests.php(263): Laravel\Lumen\Application->callActionOnArrayBasedRoute(Array)
#14 /var/www/html/S7/S07-E01-lumen-videogame/vendor/laravel/lumen-framework/src/Concerns/RoutesRequests.php(165): Laravel\Lumen\Application->handleFoundRoute(Array)
#15 /var/www/html/S7/S07-E01-lumen-videogame/vendor/laravel/lumen-framework/src/Concerns/RoutesRequests.php(416): Laravel\Lumen\Application->Laravel\Lumen\Concerns\{closure}(Object(Laravel\Lumen\Http\Request))
#16 /var/www/html/S7/S07-E01-lumen-videogame/vendor/laravel/lumen-framework/src/Concerns/RoutesRequests.php(171): Laravel\Lumen\Application->sendThroughPipeline(Array, Object(Closure))
#17 /var/www/html/S7/S07-E01-lumen-videogame/vendor/laravel/lumen-framework/src/Concerns/RoutesRequests.php(108): Laravel\Lumen\Application->dispatch(NULL)
#18 /var/www/html/S7/S07-E01-lumen-videogame/public/index.php(28): Laravel\Lumen\Application->run()
#19 {main} {"exception":"[object] (InvalidArgumentException(code: 0): View [login-form] not found. at /var/www/html/S7/S07-E01-lumen-videogame/vendor/illuminate/view/FileViewFinder.php:137)
[stacktrace]
#0 /var/www/html/S7/S07-E01-lumen-videogame/vendor/illuminate/view/FileViewFinder.php(79): Illuminate\\View\\FileViewFinder->findInPaths('login-form', Array)
#1 /var/www/html/S7/S07-E01-lumen-videogame/vendor/illuminate/view/Factory.php(130): Illuminate\\View\\FileViewFinder->find('login-form')
#2 /var/www/html/S7/S07-E01-lumen-videogame/vendor/laravel/lumen-framework/src/helpers.php(435): Illuminate\\View\\Factory->make('login-form', Array, Array)
#3 /var/www/html/S7/S07-E01-lumen-videogame/app/Http/Controllers/MainController.php(149): view('login-form')
#4 [internal function]: App\\Http\\Controllers\\MainController->login()
#5 /var/www/html/S7/S07-E01-lumen-videogame/vendor/illuminate/container/BoundMethod.php(32): call_user_func_array(Array, Array)
#6 /var/www/html/S7/S07-E01-lumen-videogame/vendor/illuminate/container/BoundMethod.php(90): Illuminate\\Container\\BoundMethod::Illuminate\\Container\\{closure}()
#7 /var/www/html/S7/S07-E01-lumen-videogame/vendor/illuminate/container/BoundMethod.php(34): Illuminate\\Container\\BoundMethod::callBoundMethod(Object(Laravel\\Lumen\\Application), Array, Object(Closure))
#8 /var/www/html/S7/S07-E01-lumen-videogame/vendor/illuminate/container/Container.php(580): Illuminate\\Container\\BoundMethod::call(Object(Laravel\\Lumen\\Application), Array, Array, NULL)
#9 /var/www/html/S7/S07-E01-lumen-videogame/vendor/laravel/lumen-framework/src/Concerns/RoutesRequests.php(376): Illuminate\\Container\\Container->call(Array, Array)
#10 /var/www/html/S7/S07-E01-lumen-videogame/vendor/laravel/lumen-framework/src/Concerns/RoutesRequests.php(342): Laravel\\Lumen\\Application->callControllerCallable(Array, Array)
#11 /var/www/html/S7/S07-E01-lumen-videogame/vendor/laravel/lumen-framework/src/Concerns/RoutesRequests.php(316): Laravel\\Lumen\\Application->callLumenController(Object(App\\Http\\Controllers\\MainController), 'login', Array)
#12 /var/www/html/S7/S07-E01-lumen-videogame/vendor/laravel/lumen-framework/src/Concerns/RoutesRequests.php(278): Laravel\\Lumen\\Application->callControllerAction(Array)
#13 /var/www/html/S7/S07-E01-lumen-videogame/vendor/laravel/lumen-framework/src/Concerns/RoutesRequests.php(263): Laravel\\Lumen\\Application->callActionOnArrayBasedRoute(Array)
#14 /var/www/html/S7/S07-E01-lumen-videogame/vendor/laravel/lumen-framework/src/Concerns/RoutesRequests.php(165): Laravel\\Lumen\\Application->handleFoundRoute(Array)
#15 /var/www/html/S7/S07-E01-lumen-videogame/vendor/laravel/lumen-framework/src/Concerns/RoutesRequests.php(416): Laravel\\Lumen\\Application->Laravel\\Lumen\\Concerns\\{closure}(Object(Laravel\\Lumen\\Http\\Request))
#16 /var/www/html/S7/S07-E01-lumen-videogame/vendor/laravel/lumen-framework/src/Concerns/RoutesRequests.php(171): Laravel\\Lumen\\Application->sendThroughPipeline(Array, Object(Closure))
#17 /var/www/html/S7/S07-E01-lumen-videogame/vendor/laravel/lumen-framework/src/Concerns/RoutesRequests.php(108): Laravel\\Lumen\\Application->dispatch(NULL)
#18 /var/www/html/S7/S07-E01-lumen-videogame/public/index.php(28): Laravel\\Lumen\\Application->run()
#19 {main}
"} 
[2019-04-08 08:07:53] local.ERROR: BadMethodCallException: Call to undefined method Illuminate\Database\Eloquent\Builder::exist() in /var/www/html/S7/S07-E01-lumen-videogame/vendor/illuminate/support/Traits/ForwardsCalls.php:50
Stack trace:
#0 /var/www/html/S7/S07-E01-lumen-videogame/vendor/illuminate/support/Traits/ForwardsCalls.php(36): Illuminate\Database\Eloquent\Builder::throwBadMethodCallException('exist')
#1 /var/www/html/S7/S07-E01-lumen-videogame/vendor/illuminate/database/Eloquent/Builder.php(1350): Illuminate\Database\Eloquent\Builder->forwardCallTo(Object(Illuminate\Database\Query\Builder), 'exist', Array)
#2 /var/www/html/S7/S07-E01-lumen-videogame/app/Http/Controllers/MainController.php(156): Illuminate\Database\Eloquent\Builder->__call('exist', Array)
#3 [internal function]: App\Http\Controllers\MainController->loginPost(Object(Laravel\Lumen\Http\Request))
#4 /var/www/html/S7/S07-E01-lumen-videogame/vendor/illuminate/container/BoundMethod.php(32): call_user_func_array(Array, Array)
#5 /var/www/html/S7/S07-E01-lumen-videogame/vendor/illuminate/container/BoundMethod.php(90): Illuminate\Container\BoundMethod::Illuminate\Container\{closure}()
#6 /var/www/html/S7/S07-E01-lumen-videogame/vendor/illuminate/container/BoundMethod.php(34): Illuminate\Container\BoundMethod::callBoundMethod(Object(Laravel\Lumen\Application), Array, Object(Closure))
#7 /var/www/html/S7/S07-E01-lumen-videogame/vendor/illuminate/container/Container.php(580): Illuminate\Container\BoundMethod::call(Object(Laravel\Lumen\Application), Array, Array, NULL)
#8 /var/www/html/S7/S07-E01-lumen-videogame/vendor/laravel/lumen-framework/src/Concerns/RoutesRequests.php(376): Illuminate\Container\Container->call(Array, Array)
#9 /var/www/html/S7/S07-E01-lumen-videogame/vendor/laravel/lumen-framework/src/Concerns/RoutesRequests.php(342): Laravel\Lumen\Application->callControllerCallable(Array, Array)
#10 /var/www/html/S7/S07-E01-lumen-videogame/vendor/laravel/lumen-framework/src/Concerns/RoutesRequests.php(316): Laravel\Lumen\Application->callLumenController(Object(App\Http\Controllers\MainController), 'loginPost', Array)
#11 /var/www/html/S7/S07-E01-lumen-videogame/vendor/laravel/lumen-framework/src/Concerns/RoutesRequests.php(278): Laravel\Lumen\Application->callControllerAction(Array)
#12 /var/www/html/S7/S07-E01-lumen-videogame/vendor/laravel/lumen-framework/src/Concerns/RoutesRequests.php(263): Laravel\Lumen\Application->callActionOnArrayBasedRoute(Array)
#13 /var/www/html/S7/S07-E01-lumen-videogame/vendor/laravel/lumen-framework/src/Concerns/RoutesRequests.php(165): Laravel\Lumen\Application->handleFoundRoute(Array)
#14 /var/www/html/S7/S07-E01-lumen-videogame/vendor/laravel/lumen-framework/src/Concerns/RoutesRequests.php(416): Laravel\Lumen\Application->Laravel\Lumen\Concerns\{closure}(Object(Laravel\Lumen\Http\Request))
#15 /var/www/html/S7/S07-E01-lumen-videogame/vendor/laravel/lumen-framework/src/Concerns/RoutesRequests.php(171): Laravel\Lumen\Application->sendThroughPipeline(Array, Object(Closure))
#16 /var/www/html/S7/S07-E01-lumen-videogame/vendor/laravel/lumen-framework/src/Concerns/RoutesRequests.php(108): Laravel\Lumen\Application->dispatch(NULL)
#17 /var/www/html/S7/S07-E01-lumen-videogame/public/index.php(28): Laravel\Lumen\Application->run()
#18 {main} {"exception":"[object] (BadMethodCallException(code: 0): Call to undefined method Illuminate\\Database\\Eloquent\\Builder::exist() at /var/www/html/S7/S07-E01-lumen-videogame/vendor/illuminate/support/Traits/ForwardsCalls.php:50)
[stacktrace]
#0 /var/www/html/S7/S07-E01-lumen-videogame/vendor/illuminate/support/Traits/ForwardsCalls.php(36): Illuminate\\Database\\Eloquent\\Builder::throwBadMethodCallException('exist')
#1 /var/www/html/S7/S07-E01-lumen-videogame/vendor/illuminate/database/Eloquent/Builder.php(1350): Illuminate\\Database\\Eloquent\\Builder->forwardCallTo(Object(Illuminate\\Database\\Query\\Builder), 'exist', Array)
#2 /var/www/html/S7/S07-E01-lumen-videogame/app/Http/Controllers/MainController.php(156): Illuminate\\Database\\Eloquent\\Builder->__call('exist', Array)
#3 [internal function]: App\\Http\\Controllers\\MainController->loginPost(Object(Laravel\\Lumen\\Http\\Request))
#4 /var/www/html/S7/S07-E01-lumen-videogame/vendor/illuminate/container/BoundMethod.php(32): call_user_func_array(Array, Array)
#5 /var/www/html/S7/S07-E01-lumen-videogame/vendor/illuminate/container/BoundMethod.php(90): Illuminate\\Container\\BoundMethod::Illuminate\\Container\\{closure}()
#6 /var/www/html/S7/S07-E01-lumen-videogame/vendor/illuminate/container/BoundMethod.php(34): Illuminate\\Container\\BoundMethod::callBoundMethod(Object(Laravel\\Lumen\\Application), Array, Object(Closure))
#7 /var/www/html/S7/S07-E01-lumen-videogame/vendor/illuminate/container/Container.php(580): Illuminate\\Container\\BoundMethod::call(Object(Laravel\\Lumen\\Application), Array, Array, NULL)
#8 /var/www/html/S7/S07-E01-lumen-videogame/vendor/laravel/lumen-framework/src/Concerns/RoutesRequests.php(376): Illuminate\\Container\\Container->call(Array, Array)
#9 /var/www/html/S7/S07-E01-lumen-videogame/vendor/laravel/lumen-framework/src/Concerns/RoutesRequests.php(342): Laravel\\Lumen\\Application->callControllerCallable(Array, Array)
#10 /var/www/html/S7/S07-E01-lumen-videogame/vendor/laravel/lumen-framework/src/Concerns/RoutesRequests.php(316): Laravel\\Lumen\\Application->callLumenController(Object(App\\Http\\Controllers\\MainController), 'loginPost', Array)
#11 /var/www/html/S7/S07-E01-lumen-videogame/vendor/laravel/lumen-framework/src/Concerns/RoutesRequests.php(278): Laravel\\Lumen\\Application->callControllerAction(Array)
#12 /var/www/html/S7/S07-E01-lumen-videogame/vendor/laravel/lumen-framework/src/Concerns/RoutesRequests.php(263): Laravel\\Lumen\\Application->callActionOnArrayBasedRoute(Array)
#13 /var/www/html/S7/S07-E01-lumen-videogame/vendor/laravel/lumen-framework/src/Concerns/RoutesRequests.php(165): Laravel\\Lumen\\Application->handleFoundRoute(Array)
#14 /var/www/html/S7/S07-E01-lumen-videogame/vendor/laravel/lumen-framework/src/Concerns/RoutesRequests.php(416): Laravel\\Lumen\\Application->Laravel\\Lumen\\Concerns\\{closure}(Object(Laravel\\Lumen\\Http\\Request))
#15 /var/www/html/S7/S07-E01-lumen-videogame/vendor/laravel/lumen-framework/src/Concerns/RoutesRequests.php(171): Laravel\\Lumen\\Application->sendThroughPipeline(Array, Object(Closure))
#16 /var/www/html/S7/S07-E01-lumen-videogame/vendor/laravel/lumen-framework/src/Concerns/RoutesRequests.php(108): Laravel\\Lumen\\Application->dispatch(NULL)
#17 /var/www/html/S7/S07-E01-lumen-videogame/public/index.php(28): Laravel\\Lumen\\Application->run()
#18 {main}
"} 
[2019-04-08 08:41:52] local.ERROR: InvalidArgumentException: Route [login] not defined. in /var/www/html/S7/S07-E01-lumen-videogame/vendor/laravel/lumen-framework/src/Routing/UrlGenerator.php:231
Stack trace:
#0 /var/www/html/S7/S07-E01-lumen-videogame/vendor/laravel/lumen-framework/src/Http/Redirector.php(55): Laravel\Lumen\Routing\UrlGenerator->route('login', Array)
#1 /var/www/html/S7/S07-E01-lumen-videogame/app/Http/Controllers/MainController.php(175): Laravel\Lumen\Http\Redirector->route('login', Array)
#2 [internal function]: App\Http\Controllers\MainController->loginPost(Object(Laravel\Lumen\Http\Request))
#3 /var/www/html/S7/S07-E01-lumen-videogame/vendor/illuminate/container/BoundMethod.php(32): call_user_func_array(Array, Array)
#4 /var/www/html/S7/S07-E01-lumen-videogame/vendor/illuminate/container/BoundMethod.php(90): Illuminate\Container\BoundMethod::Illuminate\Container\{closure}()
#5 /var/www/html/S7/S07-E01-lumen-videogame/vendor/illuminate/container/BoundMethod.php(34): Illuminate\Container\BoundMethod::callBoundMethod(Object(Laravel\Lumen\Application), Array, Object(Closure))
#6 /var/www/html/S7/S07-E01-lumen-videogame/vendor/illuminate/container/Container.php(580): Illuminate\Container\BoundMethod::call(Object(Laravel\Lumen\Application), Array, Array, NULL)
#7 /var/www/html/S7/S07-E01-lumen-videogame/vendor/laravel/lumen-framework/src/Concerns/RoutesRequests.php(376): Illuminate\Container\Container->call(Array, Array)
#8 /var/www/html/S7/S07-E01-lumen-videogame/vendor/laravel/lumen-framework/src/Concerns/RoutesRequests.php(342): Laravel\Lumen\Application->callControllerCallable(Array, Array)
#9 /var/www/html/S7/S07-E01-lumen-videogame/vendor/laravel/lumen-framework/src/Concerns/RoutesRequests.php(316): Laravel\Lumen\Application->callLumenController(Object(App\Http\Controllers\MainController), 'loginPost', Array)
#10 /var/www/html/S7/S07-E01-lumen-videogame/vendor/laravel/lumen-framework/src/Concerns/RoutesRequests.php(278): Laravel\Lumen\Application->callControllerAction(Array)
#11 /var/www/html/S7/S07-E01-lumen-videogame/vendor/laravel/lumen-framework/src/Concerns/RoutesRequests.php(263): Laravel\Lumen\Application->callActionOnArrayBasedRoute(Array)
#12 /var/www/html/S7/S07-E01-lumen-videogame/vendor/laravel/lumen-framework/src/Concerns/RoutesRequests.php(165): Laravel\Lumen\Application->handleFoundRoute(Array)
#13 /var/www/html/S7/S07-E01-lumen-videogame/vendor/laravel/lumen-framework/src/Concerns/RoutesRequests.php(416): Laravel\Lumen\Application->Laravel\Lumen\Concerns\{closure}(Object(Laravel\Lumen\Http\Request))
#14 /var/www/html/S7/S07-E01-lumen-videogame/vendor/laravel/lumen-framework/src/Concerns/RoutesRequests.php(171): Laravel\Lumen\Application->sendThroughPipeline(Array, Object(Closure))
#15 /var/www/html/S7/S07-E01-lumen-videogame/vendor/laravel/lumen-framework/src/Concerns/RoutesRequests.php(108): Laravel\Lumen\Application->dispatch(NULL)
#16 /var/www/html/S7/S07-E01-lumen-videogame/public/index.php(28): Laravel\Lumen\Application->run()
#17 {main} {"exception":"[object] (InvalidArgumentException(code: 0): Route [login] not defined. at /var/www/html/S7/S07-E01-lumen-videogame/vendor/laravel/lumen-framework/src/Routing/UrlGenerator.php:231)
[stacktrace]
#0 /var/www/html/S7/S07-E01-lumen-videogame/vendor/laravel/lumen-framework/src/Http/Redirector.php(55): Laravel\\Lumen\\Routing\\UrlGenerator->route('login', Array)
#1 /var/www/html/S7/S07-E01-lumen-videogame/app/Http/Controllers/MainController.php(175): Laravel\\Lumen\\Http\\Redirector->route('login', Array)
#2 [internal function]: App\\Http\\Controllers\\MainController->loginPost(Object(Laravel\\Lumen\\Http\\Request))
#3 /var/www/html/S7/S07-E01-lumen-videogame/vendor/illuminate/container/BoundMethod.php(32): call_user_func_array(Array, Array)
#4 /var/www/html/S7/S07-E01-lumen-videogame/vendor/illuminate/container/BoundMethod.php(90): Illuminate\\Container\\BoundMethod::Illuminate\\Container\\{closure}()
#5 /var/www/html/S7/S07-E01-lumen-videogame/vendor/illuminate/container/BoundMethod.php(34): Illuminate\\Container\\BoundMethod::callBoundMethod(Object(Laravel\\Lumen\\Application), Array, Object(Closure))
#6 /var/www/html/S7/S07-E01-lumen-videogame/vendor/illuminate/container/Container.php(580): Illuminate\\Container\\BoundMethod::call(Object(Laravel\\Lumen\\Application), Array, Array, NULL)
#7 /var/www/html/S7/S07-E01-lumen-videogame/vendor/laravel/lumen-framework/src/Concerns/RoutesRequests.php(376): Illuminate\\Container\\Container->call(Array, Array)
#8 /var/www/html/S7/S07-E01-lumen-videogame/vendor/laravel/lumen-framework/src/Concerns/RoutesRequests.php(342): Laravel\\Lumen\\Application->callControllerCallable(Array, Array)
#9 /var/www/html/S7/S07-E01-lumen-videogame/vendor/laravel/lumen-framework/src/Concerns/RoutesRequests.php(316): Laravel\\Lumen\\Application->callLumenController(Object(App\\Http\\Controllers\\MainController), 'loginPost', Array)
#10 /var/www/html/S7/S07-E01-lumen-videogame/vendor/laravel/lumen-framework/src/Concerns/RoutesRequests.php(278): Laravel\\Lumen\\Application->callControllerAction(Array)
#11 /var/www/html/S7/S07-E01-lumen-videogame/vendor/laravel/lumen-framework/src/Concerns/RoutesRequests.php(263): Laravel\\Lumen\\Application->callActionOnArrayBasedRoute(Array)
#12 /var/www/html/S7/S07-E01-lumen-videogame/vendor/laravel/lumen-framework/src/Concerns/RoutesRequests.php(165): Laravel\\Lumen\\Application->handleFoundRoute(Array)
#13 /var/www/html/S7/S07-E01-lumen-videogame/vendor/laravel/lumen-framework/src/Concerns/RoutesRequests.php(416): Laravel\\Lumen\\Application->Laravel\\Lumen\\Concerns\\{closure}(Object(Laravel\\Lumen\\Http\\Request))
#14 /var/www/html/S7/S07-E01-lumen-videogame/vendor/laravel/lumen-framework/src/Concerns/RoutesRequests.php(171): Laravel\\Lumen\\Application->sendThroughPipeline(Array, Object(Closure))
#15 /var/www/html/S7/S07-E01-lumen-videogame/vendor/laravel/lumen-framework/src/Concerns/RoutesRequests.php(108): Laravel\\Lumen\\Application->dispatch(NULL)
#16 /var/www/html/S7/S07-E01-lumen-videogame/public/index.php(28): Laravel\\Lumen\\Application->run()
#17 {main}
"} 
[2019-04-08 08:43:17] local.ERROR: InvalidArgumentException: View [login-form] not found. in /var/www/html/S7/S07-E01-lumen-videogame/vendor/illuminate/view/FileViewFinder.php:137
Stack trace:
#0 /var/www/html/S7/S07-E01-lumen-videogame/vendor/illuminate/view/FileViewFinder.php(79): Illuminate\View\FileViewFinder->findInPaths('login-form', Array)
#1 /var/www/html/S7/S07-E01-lumen-videogame/vendor/illuminate/view/Factory.php(130): Illuminate\View\FileViewFinder->find('login-form')
#2 /var/www/html/S7/S07-E01-lumen-videogame/vendor/laravel/lumen-framework/src/helpers.php(435): Illuminate\View\Factory->make('login-form', Array, Array)
#3 /var/www/html/S7/S07-E01-lumen-videogame/app/Http/Controllers/MainController.php(182): view('login-form', Array)
#4 [internal function]: App\Http\Controllers\MainController->loginPost(Object(Laravel\Lumen\Http\Request))
#5 /var/www/html/S7/S07-E01-lumen-videogame/vendor/illuminate/container/BoundMethod.php(32): call_user_func_array(Array, Array)
#6 /var/www/html/S7/S07-E01-lumen-videogame/vendor/illuminate/container/BoundMethod.php(90): Illuminate\Container\BoundMethod::Illuminate\Container\{closure}()
#7 /var/www/html/S7/S07-E01-lumen-videogame/vendor/illuminate/container/BoundMethod.php(34): Illuminate\Container\BoundMethod::callBoundMethod(Object(Laravel\Lumen\Application), Array, Object(Closure))
#8 /var/www/html/S7/S07-E01-lumen-videogame/vendor/illuminate/container/Container.php(580): Illuminate\Container\BoundMethod::call(Object(Laravel\Lumen\Application), Array, Array, NULL)
#9 /var/www/html/S7/S07-E01-lumen-videogame/vendor/laravel/lumen-framework/src/Concerns/RoutesRequests.php(376): Illuminate\Container\Container->call(Array, Array)
#10 /var/www/html/S7/S07-E01-lumen-videogame/vendor/laravel/lumen-framework/src/Concerns/RoutesRequests.php(342): Laravel\Lumen\Application->callControllerCallable(Array, Array)
#11 /var/www/html/S7/S07-E01-lumen-videogame/vendor/laravel/lumen-framework/src/Concerns/RoutesRequests.php(316): Laravel\Lumen\Application->callLumenController(Object(App\Http\Controllers\MainController), 'loginPost', Array)
#12 /var/www/html/S7/S07-E01-lumen-videogame/vendor/laravel/lumen-framework/src/Concerns/RoutesRequests.php(278): Laravel\Lumen\Application->callControllerAction(Array)
#13 /var/www/html/S7/S07-E01-lumen-videogame/vendor/laravel/lumen-framework/src/Concerns/RoutesRequests.php(263): Laravel\Lumen\Application->callActionOnArrayBasedRoute(Array)
#14 /var/www/html/S7/S07-E01-lumen-videogame/vendor/laravel/lumen-framework/src/Concerns/RoutesRequests.php(165): Laravel\Lumen\Application->handleFoundRoute(Array)
#15 /var/www/html/S7/S07-E01-lumen-videogame/vendor/laravel/lumen-framework/src/Concerns/RoutesRequests.php(416): Laravel\Lumen\Application->Laravel\Lumen\Concerns\{closure}(Object(Laravel\Lumen\Http\Request))
#16 /var/www/html/S7/S07-E01-lumen-videogame/vendor/laravel/lumen-framework/src/Concerns/RoutesRequests.php(171): Laravel\Lumen\Application->sendThroughPipeline(Array, Object(Closure))
#17 /var/www/html/S7/S07-E01-lumen-videogame/vendor/laravel/lumen-framework/src/Concerns/RoutesRequests.php(108): Laravel\Lumen\Application->dispatch(NULL)
#18 /var/www/html/S7/S07-E01-lumen-videogame/public/index.php(28): Laravel\Lumen\Application->run()
#19 {main} {"exception":"[object] (InvalidArgumentException(code: 0): View [login-form] not found. at /var/www/html/S7/S07-E01-lumen-videogame/vendor/illuminate/view/FileViewFinder.php:137)
[stacktrace]
#0 /var/www/html/S7/S07-E01-lumen-videogame/vendor/illuminate/view/FileViewFinder.php(79): Illuminate\\View\\FileViewFinder->findInPaths('login-form', Array)
#1 /var/www/html/S7/S07-E01-lumen-videogame/vendor/illuminate/view/Factory.php(130): Illuminate\\View\\FileViewFinder->find('login-form')
#2 /var/www/html/S7/S07-E01-lumen-videogame/vendor/laravel/lumen-framework/src/helpers.php(435): Illuminate\\View\\Factory->make('login-form', Array, Array)
#3 /var/www/html/S7/S07-E01-lumen-videogame/app/Http/Controllers/MainController.php(182): view('login-form', Array)
#4 [internal function]: App\\Http\\Controllers\\MainController->loginPost(Object(Laravel\\Lumen\\Http\\Request))
#5 /var/www/html/S7/S07-E01-lumen-videogame/vendor/illuminate/container/BoundMethod.php(32): call_user_func_array(Array, Array)
#6 /var/www/html/S7/S07-E01-lumen-videogame/vendor/illuminate/container/BoundMethod.php(90): Illuminate\\Container\\BoundMethod::Illuminate\\Container\\{closure}()
#7 /var/www/html/S7/S07-E01-lumen-videogame/vendor/illuminate/container/BoundMethod.php(34): Illuminate\\Container\\BoundMethod::callBoundMethod(Object(Laravel\\Lumen\\Application), Array, Object(Closure))
#8 /var/www/html/S7/S07-E01-lumen-videogame/vendor/illuminate/container/Container.php(580): Illuminate\\Container\\BoundMethod::call(Object(Laravel\\Lumen\\Application), Array, Array, NULL)
#9 /var/www/html/S7/S07-E01-lumen-videogame/vendor/laravel/lumen-framework/src/Concerns/RoutesRequests.php(376): Illuminate\\Container\\Container->call(Array, Array)
#10 /var/www/html/S7/S07-E01-lumen-videogame/vendor/laravel/lumen-framework/src/Concerns/RoutesRequests.php(342): Laravel\\Lumen\\Application->callControllerCallable(Array, Array)
#11 /var/www/html/S7/S07-E01-lumen-videogame/vendor/laravel/lumen-framework/src/Concerns/RoutesRequests.php(316): Laravel\\Lumen\\Application->callLumenController(Object(App\\Http\\Controllers\\MainController), 'loginPost', Array)
#12 /var/www/html/S7/S07-E01-lumen-videogame/vendor/laravel/lumen-framework/src/Concerns/RoutesRequests.php(278): Laravel\\Lumen\\Application->callControllerAction(Array)
#13 /var/www/html/S7/S07-E01-lumen-videogame/vendor/laravel/lumen-framework/src/Concerns/RoutesRequests.php(263): Laravel\\Lumen\\Application->callActionOnArrayBasedRoute(Array)
#14 /var/www/html/S7/S07-E01-lumen-videogame/vendor/laravel/lumen-framework/src/Concerns/RoutesRequests.php(165): Laravel\\Lumen\\Application->handleFoundRoute(Array)
#15 /var/www/html/S7/S07-E01-lumen-videogame/vendor/laravel/lumen-framework/src/Concerns/RoutesRequests.php(416): Laravel\\Lumen\\Application->Laravel\\Lumen\\Concerns\\{closure}(Object(Laravel\\Lumen\\Http\\Request))
#16 /var/www/html/S7/S07-E01-lumen-videogame/vendor/laravel/lumen-framework/src/Concerns/RoutesRequests.php(171): Laravel\\Lumen\\Application->sendThroughPipeline(Array, Object(Closure))
#17 /var/www/html/S7/S07-E01-lumen-videogame/vendor/laravel/lumen-framework/src/Concerns/RoutesRequests.php(108): Laravel\\Lumen\\Application->dispatch(NULL)
#18 /var/www/html/S7/S07-E01-lumen-videogame/public/index.php(28): Laravel\\Lumen\\Application->run()
#19 {main}
"} 
[2019-04-08 09:32:37] local.ERROR: InvalidArgumentException: Route [logout] not defined. in /var/www/html/S7/S07-E01-lumen-videogame/vendor/laravel/lumen-framework/src/Routing/UrlGenerator.php:231
Stack trace:
#0 /var/www/html/S7/S07-E01-lumen-videogame/vendor/laravel/lumen-framework/src/helpers.php(314): Laravel\Lumen\Routing\UrlGenerator->route('logout', Array, NULL)
#1 /var/www/html/S7/S07-E01-lumen-videogame/resources/views/layout/header.php(27): route('logout')
#2 /var/www/html/S7/S07-E01-lumen-videogame/resources/views/admin.php(1): include('/var/www/html/S...')
#3 /var/www/html/S7/S07-E01-lumen-videogame/vendor/illuminate/view/Engines/PhpEngine.php(43): include('/var/www/html/S...')
#4 /var/www/html/S7/S07-E01-lumen-videogame/vendor/illuminate/view/Engines/PhpEngine.php(21): Illuminate\View\Engines\PhpEngine->evaluatePath('/var/www/html/S...', Array)
#5 /var/www/html/S7/S07-E01-lumen-videogame/vendor/illuminate/view/View.php(142): Illuminate\View\Engines\PhpEngine->get('/var/www/html/S...', Array)
#6 /var/www/html/S7/S07-E01-lumen-videogame/vendor/illuminate/view/View.php(125): Illuminate\View\View->getContents()
#7 /var/www/html/S7/S07-E01-lumen-videogame/vendor/illuminate/view/View.php(90): Illuminate\View\View->renderContents()
#8 /var/www/html/S7/S07-E01-lumen-videogame/vendor/illuminate/http/Response.php(42): Illuminate\View\View->render()
#9 /var/www/html/S7/S07-E01-lumen-videogame/vendor/symfony/http-foundation/Response.php(202): Illuminate\Http\Response->setContent(Object(Illuminate\View\View))
#10 /var/www/html/S7/S07-E01-lumen-videogame/vendor/laravel/lumen-framework/src/Concerns/RoutesRequests.php(436): Symfony\Component\HttpFoundation\Response->__construct(Object(Illuminate\View\View))
#11 /var/www/html/S7/S07-E01-lumen-videogame/vendor/laravel/lumen-framework/src/Concerns/RoutesRequests.php(376): Laravel\Lumen\Application->prepareResponse(Object(Illuminate\View\View))
#12 /var/www/html/S7/S07-E01-lumen-videogame/vendor/laravel/lumen-framework/src/Concerns/RoutesRequests.php(342): Laravel\Lumen\Application->callControllerCallable(Array, Array)
#13 /var/www/html/S7/S07-E01-lumen-videogame/vendor/laravel/lumen-framework/src/Concerns/RoutesRequests.php(316): Laravel\Lumen\Application->callLumenController(Object(App\Http\Controllers\MainController), 'admin', Array)
#14 /var/www/html/S7/S07-E01-lumen-videogame/vendor/laravel/lumen-framework/src/Concerns/RoutesRequests.php(278): Laravel\Lumen\Application->callControllerAction(Array)
#15 /var/www/html/S7/S07-E01-lumen-videogame/vendor/laravel/lumen-framework/src/Concerns/RoutesRequests.php(263): Laravel\Lumen\Application->callActionOnArrayBasedRoute(Array)
#16 /var/www/html/S7/S07-E01-lumen-videogame/vendor/laravel/lumen-framework/src/Concerns/RoutesRequests.php(165): Laravel\Lumen\Application->handleFoundRoute(Array)
#17 /var/www/html/S7/S07-E01-lumen-videogame/vendor/laravel/lumen-framework/src/Concerns/RoutesRequests.php(416): Laravel\Lumen\Application->Laravel\Lumen\Concerns\{closure}(Object(Laravel\Lumen\Http\Request))
#18 /var/www/html/S7/S07-E01-lumen-videogame/vendor/laravel/lumen-framework/src/Concerns/RoutesRequests.php(171): Laravel\Lumen\Application->sendThroughPipeline(Array, Object(Closure))
#19 /var/www/html/S7/S07-E01-lumen-videogame/vendor/laravel/lumen-framework/src/Concerns/RoutesRequests.php(108): Laravel\Lumen\Application->dispatch(NULL)
#20 /var/www/html/S7/S07-E01-lumen-videogame/public/index.php(28): Laravel\Lumen\Application->run()
#21 {main} {"exception":"[object] (InvalidArgumentException(code: 0): Route [logout] not defined. at /var/www/html/S7/S07-E01-lumen-videogame/vendor/laravel/lumen-framework/src/Routing/UrlGenerator.php:231)
[stacktrace]
#0 /var/www/html/S7/S07-E01-lumen-videogame/vendor/laravel/lumen-framework/src/helpers.php(314): Laravel\\Lumen\\Routing\\UrlGenerator->route('logout', Array, NULL)
#1 /var/www/html/S7/S07-E01-lumen-videogame/resources/views/layout/header.php(27): route('logout')
#2 /var/www/html/S7/S07-E01-lumen-videogame/resources/views/admin.php(1): include('/var/www/html/S...')
#3 /var/www/html/S7/S07-E01-lumen-videogame/vendor/illuminate/view/Engines/PhpEngine.php(43): include('/var/www/html/S...')
#4 /var/www/html/S7/S07-E01-lumen-videogame/vendor/illuminate/view/Engines/PhpEngine.php(21): Illuminate\\View\\Engines\\PhpEngine->evaluatePath('/var/www/html/S...', Array)
#5 /var/www/html/S7/S07-E01-lumen-videogame/vendor/illuminate/view/View.php(142): Illuminate\\View\\Engines\\PhpEngine->get('/var/www/html/S...', Array)
#6 /var/www/html/S7/S07-E01-lumen-videogame/vendor/illuminate/view/View.php(125): Illuminate\\View\\View->getContents()
#7 /var/www/html/S7/S07-E01-lumen-videogame/vendor/illuminate/view/View.php(90): Illuminate\\View\\View->renderContents()
#8 /var/www/html/S7/S07-E01-lumen-videogame/vendor/illuminate/http/Response.php(42): Illuminate\\View\\View->render()
#9 /var/www/html/S7/S07-E01-lumen-videogame/vendor/symfony/http-foundation/Response.php(202): Illuminate\\Http\\Response->setContent(Object(Illuminate\\View\\View))
#10 /var/www/html/S7/S07-E01-lumen-videogame/vendor/laravel/lumen-framework/src/Concerns/RoutesRequests.php(436): Symfony\\Component\\HttpFoundation\\Response->__construct(Object(Illuminate\\View\\View))
#11 /var/www/html/S7/S07-E01-lumen-videogame/vendor/laravel/lumen-framework/src/Concerns/RoutesRequests.php(376): Laravel\\Lumen\\Application->prepareResponse(Object(Illuminate\\View\\View))
#12 /var/www/html/S7/S07-E01-lumen-videogame/vendor/laravel/lumen-framework/src/Concerns/RoutesRequests.php(342): Laravel\\Lumen\\Application->callControllerCallable(Array, Array)
#13 /var/www/html/S7/S07-E01-lumen-videogame/vendor/laravel/lumen-framework/src/Concerns/RoutesRequests.php(316): Laravel\\Lumen\\Application->callLumenController(Object(App\\Http\\Controllers\\MainController), 'admin', Array)
#14 /var/www/html/S7/S07-E01-lumen-videogame/vendor/laravel/lumen-framework/src/Concerns/RoutesRequests.php(278): Laravel\\Lumen\\Application->callControllerAction(Array)
#15 /var/www/html/S7/S07-E01-lumen-videogame/vendor/laravel/lumen-framework/src/Concerns/RoutesRequests.php(263): Laravel\\Lumen\\Application->callActionOnArrayBasedRoute(Array)
#16 /var/www/html/S7/S07-E01-lumen-videogame/vendor/laravel/lumen-framework/src/Concerns/RoutesRequests.php(165): Laravel\\Lumen\\Application->handleFoundRoute(Array)
#17 /var/www/html/S7/S07-E01-lumen-videogame/vendor/laravel/lumen-framework/src/Concerns/RoutesRequests.php(416): Laravel\\Lumen\\Application->Laravel\\Lumen\\Concerns\\{closure}(Object(Laravel\\Lumen\\Http\\Request))
#18 /var/www/html/S7/S07-E01-lumen-videogame/vendor/laravel/lumen-framework/src/Concerns/RoutesRequests.php(171): Laravel\\Lumen\\Application->sendThroughPipeline(Array, Object(Closure))
#19 /var/www/html/S7/S07-E01-lumen-videogame/vendor/laravel/lumen-framework/src/Concerns/RoutesRequests.php(108): Laravel\\Lumen\\Application->dispatch(NULL)
#20 /var/www/html/S7/S07-E01-lumen-videogame/public/index.php(28): Laravel\\Lumen\\Application->run()
#21 {main}
"} 
